Start testing: Jan 31 10:50 UTC
----------------------------------------------------------
1/164 Testing: t_wrapping_ints_cmp
1/164 Test: t_wrapping_ints_cmp
Command: "/home/ubuntu/sponge/build/tests/wrapping_integers_cmp"
Directory: /home/ubuntu/sponge/build
"t_wrapping_ints_cmp" start time: Jan 31 10:50 UTC
Output:
----------------------------------------------------------
<end of output>
Test time =   0.00 sec
----------------------------------------------------------
Test Passed.
"t_wrapping_ints_cmp" end time: Jan 31 10:50 UTC
"t_wrapping_ints_cmp" time elapsed: 00:00:00
----------------------------------------------------------

2/164 Testing: t_wrapping_ints_unwrap
2/164 Test: t_wrapping_ints_unwrap
Command: "/home/ubuntu/sponge/build/tests/wrapping_integers_unwrap"
Directory: /home/ubuntu/sponge/build
"t_wrapping_ints_unwrap" start time: Jan 31 10:50 UTC
Output:
----------------------------------------------------------
<end of output>
Test time =   0.00 sec
----------------------------------------------------------
Test Passed.
"t_wrapping_ints_unwrap" end time: Jan 31 10:50 UTC
"t_wrapping_ints_unwrap" time elapsed: 00:00:00
----------------------------------------------------------

3/164 Testing: t_wrapping_ints_wrap
3/164 Test: t_wrapping_ints_wrap
Command: "/home/ubuntu/sponge/build/tests/wrapping_integers_wrap"
Directory: /home/ubuntu/sponge/build
"t_wrapping_ints_wrap" start time: Jan 31 10:50 UTC
Output:
----------------------------------------------------------
<end of output>
Test time =   0.00 sec
----------------------------------------------------------
Test Passed.
"t_wrapping_ints_wrap" end time: Jan 31 10:50 UTC
"t_wrapping_ints_wrap" time elapsed: 00:00:00
----------------------------------------------------------

4/164 Testing: t_wrapping_ints_roundtrip
4/164 Test: t_wrapping_ints_roundtrip
Command: "/home/ubuntu/sponge/build/tests/wrapping_integers_roundtrip"
Directory: /home/ubuntu/sponge/build
"t_wrapping_ints_roundtrip" start time: Jan 31 10:50 UTC
Output:
----------------------------------------------------------
<end of output>
Test time =   0.09 sec
----------------------------------------------------------
Test Passed.
"t_wrapping_ints_roundtrip" end time: Jan 31 10:50 UTC
"t_wrapping_ints_roundtrip" time elapsed: 00:00:00
----------------------------------------------------------

5/164 Testing: t_recv_connect
5/164 Test: t_recv_connect
Command: "/home/ubuntu/sponge/build/tests/recv_connect"
Directory: /home/ubuntu/sponge/build
"t_recv_connect" start time: Jan 31 10:50 UTC
Output:
----------------------------------------------------------
<end of output>
Test time =   0.00 sec
----------------------------------------------------------
Test Passed.
"t_recv_connect" end time: Jan 31 10:50 UTC
"t_recv_connect" time elapsed: 00:00:00
----------------------------------------------------------

6/164 Testing: t_recv_transmit
6/164 Test: t_recv_transmit
Command: "/home/ubuntu/sponge/build/tests/recv_transmit"
Directory: /home/ubuntu/sponge/build
"t_recv_transmit" start time: Jan 31 10:50 UTC
Output:
----------------------------------------------------------
<end of output>
Test time =   0.03 sec
----------------------------------------------------------
Test Passed.
"t_recv_transmit" end time: Jan 31 10:50 UTC
"t_recv_transmit" time elapsed: 00:00:00
----------------------------------------------------------

7/164 Testing: t_recv_window
7/164 Test: t_recv_window
Command: "/home/ubuntu/sponge/build/tests/recv_window"
Directory: /home/ubuntu/sponge/build
"t_recv_window" start time: Jan 31 10:50 UTC
Output:
----------------------------------------------------------
<end of output>
Test time =   0.00 sec
----------------------------------------------------------
Test Passed.
"t_recv_window" end time: Jan 31 10:50 UTC
"t_recv_window" time elapsed: 00:00:00
----------------------------------------------------------

8/164 Testing: t_recv_reorder
8/164 Test: t_recv_reorder
Command: "/home/ubuntu/sponge/build/tests/recv_reorder"
Directory: /home/ubuntu/sponge/build
"t_recv_reorder" start time: Jan 31 10:50 UTC
Output:
----------------------------------------------------------
<end of output>
Test time =   0.00 sec
----------------------------------------------------------
Test Passed.
"t_recv_reorder" end time: Jan 31 10:50 UTC
"t_recv_reorder" time elapsed: 00:00:00
----------------------------------------------------------

9/164 Testing: t_recv_close
9/164 Test: t_recv_close
Command: "/home/ubuntu/sponge/build/tests/recv_close"
Directory: /home/ubuntu/sponge/build
"t_recv_close" start time: Jan 31 10:50 UTC
Output:
----------------------------------------------------------
<end of output>
Test time =   0.00 sec
----------------------------------------------------------
Test Passed.
"t_recv_close" end time: Jan 31 10:50 UTC
"t_recv_close" time elapsed: 00:00:00
----------------------------------------------------------

10/164 Testing: t_recv_special
10/164 Test: t_recv_special
Command: "/home/ubuntu/sponge/build/tests/recv_special"
Directory: /home/ubuntu/sponge/build
"t_recv_special" start time: Jan 31 10:50 UTC
Output:
----------------------------------------------------------
<end of output>
Test time =   0.00 sec
----------------------------------------------------------
Test Passed.
"t_recv_special" end time: Jan 31 10:50 UTC
"t_recv_special" time elapsed: 00:00:00
----------------------------------------------------------

11/164 Testing: t_send_connect
11/164 Test: t_send_connect
Command: "/home/ubuntu/sponge/build/tests/send_connect"
Directory: /home/ubuntu/sponge/build
"t_send_connect" start time: Jan 31 10:50 UTC
Output:
----------------------------------------------------------
<end of output>
Test time =   0.00 sec
----------------------------------------------------------
Test Passed.
"t_send_connect" end time: Jan 31 10:50 UTC
"t_send_connect" time elapsed: 00:00:00
----------------------------------------------------------

12/164 Testing: t_send_transmit
12/164 Test: t_send_transmit
Command: "/home/ubuntu/sponge/build/tests/send_transmit"
Directory: /home/ubuntu/sponge/build
"t_send_transmit" start time: Jan 31 10:50 UTC
Output:
----------------------------------------------------------
<end of output>
Test time =   0.03 sec
----------------------------------------------------------
Test Passed.
"t_send_transmit" end time: Jan 31 10:50 UTC
"t_send_transmit" time elapsed: 00:00:00
----------------------------------------------------------

13/164 Testing: t_send_retx
13/164 Test: t_send_retx
Command: "/home/ubuntu/sponge/build/tests/send_retx"
Directory: /home/ubuntu/sponge/build
"t_send_retx" start time: Jan 31 10:50 UTC
Output:
----------------------------------------------------------
<end of output>
Test time =   0.00 sec
----------------------------------------------------------
Test Passed.
"t_send_retx" end time: Jan 31 10:50 UTC
"t_send_retx" time elapsed: 00:00:00
----------------------------------------------------------

14/164 Testing: t_send_window
14/164 Test: t_send_window
Command: "/home/ubuntu/sponge/build/tests/send_window"
Directory: /home/ubuntu/sponge/build
"t_send_window" start time: Jan 31 10:50 UTC
Output:
----------------------------------------------------------
<end of output>
Test time =   0.01 sec
----------------------------------------------------------
Test Passed.
"t_send_window" end time: Jan 31 10:50 UTC
"t_send_window" time elapsed: 00:00:00
----------------------------------------------------------

15/164 Testing: t_send_ack
15/164 Test: t_send_ack
Command: "/home/ubuntu/sponge/build/tests/send_ack"
Directory: /home/ubuntu/sponge/build
"t_send_ack" start time: Jan 31 10:50 UTC
Output:
----------------------------------------------------------
<end of output>
Test time =   0.00 sec
----------------------------------------------------------
Test Passed.
"t_send_ack" end time: Jan 31 10:50 UTC
"t_send_ack" time elapsed: 00:00:00
----------------------------------------------------------

16/164 Testing: t_send_close
16/164 Test: t_send_close
Command: "/home/ubuntu/sponge/build/tests/send_close"
Directory: /home/ubuntu/sponge/build
"t_send_close" start time: Jan 31 10:50 UTC
Output:
----------------------------------------------------------
<end of output>
Test time =   0.00 sec
----------------------------------------------------------
Test Passed.
"t_send_close" end time: Jan 31 10:50 UTC
"t_send_close" time elapsed: 00:00:00
----------------------------------------------------------

17/164 Testing: t_send_extra
17/164 Test: t_send_extra
Command: "/home/ubuntu/sponge/build/tests/send_extra"
Directory: /home/ubuntu/sponge/build
"t_send_extra" start time: Jan 31 10:50 UTC
Output:
----------------------------------------------------------
<end of output>
Test time =   0.00 sec
----------------------------------------------------------
Test Passed.
"t_send_extra" end time: Jan 31 10:50 UTC
"t_send_extra" time elapsed: 00:00:00
----------------------------------------------------------

18/164 Testing: t_strm_reassem_single
18/164 Test: t_strm_reassem_single
Command: "/home/ubuntu/sponge/build/tests/fsm_stream_reassembler_single"
Directory: /home/ubuntu/sponge/build
"t_strm_reassem_single" start time: Jan 31 10:50 UTC
Output:
----------------------------------------------------------
<end of output>
Test time =   0.00 sec
----------------------------------------------------------
Test Passed.
"t_strm_reassem_single" end time: Jan 31 10:50 UTC
"t_strm_reassem_single" time elapsed: 00:00:00
----------------------------------------------------------

19/164 Testing: t_strm_reassem_seq
19/164 Test: t_strm_reassem_seq
Command: "/home/ubuntu/sponge/build/tests/fsm_stream_reassembler_seq"
Directory: /home/ubuntu/sponge/build
"t_strm_reassem_seq" start time: Jan 31 10:50 UTC
Output:
----------------------------------------------------------
<end of output>
Test time =   0.00 sec
----------------------------------------------------------
Test Passed.
"t_strm_reassem_seq" end time: Jan 31 10:50 UTC
"t_strm_reassem_seq" time elapsed: 00:00:00
----------------------------------------------------------

20/164 Testing: t_strm_reassem_dup
20/164 Test: t_strm_reassem_dup
Command: "/home/ubuntu/sponge/build/tests/fsm_stream_reassembler_dup"
Directory: /home/ubuntu/sponge/build
"t_strm_reassem_dup" start time: Jan 31 10:50 UTC
Output:
----------------------------------------------------------
<end of output>
Test time =   0.00 sec
----------------------------------------------------------
Test Passed.
"t_strm_reassem_dup" end time: Jan 31 10:50 UTC
"t_strm_reassem_dup" time elapsed: 00:00:00
----------------------------------------------------------

21/164 Testing: t_strm_reassem_holes
21/164 Test: t_strm_reassem_holes
Command: "/home/ubuntu/sponge/build/tests/fsm_stream_reassembler_holes"
Directory: /home/ubuntu/sponge/build
"t_strm_reassem_holes" start time: Jan 31 10:50 UTC
Output:
----------------------------------------------------------
<end of output>
Test time =   0.00 sec
----------------------------------------------------------
Test Passed.
"t_strm_reassem_holes" end time: Jan 31 10:50 UTC
"t_strm_reassem_holes" time elapsed: 00:00:00
----------------------------------------------------------

22/164 Testing: t_strm_reassem_many
22/164 Test: t_strm_reassem_many
Command: "/home/ubuntu/sponge/build/tests/fsm_stream_reassembler_many"
Directory: /home/ubuntu/sponge/build
"t_strm_reassem_many" start time: Jan 31 10:50 UTC
Output:
----------------------------------------------------------
<end of output>
Test time =   0.10 sec
----------------------------------------------------------
Test Passed.
"t_strm_reassem_many" end time: Jan 31 10:50 UTC
"t_strm_reassem_many" time elapsed: 00:00:00
----------------------------------------------------------

23/164 Testing: t_strm_reassem_overlapping
23/164 Test: t_strm_reassem_overlapping
Command: "/home/ubuntu/sponge/build/tests/fsm_stream_reassembler_overlapping"
Directory: /home/ubuntu/sponge/build
"t_strm_reassem_overlapping" start time: Jan 31 10:50 UTC
Output:
----------------------------------------------------------
<end of output>
Test time =   0.00 sec
----------------------------------------------------------
Test Passed.
"t_strm_reassem_overlapping" end time: Jan 31 10:50 UTC
"t_strm_reassem_overlapping" time elapsed: 00:00:00
----------------------------------------------------------

24/164 Testing: t_strm_reassem_win
24/164 Test: t_strm_reassem_win
Command: "/home/ubuntu/sponge/build/tests/fsm_stream_reassembler_win"
Directory: /home/ubuntu/sponge/build
"t_strm_reassem_win" start time: Jan 31 10:50 UTC
Output:
----------------------------------------------------------
<end of output>
Test time =   0.11 sec
----------------------------------------------------------
Test Passed.
"t_strm_reassem_win" end time: Jan 31 10:50 UTC
"t_strm_reassem_win" time elapsed: 00:00:00
----------------------------------------------------------

25/164 Testing: t_strm_reassem_cap
25/164 Test: t_strm_reassem_cap
Command: "/home/ubuntu/sponge/build/tests/fsm_stream_reassembler_cap"
Directory: /home/ubuntu/sponge/build
"t_strm_reassem_cap" start time: Jan 31 10:50 UTC
Output:
----------------------------------------------------------
<end of output>
Test time =   0.06 sec
----------------------------------------------------------
Test Passed.
"t_strm_reassem_cap" end time: Jan 31 10:50 UTC
"t_strm_reassem_cap" time elapsed: 00:00:00
----------------------------------------------------------

26/164 Testing: t_byte_stream_construction
26/164 Test: t_byte_stream_construction
Command: "/home/ubuntu/sponge/build/tests/byte_stream_construction"
Directory: /home/ubuntu/sponge/build
"t_byte_stream_construction" start time: Jan 31 10:50 UTC
Output:
----------------------------------------------------------
<end of output>
Test time =   0.00 sec
----------------------------------------------------------
Test Passed.
"t_byte_stream_construction" end time: Jan 31 10:50 UTC
"t_byte_stream_construction" time elapsed: 00:00:00
----------------------------------------------------------

27/164 Testing: t_byte_stream_one_write
27/164 Test: t_byte_stream_one_write
Command: "/home/ubuntu/sponge/build/tests/byte_stream_one_write"
Directory: /home/ubuntu/sponge/build
"t_byte_stream_one_write" start time: Jan 31 10:50 UTC
Output:
----------------------------------------------------------
<end of output>
Test time =   0.00 sec
----------------------------------------------------------
Test Passed.
"t_byte_stream_one_write" end time: Jan 31 10:50 UTC
"t_byte_stream_one_write" time elapsed: 00:00:00
----------------------------------------------------------

28/164 Testing: t_byte_stream_two_writes
28/164 Test: t_byte_stream_two_writes
Command: "/home/ubuntu/sponge/build/tests/byte_stream_two_writes"
Directory: /home/ubuntu/sponge/build
"t_byte_stream_two_writes" start time: Jan 31 10:50 UTC
Output:
----------------------------------------------------------
<end of output>
Test time =   0.00 sec
----------------------------------------------------------
Test Passed.
"t_byte_stream_two_writes" end time: Jan 31 10:50 UTC
"t_byte_stream_two_writes" time elapsed: 00:00:00
----------------------------------------------------------

29/164 Testing: t_byte_stream_capacity
29/164 Test: t_byte_stream_capacity
Command: "/home/ubuntu/sponge/build/tests/byte_stream_capacity"
Directory: /home/ubuntu/sponge/build
"t_byte_stream_capacity" start time: Jan 31 10:50 UTC
Output:
----------------------------------------------------------
<end of output>
Test time =   0.39 sec
----------------------------------------------------------
Test Passed.
"t_byte_stream_capacity" end time: Jan 31 10:50 UTC
"t_byte_stream_capacity" time elapsed: 00:00:00
----------------------------------------------------------

30/164 Testing: t_byte_stream_many_writes
30/164 Test: t_byte_stream_many_writes
Command: "/home/ubuntu/sponge/build/tests/byte_stream_many_writes"
Directory: /home/ubuntu/sponge/build
"t_byte_stream_many_writes" start time: Jan 31 10:50 UTC
Output:
----------------------------------------------------------
<end of output>
Test time =   0.01 sec
----------------------------------------------------------
Test Passed.
"t_byte_stream_many_writes" end time: Jan 31 10:50 UTC
"t_byte_stream_many_writes" time elapsed: 00:00:00
----------------------------------------------------------

31/164 Testing: t_webget
31/164 Test: t_webget
Command: "/home/ubuntu/sponge/tests/webget_t.sh"
Directory: /home/ubuntu/sponge/build
"t_webget" start time: Jan 31 10:50 UTC
Output:
----------------------------------------------------------
Function called: get_URL(cs144.keithw.org, /nph-hasher/xyzzy).
Warning: get_URL() has not been implemented yet.
HTTP/1.1 200 OK
Content-type: text/plain

7SmXqWkrLKzVBCEalbSPqBcvs11Pw263K7x4Wv3JckI
<end of output>
Test time =   0.95 sec
----------------------------------------------------------
Test Passed.
"t_webget" end time: Jan 31 10:50 UTC
"t_webget" time elapsed: 00:00:00
----------------------------------------------------------

34/164 Testing: t_tcp_parser
34/164 Test: t_tcp_parser
Command: "/home/ubuntu/sponge/build/tests/tcp_parser" "/home/ubuntu/sponge/tests/ipv4_parser.data"
Directory: /home/ubuntu/sponge/build
"t_tcp_parser" start time: Jan 31 10:50 UTC
Output:
----------------------------------------------------------
<end of output>
Test time =   0.02 sec
----------------------------------------------------------
Test Passed.
"t_tcp_parser" end time: Jan 31 10:50 UTC
"t_tcp_parser" time elapsed: 00:00:00
----------------------------------------------------------

35/164 Testing: t_ipv4_parser
35/164 Test: t_ipv4_parser
Command: "/home/ubuntu/sponge/build/tests/ipv4_parser" "/home/ubuntu/sponge/tests/ipv4_parser.data"
Directory: /home/ubuntu/sponge/build
"t_ipv4_parser" start time: Jan 31 10:50 UTC
Output:
----------------------------------------------------------
<end of output>
Test time =   0.01 sec
----------------------------------------------------------
Test Passed.
"t_ipv4_parser" end time: Jan 31 10:50 UTC
"t_ipv4_parser" time elapsed: 00:00:00
----------------------------------------------------------

36/164 Testing: t_active_close
36/164 Test: t_active_close
Command: "/home/ubuntu/sponge/build/tests/fsm_active_close"
Directory: /home/ubuntu/sponge/build
"t_active_close" start time: Jan 31 10:50 UTC
Output:
----------------------------------------------------------
<end of output>
Test time =   0.01 sec
----------------------------------------------------------
Test Passed.
"t_active_close" end time: Jan 31 10:50 UTC
"t_active_close" time elapsed: 00:00:00
----------------------------------------------------------

37/164 Testing: t_passive_close
37/164 Test: t_passive_close
Command: "/home/ubuntu/sponge/build/tests/fsm_passive_close"
Directory: /home/ubuntu/sponge/build
"t_passive_close" start time: Jan 31 10:50 UTC
Output:
----------------------------------------------------------
<end of output>
Test time =   0.01 sec
----------------------------------------------------------
Test Passed.
"t_passive_close" end time: Jan 31 10:50 UTC
"t_passive_close" time elapsed: 00:00:00
----------------------------------------------------------

38/164 Testing: t_ack_rst
38/164 Test: t_ack_rst
Command: "/home/ubuntu/sponge/build/tests/fsm_ack_rst_relaxed"
Directory: /home/ubuntu/sponge/build
"t_ack_rst" start time: Jan 31 10:50 UTC
Output:
----------------------------------------------------------
Test 1
Test 2
Test 3
Warning: Unclean shutdown of TCPConnection
Warning: Unclean shutdown of TCPConnection
Warning: Unclean shutdown of TCPConnection
Warning: Unclean shutdown of TCPConnection
Warning: Unclean shutdown of TCPConnection
Warning: Unclean shutdown of TCPConnection
Warning: Unclean shutdown of TCPConnection
Warning: Unclean shutdown of TCPConnection
Warning: Unclean shutdown of TCPConnection
Test 4
Test 5
Warning: Unclean shutdown of TCPConnection
Warning: Unclean shutdown of TCPConnection
<end of output>
Test time =   0.00 sec
----------------------------------------------------------
Test Passed.
"t_ack_rst" end time: Jan 31 10:50 UTC
"t_ack_rst" time elapsed: 00:00:00
----------------------------------------------------------

39/164 Testing: t_ack_rst_win
39/164 Test: t_ack_rst_win
Command: "/home/ubuntu/sponge/build/tests/fsm_ack_rst_win_relaxed"
Directory: /home/ubuntu/sponge/build
"t_ack_rst_win" start time: Jan 31 10:50 UTC
Output:
----------------------------------------------------------
<end of output>
Test time =   0.00 sec
----------------------------------------------------------
Test Passed.
"t_ack_rst_win" end time: Jan 31 10:50 UTC
"t_ack_rst_win" time elapsed: 00:00:00
----------------------------------------------------------

40/164 Testing: t_connect
40/164 Test: t_connect
Command: "/home/ubuntu/sponge/build/tests/fsm_connect_relaxed"
Directory: /home/ubuntu/sponge/build
"t_connect" start time: Jan 31 10:50 UTC
Output:
----------------------------------------------------------
Warning: Unclean shutdown of TCPConnection
Warning: Unclean shutdown of TCPConnection
Warning: Unclean shutdown of TCPConnection
<end of output>
Test time =   0.00 sec
----------------------------------------------------------
Test Passed.
"t_connect" end time: Jan 31 10:50 UTC
"t_connect" time elapsed: 00:00:00
----------------------------------------------------------

41/164 Testing: t_listen
41/164 Test: t_listen
Command: "/home/ubuntu/sponge/build/tests/fsm_listen_relaxed"
Directory: /home/ubuntu/sponge/build
"t_listen" start time: Jan 31 10:50 UTC
Output:
----------------------------------------------------------
Warning: Unclean shutdown of TCPConnection
<end of output>
Test time =   0.00 sec
----------------------------------------------------------
Test Passed.
"t_listen" end time: Jan 31 10:50 UTC
"t_listen" time elapsed: 00:00:00
----------------------------------------------------------

42/164 Testing: t_winsize
42/164 Test: t_winsize
Command: "/home/ubuntu/sponge/build/tests/fsm_winsize"
Directory: /home/ubuntu/sponge/build
"t_winsize" start time: Jan 31 10:50 UTC
Output:
----------------------------------------------------------
Warning: Unclean shutdown of TCPConnection
Warning: Unclean shutdown of TCPConnection
Warning: Unclean shutdown of TCPConnection
Warning: Unclean shutdown of TCPConnection
Warning: Unclean shutdown of TCPConnection
Warning: Unclean shutdown of TCPConnection
Warning: Unclean shutdown of TCPConnection
Warning: Unclean shutdown of TCPConnection
Warning: Unclean shutdown of TCPConnection
Warning: Unclean shutdown of TCPConnection
Warning: Unclean shutdown of TCPConnection
Warning: Unclean shutdown of TCPConnection
Warning: Unclean shutdown of TCPConnection
Warning: Unclean shutdown of TCPConnection
Warning: Unclean shutdown of TCPConnection
Warning: Unclean shutdown of TCPConnection
Warning: Unclean shutdown of TCPConnection
Warning: Unclean shutdown of TCPConnection
Warning: Unclean shutdown of TCPConnection
Warning: Unclean shutdown of TCPConnection
Warning: Unclean shutdown of TCPConnection
Warning: Unclean shutdown of TCPConnection
Warning: Unclean shutdown of TCPConnection
Warning: Unclean shutdown of TCPConnection
Warning: Unclean shutdown of TCPConnection
Warning: Unclean shutdown of TCPConnection
Warning: Unclean shutdown of TCPConnection
Warning: Unclean shutdown of TCPConnection
Warning: Unclean shutdown of TCPConnection
Warning: Unclean shutdown of TCPConnection
Warning: Unclean shutdown of TCPConnection
Warning: Unclean shutdown of TCPConnection
<end of output>
Test time =   0.03 sec
----------------------------------------------------------
Test Passed.
"t_winsize" end time: Jan 31 10:50 UTC
"t_winsize" time elapsed: 00:00:00
----------------------------------------------------------

43/164 Testing: t_retx
43/164 Test: t_retx
Command: "/home/ubuntu/sponge/build/tests/fsm_retx_relaxed"
Directory: /home/ubuntu/sponge/build
"t_retx" start time: Jan 31 10:50 UTC
Output:
----------------------------------------------------------
  check_segment
  check_segment
  check_segment
  check_segment
  check_segment
  check_segment
  check_segment
  check_segment
  check_segment
<end of output>
Test time =   0.00 sec
----------------------------------------------------------
Test Passed.
"t_retx" end time: Jan 31 10:50 UTC
"t_retx" time elapsed: 00:00:00
----------------------------------------------------------

44/164 Testing: t_retx_win
44/164 Test: t_retx_win
Command: "/home/ubuntu/sponge/build/tests/fsm_retx_win"
Directory: /home/ubuntu/sponge/build
"t_retx_win" start time: Jan 31 10:50 UTC
Output:
----------------------------------------------------------
  check_segment
  check_segment
  check_segment
  check_segment
Warning: Unclean shutdown of TCPConnection
  check_segment
  check_segment
  check_segment
  check_segment
Warning: Unclean shutdown of TCPConnection
  check_segment
  check_segment
  check_segment
  check_segment
Warning: Unclean shutdown of TCPConnection
  check_segment
  check_segment
  check_segment
  check_segment
Warning: Unclean shutdown of TCPConnection
  check_segment
  check_segment
  check_segment
  check_segment
  check_segment
Warning: Unclean shutdown of TCPConnection
  check_segment
  check_segment
  check_segment
  check_segment
  check_segment
  check_segment
Warning: Unclean shutdown of TCPConnection
  check_segment
  check_segment
  check_segment
  check_segment
  check_segment
  check_segment
  check_segment
Warning: Unclean shutdown of TCPConnection
  check_segment
  check_segment
  check_segment
  check_segment
  check_segment
  check_segment
  check_segment
  check_segment
Warning: Unclean shutdown of TCPConnection
  check_segment
  check_segment
  check_segment
  check_segment
  check_segment
  check_segment
  check_segment
  check_segment
  check_segment
Warning: Unclean shutdown of TCPConnection
  check_segment
  check_segment
  check_segment
  check_segment
  check_segment
  check_segment
  check_segment
  check_segment
  check_segment
  check_segment
Warning: Unclean shutdown of TCPConnection
<end of output>
Test time =   0.00 sec
----------------------------------------------------------
Test Passed.
"t_retx_win" end time: Jan 31 10:50 UTC
"t_retx_win" time elapsed: 00:00:00
----------------------------------------------------------

45/164 Testing: t_loopback
45/164 Test: t_loopback
Command: "/home/ubuntu/sponge/build/tests/fsm_loopback"
Directory: /home/ubuntu/sponge/build
"t_loopback" start time: Jan 31 10:50 UTC
Output:
----------------------------------------------------------
Warning: Unclean shutdown of TCPConnection
Warning: Unclean shutdown of TCPConnection
Warning: Unclean shutdown of TCPConnection
Warning: Unclean shutdown of TCPConnection
Warning: Unclean shutdown of TCPConnection
Warning: Unclean shutdown of TCPConnection
Warning: Unclean shutdown of TCPConnection
Warning: Unclean shutdown of TCPConnection
Warning: Unclean shutdown of TCPConnection
Warning: Unclean shutdown of TCPConnection
Warning: Unclean shutdown of TCPConnection
Warning: Unclean shutdown of TCPConnection
Warning: Unclean shutdown of TCPConnection
Warning: Unclean shutdown of TCPConnection
Warning: Unclean shutdown of TCPConnection
Warning: Unclean shutdown of TCPConnection
Warning: Unclean shutdown of TCPConnection
Warning: Unclean shutdown of TCPConnection
Warning: Unclean shutdown of TCPConnection
Warning: Unclean shutdown of TCPConnection
Warning: Unclean shutdown of TCPConnection
Warning: Unclean shutdown of TCPConnection
Warning: Unclean shutdown of TCPConnection
Warning: Unclean shutdown of TCPConnection
Warning: Unclean shutdown of TCPConnection
Warning: Unclean shutdown of TCPConnection
Warning: Unclean shutdown of TCPConnection
Warning: Unclean shutdown of TCPConnection
Warning: Unclean shutdown of TCPConnection
Warning: Unclean shutdown of TCPConnection
Warning: Unclean shutdown of TCPConnection
Warning: Unclean shutdown of TCPConnection
Warning: Unclean shutdown of TCPConnection
Warning: Unclean shutdown of TCPConnection
Warning: Unclean shutdown of TCPConnection
Warning: Unclean shutdown of TCPConnection
Warning: Unclean shutdown of TCPConnection
Warning: Unclean shutdown of TCPConnection
Warning: Unclean shutdown of TCPConnection
Warning: Unclean shutdown of TCPConnection
Warning: Unclean shutdown of TCPConnection
Warning: Unclean shutdown of TCPConnection
Warning: Unclean shutdown of TCPConnection
Warning: Unclean shutdown of TCPConnection
Warning: Unclean shutdown of TCPConnection
Warning: Unclean shutdown of TCPConnection
Warning: Unclean shutdown of TCPConnection
Warning: Unclean shutdown of TCPConnection
Warning: Unclean shutdown of TCPConnection
Warning: Unclean shutdown of TCPConnection
Warning: Unclean shutdown of TCPConnection
Warning: Unclean shutdown of TCPConnection
Warning: Unclean shutdown of TCPConnection
Warning: Unclean shutdown of TCPConnection
Warning: Unclean shutdown of TCPConnection
Warning: Unclean shutdown of TCPConnection
Warning: Unclean shutdown of TCPConnection
Warning: Unclean shutdown of TCPConnection
Warning: Unclean shutdown of TCPConnection
Warning: Unclean shutdown of TCPConnection
Warning: Unclean shutdown of TCPConnection
Warning: Unclean shutdown of TCPConnection
Warning: Unclean shutdown of TCPConnection
Warning: Unclean shutdown of TCPConnection
<end of output>
Test time =   0.22 sec
----------------------------------------------------------
Test Passed.
"t_loopback" end time: Jan 31 10:50 UTC
"t_loopback" time elapsed: 00:00:00
----------------------------------------------------------

46/164 Testing: t_loopback_win
46/164 Test: t_loopback_win
Command: "/home/ubuntu/sponge/build/tests/fsm_loopback_win"
Directory: /home/ubuntu/sponge/build
"t_loopback_win" start time: Jan 31 10:50 UTC
Output:
----------------------------------------------------------
Warning: Unclean shutdown of TCPConnection
Warning: Unclean shutdown of TCPConnection
Warning: Unclean shutdown of TCPConnection
Warning: Unclean shutdown of TCPConnection
Warning: Unclean shutdown of TCPConnection
Warning: Unclean shutdown of TCPConnection
Warning: Unclean shutdown of TCPConnection
Warning: Unclean shutdown of TCPConnection
Warning: Unclean shutdown of TCPConnection
Warning: Unclean shutdown of TCPConnection
Warning: Unclean shutdown of TCPConnection
Warning: Unclean shutdown of TCPConnection
Warning: Unclean shutdown of TCPConnection
Warning: Unclean shutdown of TCPConnection
Warning: Unclean shutdown of TCPConnection
Warning: Unclean shutdown of TCPConnection
Warning: Unclean shutdown of TCPConnection
Warning: Unclean shutdown of TCPConnection
Warning: Unclean shutdown of TCPConnection
Warning: Unclean shutdown of TCPConnection
Warning: Unclean shutdown of TCPConnection
Warning: Unclean shutdown of TCPConnection
Warning: Unclean shutdown of TCPConnection
Warning: Unclean shutdown of TCPConnection
Warning: Unclean shutdown of TCPConnection
Warning: Unclean shutdown of TCPConnection
Warning: Unclean shutdown of TCPConnection
Warning: Unclean shutdown of TCPConnection
Warning: Unclean shutdown of TCPConnection
Warning: Unclean shutdown of TCPConnection
Warning: Unclean shutdown of TCPConnection
Warning: Unclean shutdown of TCPConnection
<end of output>
Test time =   0.12 sec
----------------------------------------------------------
Test Passed.
"t_loopback_win" end time: Jan 31 10:50 UTC
"t_loopback_win" time elapsed: 00:00:00
----------------------------------------------------------

47/164 Testing: t_reorder
47/164 Test: t_reorder
Command: "/home/ubuntu/sponge/build/tests/fsm_reorder"
Directory: /home/ubuntu/sponge/build
"t_reorder" start time: Jan 31 10:50 UTC
Output:
----------------------------------------------------------
Warning: Unclean shutdown of TCPConnection
Warning: Unclean shutdown of TCPConnection
Warning: Unclean shutdown of TCPConnection
Warning: Unclean shutdown of TCPConnection
Warning: Unclean shutdown of TCPConnection
Warning: Unclean shutdown of TCPConnection
Warning: Unclean shutdown of TCPConnection
Warning: Unclean shutdown of TCPConnection
Warning: Unclean shutdown of TCPConnection
Warning: Unclean shutdown of TCPConnection
Warning: Unclean shutdown of TCPConnection
Warning: Unclean shutdown of TCPConnection
Warning: Unclean shutdown of TCPConnection
Warning: Unclean shutdown of TCPConnection
Warning: Unclean shutdown of TCPConnection
Warning: Unclean shutdown of TCPConnection
Warning: Unclean shutdown of TCPConnection
Warning: Unclean shutdown of TCPConnection
Warning: Unclean shutdown of TCPConnection
Warning: Unclean shutdown of TCPConnection
Warning: Unclean shutdown of TCPConnection
Warning: Unclean shutdown of TCPConnection
Warning: Unclean shutdown of TCPConnection
Warning: Unclean shutdown of TCPConnection
Warning: Unclean shutdown of TCPConnection
Warning: Unclean shutdown of TCPConnection
Warning: Unclean shutdown of TCPConnection
Warning: Unclean shutdown of TCPConnection
Warning: Unclean shutdown of TCPConnection
Warning: Unclean shutdown of TCPConnection
Warning: Unclean shutdown of TCPConnection
Warning: Unclean shutdown of TCPConnection
Warning: Unclean shutdown of TCPConnection
Warning: Unclean shutdown of TCPConnection
Warning: Unclean shutdown of TCPConnection
Warning: Unclean shutdown of TCPConnection
Warning: Unclean shutdown of TCPConnection
Warning: Unclean shutdown of TCPConnection
Warning: Unclean shutdown of TCPConnection
Warning: Unclean shutdown of TCPConnection
Warning: Unclean shutdown of TCPConnection
Warning: Unclean shutdown of TCPConnection
Warning: Unclean shutdown of TCPConnection
Warning: Unclean shutdown of TCPConnection
Warning: Unclean shutdown of TCPConnection
Warning: Unclean shutdown of TCPConnection
Warning: Unclean shutdown of TCPConnection
Warning: Unclean shutdown of TCPConnection
Warning: Unclean shutdown of TCPConnection
Warning: Unclean shutdown of TCPConnection
Warning: Unclean shutdown of TCPConnection
Warning: Unclean shutdown of TCPConnection
Warning: Unclean shutdown of TCPConnection
Warning: Unclean shutdown of TCPConnection
Warning: Unclean shutdown of TCPConnection
Warning: Unclean shutdown of TCPConnection
Warning: Unclean shutdown of TCPConnection
Warning: Unclean shutdown of TCPConnection
Warning: Unclean shutdown of TCPConnection
Warning: Unclean shutdown of TCPConnection
Warning: Unclean shutdown of TCPConnection
Warning: Unclean shutdown of TCPConnection
Warning: Unclean shutdown of TCPConnection
Warning: Unclean shutdown of TCPConnection
<end of output>
Test time =   0.18 sec
----------------------------------------------------------
Test Passed.
"t_reorder" end time: Jan 31 10:50 UTC
"t_reorder" time elapsed: 00:00:00
----------------------------------------------------------

48/164 Testing: t_address_dt
48/164 Test: t_address_dt
Command: "/home/ubuntu/sponge/build/doctests/address_dt"
Directory: /home/ubuntu/sponge/build
"t_address_dt" start time: Jan 31 10:50 UTC
Output:
----------------------------------------------------------
<end of output>
Test time =   0.00 sec
----------------------------------------------------------
Test Passed.
"t_address_dt" end time: Jan 31 10:50 UTC
"t_address_dt" time elapsed: 00:00:00
----------------------------------------------------------

49/164 Testing: t_parser_dt
49/164 Test: t_parser_dt
Command: "/home/ubuntu/sponge/build/doctests/parser_dt"
Directory: /home/ubuntu/sponge/build
"t_parser_dt" start time: Jan 31 10:50 UTC
Output:
----------------------------------------------------------
<end of output>
Test time =   0.00 sec
----------------------------------------------------------
Test Passed.
"t_parser_dt" end time: Jan 31 10:50 UTC
"t_parser_dt" time elapsed: 00:00:00
----------------------------------------------------------

50/164 Testing: t_socket_dt
50/164 Test: t_socket_dt
Command: "/home/ubuntu/sponge/build/doctests/socket_dt"
Directory: /home/ubuntu/sponge/build
"t_socket_dt" start time: Jan 31 10:50 UTC
Output:
----------------------------------------------------------
<end of output>
Test time =   0.01 sec
----------------------------------------------------------
Test Passed.
"t_socket_dt" end time: Jan 31 10:50 UTC
"t_socket_dt" time elapsed: 00:00:00
----------------------------------------------------------

51/164 Testing: t_udp_client_send
51/164 Test: t_udp_client_send
Command: "/home/ubuntu/sponge/txrx.sh" "-ucS"
Directory: /home/ubuntu/sponge/build
"t_udp_client_send" start time: Jan 31 10:50 UTC
Output:
----------------------------------------------------------
DEBUG: Listening for incoming connection...
DEBUG: Connecting to 169.254.144.1:2528...
Successfully connected to 169.254.144.1:2528.
New connection from 169.254.144.1:57037.
DEBUG: Outbound stream to 169.254.144.1:57037 finished (1 byte still in flight).
DEBUG: Inbound stream from 169.254.144.1:2528 finished cleanly.
DEBUG: Outbound stream to 169.254.144.1:57037 has been fully acknowledged.
DEBUG: Waiting for clean shutdown... DEBUG: Outbound stream to 169.254.144.1:2528 finished (1 byte still in flight).
DEBUG: Inbound stream from 169.254.144.1:57037 finished cleanly.
DEBUG: Waiting for lingering segments (e.g. retransmissions of FIN) from peer...
DEBUG: Outbound stream to 169.254.144.1:2528 has been fully acknowledged.
DEBUG: TCP connection finished cleanly.
done.
DEBUG: Waiting for clean shutdown... DEBUG: TCP connection finished cleanly.
done.
<end of output>
Test time =   0.26 sec
----------------------------------------------------------
Test Passed.
"t_udp_client_send" end time: Jan 31 10:50 UTC
"t_udp_client_send" time elapsed: 00:00:00
----------------------------------------------------------

52/164 Testing: t_udp_server_send
52/164 Test: t_udp_server_send
Command: "/home/ubuntu/sponge/txrx.sh" "-usS"
Directory: /home/ubuntu/sponge/build
"t_udp_server_send" start time: Jan 31 10:50 UTC
Output:
----------------------------------------------------------
DEBUG: Listening for incoming connection...
DEBUG: Connecting to 169.254.144.1:19491...
Successfully connected to 169.254.144.1:19491.
New connection from 169.254.144.1:36499.
DEBUG: Outbound stream to 169.254.144.1:19491 finished (1 byte still in flight).
DEBUG: Inbound stream from 169.254.144.1:36499 finished cleanly.
DEBUG: Outbound stream to 169.254.144.1:19491 has been fully acknowledged.
DEBUG: Outbound stream to 169.254.144.1:36499 finished (1 byte still in flight).
DEBUG: Inbound stream from 169.254.144.1:19491 finished cleanly.
DEBUG: Waiting for lingering segments (e.g. retransmissions of FIN) from peer...
DEBUG: Waiting for clean shutdown... DEBUG: Outbound stream to 169.254.144.1:36499 has been fully acknowledged.
DEBUG: TCP connection finished cleanly.
done.
DEBUG: Waiting for clean shutdown... DEBUG: TCP connection finished cleanly.
done.
<end of output>
Test time =   0.25 sec
----------------------------------------------------------
Test Passed.
"t_udp_server_send" end time: Jan 31 10:50 UTC
"t_udp_server_send" time elapsed: 00:00:00
----------------------------------------------------------

53/164 Testing: t_udp_client_recv
53/164 Test: t_udp_client_recv
Command: "/home/ubuntu/sponge/txrx.sh" "-ucR"
Directory: /home/ubuntu/sponge/build
"t_udp_client_recv" start time: Jan 31 10:50 UTC
Output:
----------------------------------------------------------
DEBUG: Listening for incoming connection...
DEBUG: Connecting to 169.254.144.1:4868...
Successfully connected to 169.254.144.1:4868.
New connection from 169.254.144.1:46707.
DEBUG: Outbound stream to 169.254.144.1:46707 finished (33 bytes still in flight).
DEBUG: Inbound stream from 169.254.144.1:4868 finished cleanly.
DEBUG: Outbound stream to 169.254.144.1:46707 has been fully acknowledged.
DEBUG: Outbound stream to 169.254.144.1:4868 finished (1 byte still in flight).
DEBUG: Inbound stream from 169.254.144.1:46707 finished cleanly.
DEBUG: Waiting for lingering segments (e.g. retransmissions of FIN) from peer...
DEBUG: Waiting for clean shutdown... DEBUG: Waiting for clean shutdown... DEBUG: Outbound stream to 169.254.144.1:4868 has been fully acknowledged.
DEBUG: TCP connection finished cleanly.
done.
DEBUG: TCP connection finished cleanly.
done.
<end of output>
Test time =   0.25 sec
----------------------------------------------------------
Test Passed.
"t_udp_client_recv" end time: Jan 31 10:50 UTC
"t_udp_client_recv" time elapsed: 00:00:00
----------------------------------------------------------

54/164 Testing: t_udp_server_recv
54/164 Test: t_udp_server_recv
Command: "/home/ubuntu/sponge/txrx.sh" "-usR"
Directory: /home/ubuntu/sponge/build
"t_udp_server_recv" start time: Jan 31 10:50 UTC
Output:
----------------------------------------------------------
DEBUG: Listening for incoming connection...
DEBUG: Connecting to 169.254.144.1:13456...
Successfully connected to 169.254.144.1:13456.
New connection from 169.254.144.1:35869.
DEBUG: Outbound stream to 169.254.144.1:35869 finished (1 byte still in flight).
DEBUG: Outbound stream to 169.254.144.1:13456 finished (1 byte still in flight).
DEBUG: Inbound stream from 169.254.144.1:35869 finished cleanly.
DEBUG: Outbound stream to 169.254.144.1:13456 has been fully acknowledged.
DEBUG: Inbound stream from 169.254.144.1:13456 finished cleanly.
DEBUG: Waiting for lingering segments (e.g. retransmissions of FIN) from peer...
DEBUG: Waiting for clean shutdown... DEBUG: Waiting for clean shutdown... DEBUG: Outbound stream to 169.254.144.1:35869 has been fully acknowledged.
DEBUG: TCP connection finished cleanly.
done.
DEBUG: TCP connection finished cleanly.
done.
<end of output>
Test time =   0.25 sec
----------------------------------------------------------
Test Passed.
"t_udp_server_recv" end time: Jan 31 10:50 UTC
"t_udp_server_recv" time elapsed: 00:00:00
----------------------------------------------------------

55/164 Testing: t_udp_client_dupl
55/164 Test: t_udp_client_dupl
Command: "/home/ubuntu/sponge/txrx.sh" "-ucD"
Directory: /home/ubuntu/sponge/build
"t_udp_client_dupl" start time: Jan 31 10:50 UTC
Output:
----------------------------------------------------------
DEBUG: Listening for incoming connection...
DEBUG: Connecting to 169.254.144.1:17934...
Successfully connected to 169.254.144.1:17934.
New connection from 169.254.144.1:45184.
DEBUG: Outbound stream to 169.254.144.1:17934 finished (1 byte still in flight).
DEBUG: Inbound stream from 169.254.144.1:45184 finished cleanly.
DEBUG: Outbound stream to 169.254.144.1:17934 has been fully acknowledged.
DEBUG: Outbound stream to 169.254.144.1:45184 finished (1 byte still in flight).
DEBUG: Inbound stream from 169.254.144.1:17934 finished cleanly.
DEBUG: Waiting for lingering segments (e.g. retransmissions of FIN) from peer...
DEBUG: Outbound stream to 169.254.144.1:45184 has been fully acknowledged.
DEBUG: TCP connection finished cleanly.
DEBUG: Waiting for clean shutdown... done.
DEBUG: Waiting for clean shutdown... DEBUG: TCP connection finished cleanly.
done.
<end of output>
Test time =   0.25 sec
----------------------------------------------------------
Test Passed.
"t_udp_client_dupl" end time: Jan 31 10:50 UTC
"t_udp_client_dupl" time elapsed: 00:00:00
----------------------------------------------------------

56/164 Testing: t_udp_server_dupl
56/164 Test: t_udp_server_dupl
Command: "/home/ubuntu/sponge/txrx.sh" "-usD"
Directory: /home/ubuntu/sponge/build
"t_udp_server_dupl" start time: Jan 31 10:50 UTC
Output:
----------------------------------------------------------
DEBUG: Listening for incoming connection...
DEBUG: Connecting to 169.254.144.1:30527...
Successfully connected to 169.254.144.1:30527.
New connection from 169.254.144.1:56659.
DEBUG: Outbound stream to 169.254.144.1:56659 finished (1 byte still in flight).
DEBUG: Inbound stream from 169.254.144.1:30527 finished cleanly.
DEBUG: Outbound stream to 169.254.144.1:56659 has been fully acknowledged.
DEBUG: Outbound stream to 169.254.144.1:30527 finished (1 byte still in flight).
DEBUG: Inbound stream from 169.254.144.1:56659 finished cleanly.
DEBUG: Waiting for lingering segments (e.g. retransmissions of FIN) from peer...
DEBUG: Waiting for clean shutdown... DEBUG: Outbound stream to 169.254.144.1:30527 has been fully acknowledged.
DEBUG: TCP connection finished cleanly.
DEBUG: Waiting for clean shutdown... done.
DEBUG: TCP connection finished cleanly.
done.
<end of output>
Test time =   0.25 sec
----------------------------------------------------------
Test Passed.
"t_udp_server_dupl" end time: Jan 31 10:50 UTC
"t_udp_server_dupl" time elapsed: 00:00:00
----------------------------------------------------------

57/164 Testing: t_ucS_1M_32k
57/164 Test: t_ucS_1M_32k
Command: "/home/ubuntu/sponge/txrx.sh" "-ucSd" "1M" "-w" "32K"
Directory: /home/ubuntu/sponge/build
"t_ucS_1M_32k" start time: Jan 31 10:50 UTC
Output:
----------------------------------------------------------
DEBUG: Listening for incoming connection...
DEBUG: Connecting to 169.254.144.1:8413...
Successfully connected to 169.254.144.1:8413.
New connection from 169.254.144.1:53983.
DEBUG: Outbound stream to 169.254.144.1:53983 finished (1 byte still in flight).
DEBUG: Inbound stream from 169.254.144.1:8413 finished cleanly.
DEBUG: Outbound stream to 169.254.144.1:53983 has been fully acknowledged.
DEBUG: Waiting for clean shutdown... DEBUG: Outbound stream to 169.254.144.1:8413 finished (31768 bytes still in flight).
DEBUG: Inbound stream from 169.254.144.1:53983 finished cleanly.
DEBUG: Waiting for lingering segments (e.g. retransmissions of FIN) from peer...
DEBUG: Outbound stream to 169.254.144.1:8413 has been fully acknowledged.
DEBUG: TCP connection finished cleanly.
done.
DEBUG: Waiting for clean shutdown... DEBUG: TCP connection finished cleanly.
done.
<end of output>
Test time =   0.37 sec
----------------------------------------------------------
Test Passed.
"t_ucS_1M_32k" end time: Jan 31 10:50 UTC
"t_ucS_1M_32k" time elapsed: 00:00:00
----------------------------------------------------------

58/164 Testing: t_ucS_128K_8K
58/164 Test: t_ucS_128K_8K
Command: "/home/ubuntu/sponge/txrx.sh" "-ucSd" "128K" "-w" "8K"
Directory: /home/ubuntu/sponge/build
"t_ucS_128K_8K" start time: Jan 31 10:50 UTC
Output:
----------------------------------------------------------
DEBUG: Listening for incoming connection...
DEBUG: Connecting to 169.254.144.1:25581...
Successfully connected to 169.254.144.1:25581.
New connection from 169.254.144.1:45995.
DEBUG: Outbound stream to 169.254.144.1:45995 finished (1 byte still in flight).
DEBUG: Inbound stream from 169.254.144.1:25581 finished cleanly.
DEBUG: Outbound stream to 169.254.144.1:45995 has been fully acknowledged.
DEBUG: Waiting for clean shutdown... DEBUG: Outbound stream to 169.254.144.1:25581 finished (7192 bytes still in flight).
DEBUG: Inbound stream from 169.254.144.1:45995 finished cleanly.
DEBUG: Waiting for lingering segments (e.g. retransmissions of FIN) from peer...
DEBUG: Waiting for clean shutdown... DEBUG: Outbound stream to 169.254.144.1:25581 has been fully acknowledged.
DEBUG: TCP connection finished cleanly.
done.
DEBUG: TCP connection finished cleanly.
done.
<end of output>
Test time =   0.28 sec
----------------------------------------------------------
Test Passed.
"t_ucS_128K_8K" end time: Jan 31 10:50 UTC
"t_ucS_128K_8K" time elapsed: 00:00:00
----------------------------------------------------------

59/164 Testing: t_ucS_16_1
59/164 Test: t_ucS_16_1
Command: "/home/ubuntu/sponge/txrx.sh" "-ucSd" "16" "-w" "1"
Directory: /home/ubuntu/sponge/build
"t_ucS_16_1" start time: Jan 31 10:50 UTC
Output:
----------------------------------------------------------
DEBUG: Listening for incoming connection...
DEBUG: Connecting to 169.254.144.1:23110...
Successfully connected to 169.254.144.1:23110.
New connection from 169.254.144.1:39347.
DEBUG: Outbound stream to 169.254.144.1:39347 finished (1 byte still in flight).
DEBUG: Inbound stream from 169.254.144.1:23110 finished cleanly.
DEBUG: Outbound stream to 169.254.144.1:39347 has been fully acknowledged.
DEBUG: Waiting for clean shutdown... DEBUG: Outbound stream to 169.254.144.1:23110 finished (1 byte still in flight).
DEBUG: Inbound stream from 169.254.144.1:39347 finished cleanly.
DEBUG: Waiting for lingering segments (e.g. retransmissions of FIN) from peer...
DEBUG: Outbound stream to 169.254.144.1:23110 has been fully acknowledged.
DEBUG: TCP connection finished cleanly.
done.
DEBUG: Waiting for clean shutdown... DEBUG: TCP connection finished cleanly.
done.
<end of output>
Test time =   0.25 sec
----------------------------------------------------------
Test Passed.
"t_ucS_16_1" end time: Jan 31 10:50 UTC
"t_ucS_16_1" time elapsed: 00:00:00
----------------------------------------------------------

60/164 Testing: t_ucS_32K_d
60/164 Test: t_ucS_32K_d
Command: "/home/ubuntu/sponge/txrx.sh" "-ucSd" "32K"
Directory: /home/ubuntu/sponge/build
"t_ucS_32K_d" start time: Jan 31 10:50 UTC
Output:
----------------------------------------------------------
DEBUG: Listening for incoming connection...
DEBUG: Connecting to 169.254.144.1:5501...
Successfully connected to 169.254.144.1:5501.
New connection from 169.254.144.1:34417.
DEBUG: Outbound stream to 169.254.144.1:34417 finished (1 byte still in flight).
DEBUG: Inbound stream from 169.254.144.1:5501 finished cleanly.
DEBUG: Outbound stream to 169.254.144.1:34417 has been fully acknowledged.
DEBUG: Waiting for clean shutdown... DEBUG: Outbound stream to 169.254.144.1:5501 finished (31769 bytes still in flight).
DEBUG: Inbound stream from 169.254.144.1:34417 finished cleanly.
DEBUG: Waiting for lingering segments (e.g. retransmissions of FIN) from peer...
DEBUG: Waiting for clean shutdown... DEBUG: Outbound stream to 169.254.144.1:5501 has been fully acknowledged.
DEBUG: TCP connection finished cleanly.
done.
DEBUG: TCP connection finished cleanly.
done.
<end of output>
Test time =   0.26 sec
----------------------------------------------------------
Test Passed.
"t_ucS_32K_d" end time: Jan 31 10:50 UTC
"t_ucS_32K_d" time elapsed: 00:00:00
----------------------------------------------------------

61/164 Testing: t_ucR_1M_32k
61/164 Test: t_ucR_1M_32k
Command: "/home/ubuntu/sponge/txrx.sh" "-ucRd" "1M" "-w" "32K"
Directory: /home/ubuntu/sponge/build
"t_ucR_1M_32k" start time: Jan 31 10:50 UTC
Output:
----------------------------------------------------------
DEBUG: Listening for incoming connection...
DEBUG: Connecting to 169.254.144.1:26462...
Successfully connected to 169.254.144.1:26462.
New connection from 169.254.144.1:42051.
DEBUG: Outbound stream to 169.254.144.1:26462 finished (1 byte still in flight).
DEBUG: Inbound stream from 169.254.144.1:42051 finished cleanly.
DEBUG: Outbound stream to 169.254.144.1:26462 has been fully acknowledged.
DEBUG: Waiting for clean shutdown... DEBUG: Outbound stream to 169.254.144.1:42051 finished (31768 bytes still in flight).
DEBUG: Inbound stream from 169.254.144.1:26462 finished cleanly.
DEBUG: Waiting for lingering segments (e.g. retransmissions of FIN) from peer...
DEBUG: Waiting for clean shutdown... DEBUG: Outbound stream to 169.254.144.1:42051 has been fully acknowledged.
DEBUG: TCP connection finished cleanly.
done.
DEBUG: TCP connection finished cleanly.
done.
<end of output>
Test time =   0.37 sec
----------------------------------------------------------
Test Passed.
"t_ucR_1M_32k" end time: Jan 31 10:50 UTC
"t_ucR_1M_32k" time elapsed: 00:00:00
----------------------------------------------------------

62/164 Testing: t_ucR_128K_8K
62/164 Test: t_ucR_128K_8K
Command: "/home/ubuntu/sponge/txrx.sh" "-ucRd" "128K" "-w" "8K"
Directory: /home/ubuntu/sponge/build
"t_ucR_128K_8K" start time: Jan 31 10:50 UTC
Output:
----------------------------------------------------------
DEBUG: Listening for incoming connection...
DEBUG: Connecting to 169.254.144.1:14408...
Successfully connected to 169.254.144.1:14408.
DEBUG: Outbound stream to 169.254.144.1:14408 finished (1 byte still in flight).
New connection from 169.254.144.1:50794.
DEBUG: Inbound stream from 169.254.144.1:50794 finished cleanly.
DEBUG: Outbound stream to 169.254.144.1:14408 has been fully acknowledged.
DEBUG: Waiting for clean shutdown... DEBUG: Outbound stream to 169.254.144.1:50794 finished (7192 bytes still in flight).
DEBUG: Inbound stream from 169.254.144.1:14408 finished cleanly.
DEBUG: Waiting for lingering segments (e.g. retransmissions of FIN) from peer...
DEBUG: Outbound stream to 169.254.144.1:50794 has been fully acknowledged.
DEBUG: TCP connection finished cleanly.
DEBUG: Waiting for clean shutdown... done.
DEBUG: TCP connection finished cleanly.
done.
<end of output>
Test time =   0.27 sec
----------------------------------------------------------
Test Passed.
"t_ucR_128K_8K" end time: Jan 31 10:50 UTC
"t_ucR_128K_8K" time elapsed: 00:00:00
----------------------------------------------------------

63/164 Testing: t_ucR_16_1
63/164 Test: t_ucR_16_1
Command: "/home/ubuntu/sponge/txrx.sh" "-ucRd" "16" "-w" "1"
Directory: /home/ubuntu/sponge/build
"t_ucR_16_1" start time: Jan 31 10:50 UTC
Output:
----------------------------------------------------------
DEBUG: Listening for incoming connection...
DEBUG: Connecting to 169.254.144.1:15172...
Successfully connected to 169.254.144.1:15172.
New connection from 169.254.144.1:60536.
DEBUG: Outbound stream to 169.254.144.1:15172 finished (1 byte still in flight).
DEBUG: Inbound stream from 169.254.144.1:60536 finished cleanly.
DEBUG: Outbound stream to 169.254.144.1:15172 has been fully acknowledged.
DEBUG: Outbound stream to 169.254.144.1:60536 finished (1 byte still in flight).
DEBUG: Waiting for clean shutdown... DEBUG: Inbound stream from 169.254.144.1:15172 finished cleanly.
DEBUG: Waiting for lingering segments (e.g. retransmissions of FIN) from peer...
DEBUG: Outbound stream to 169.254.144.1:60536 has been fully acknowledged.
DEBUG: TCP connection finished cleanly.
DEBUG: Waiting for clean shutdown... done.
DEBUG: TCP connection finished cleanly.
done.
<end of output>
Test time =   0.25 sec
----------------------------------------------------------
Test Passed.
"t_ucR_16_1" end time: Jan 31 10:50 UTC
"t_ucR_16_1" time elapsed: 00:00:00
----------------------------------------------------------

64/164 Testing: t_ucR_32K_d
64/164 Test: t_ucR_32K_d
Command: "/home/ubuntu/sponge/txrx.sh" "-ucRd" "32K"
Directory: /home/ubuntu/sponge/build
"t_ucR_32K_d" start time: Jan 31 10:50 UTC
Output:
----------------------------------------------------------
DEBUG: Listening for incoming connection...
DEBUG: Connecting to 169.254.144.1:32067...
Successfully connected to 169.254.144.1:32067.
New connection from 169.254.144.1:46425.
DEBUG: Outbound stream to 169.254.144.1:32067 finished (1 byte still in flight).
DEBUG: Inbound stream from 169.254.144.1:46425 finished cleanly.
DEBUG: Outbound stream to 169.254.144.1:32067 has been fully acknowledged.
DEBUG: Waiting for clean shutdown... DEBUG: Outbound stream to 169.254.144.1:46425 finished (31769 bytes still in flight).
DEBUG: Outbound stream to 169.254.144.1:46425 has been fully acknowledged.
DEBUG: TCP connection finished cleanly.
done.
DEBUG: Inbound stream from 169.254.144.1:32067 finished cleanly.
DEBUG: Waiting for lingering segments (e.g. retransmissions of FIN) from peer...
DEBUG: Waiting for clean shutdown... DEBUG: TCP connection finished cleanly.
done.
<end of output>
Test time =   0.26 sec
----------------------------------------------------------
Test Passed.
"t_ucR_32K_d" end time: Jan 31 10:50 UTC
"t_ucR_32K_d" time elapsed: 00:00:00
----------------------------------------------------------

65/164 Testing: t_ucD_1M_32k
65/164 Test: t_ucD_1M_32k
Command: "/home/ubuntu/sponge/txrx.sh" "-ucDd" "1M" "-w" "32K"
Directory: /home/ubuntu/sponge/build
"t_ucD_1M_32k" start time: Jan 31 10:50 UTC
Output:
----------------------------------------------------------
DEBUG: Listening for incoming connection...
DEBUG: Connecting to 169.254.144.1:18145...
Successfully connected to 169.254.144.1:18145.
New connection from 169.254.144.1:56197.
DEBUG: Outbound stream to 169.254.144.1:56197 finished (30768 bytes still in flight).
DEBUG: Outbound stream to 169.254.144.1:18145 finished (31768 bytes still in flight).
DEBUG: Inbound stream from DEBUG: Inbound stream from 169.254.144.1:18145 finished cleanly.
169.254.144.1:56197 finished cleanly.
DEBUG: Outbound stream to 169.254.144.1:56197 has been fully acknowledged.
DEBUG: Waiting for clean shutdown... DEBUG: Waiting for clean shutdown... DEBUG: Outbound stream to 169.254.144.1:18145 has been fully acknowledged.
DEBUG: TCP connection finished cleanly.
done.
DEBUG: TCP connection finished cleanly.
done.
<end of output>
Test time =   0.44 sec
----------------------------------------------------------
Test Passed.
"t_ucD_1M_32k" end time: Jan 31 10:50 UTC
"t_ucD_1M_32k" time elapsed: 00:00:00
----------------------------------------------------------

66/164 Testing: t_ucD_128K_8K
66/164 Test: t_ucD_128K_8K
Command: "/home/ubuntu/sponge/txrx.sh" "-ucDd" "128K" "-w" "8K"
Directory: /home/ubuntu/sponge/build
"t_ucD_128K_8K" start time: Jan 31 10:50 UTC
Output:
----------------------------------------------------------
DEBUG: Listening for incoming connection...
DEBUG: Connecting to 169.254.144.1:4731...
Successfully connected to 169.254.144.1:4731.
New connection from 169.254.144.1:52648.
DEBUG: Outbound stream to 169.254.144.1:4731 finished (8192 bytes still in flight).
DEBUG: Outbound stream to 169.254.144.1:52648 finished (7192 bytes still in flight).
DEBUG: Waiting for clean shutdown... DEBUG: Inbound stream from 169.254.144.1:52648 finished cleanly.
DEBUG: Outbound stream to 169.254.144.1:4731 has been fully acknowledged.
DEBUG: Inbound stream from 169.254.144.1:4731 finished cleanly.
DEBUG: Waiting for lingering segments (e.g. retransmissions of FIN) from peer...
DEBUG: Waiting for clean shutdown... DEBUG: Outbound stream to 169.254.144.1:52648 has been fully acknowledged.
DEBUG: TCP connection finished cleanly.
done.
DEBUG: TCP connection finished cleanly.
done.
<end of output>
Test time =   0.29 sec
----------------------------------------------------------
Test Passed.
"t_ucD_128K_8K" end time: Jan 31 10:50 UTC
"t_ucD_128K_8K" time elapsed: 00:00:00
----------------------------------------------------------

67/164 Testing: t_ucD_16_1
67/164 Test: t_ucD_16_1
Command: "/home/ubuntu/sponge/txrx.sh" "-ucDd" "16" "-w" "1"
Directory: /home/ubuntu/sponge/build
"t_ucD_16_1" start time: Jan 31 10:50 UTC
Output:
----------------------------------------------------------
DEBUG: Listening for incoming connection...
DEBUG: Connecting to 169.254.144.1:19014...
Successfully connected to 169.254.144.1:19014.
New connection from 169.254.144.1:48034.
DEBUG: Outbound stream to 169.254.144.1:19014 finished (1 byte still in flight).
DEBUG: Outbound stream to 169.254.144.1:48034 finished (1 byte still in flight).
DEBUG: Inbound stream from DEBUG: Outbound stream to 169.254.144.1:19014 has been fully acknowledged.
169.254.144.1:48034 finished cleanly.
DEBUG: Inbound stream from 169.254.144.1:19014 finished cleanly.
DEBUG: Waiting for lingering segments (e.g. retransmissions of FIN) from peer...
DEBUG: Waiting for clean shutdown... DEBUG: Waiting for clean shutdown... DEBUG: Outbound stream to 169.254.144.1:48034 has been fully acknowledged.
DEBUG: TCP connection finished cleanly.
done.
DEBUG: TCP connection finished cleanly.
done.
<end of output>
Test time =   0.26 sec
----------------------------------------------------------
Test Passed.
"t_ucD_16_1" end time: Jan 31 10:50 UTC
"t_ucD_16_1" time elapsed: 00:00:00
----------------------------------------------------------

68/164 Testing: t_ucD_32K_d
68/164 Test: t_ucD_32K_d
Command: "/home/ubuntu/sponge/txrx.sh" "-ucDd" "32K"
Directory: /home/ubuntu/sponge/build
"t_ucD_32K_d" start time: Jan 31 10:50 UTC
Output:
----------------------------------------------------------
DEBUG: Listening for incoming connection...
DEBUG: Connecting to 169.254.144.1:31486...
Successfully connected to 169.254.144.1:31486.
New connection from 169.254.144.1:52336.
DEBUG: Outbound stream to 169.254.144.1:31486 finished (31769 bytes still in flight).
DEBUG: Outbound stream to 169.254.144.1:52336 finished (32769 bytes still in flight).
DEBUG: Outbound stream to 169.254.144.1:31486 has been fully acknowledged.
DEBUG: Outbound stream to 169.254.144.1:52336 has been fully acknowledged.
DEBUG: Inbound stream from 169.254.144.1:52336 finished cleanly.
DEBUG: TCP connection finished cleanly.
DEBUG: Waiting for clean shutdown... DEBUG: Inbound stream from 169.254.144.1:31486 finished cleanly.
DEBUG: Waiting for lingering segments (e.g. retransmissions of FIN) from peer...
done.
DEBUG: Waiting for clean shutdown... DEBUG: TCP connection finished cleanly.
done.
<end of output>
Test time =   0.26 sec
----------------------------------------------------------
Test Passed.
"t_ucD_32K_d" end time: Jan 31 10:50 UTC
"t_ucD_32K_d" time elapsed: 00:00:00
----------------------------------------------------------

69/164 Testing: t_usS_1M_32k
69/164 Test: t_usS_1M_32k
Command: "/home/ubuntu/sponge/txrx.sh" "-usSd" "1M" "-w" "32K"
Directory: /home/ubuntu/sponge/build
"t_usS_1M_32k" start time: Jan 31 10:50 UTC
Output:
----------------------------------------------------------
DEBUG: Listening for incoming connection...
DEBUG: Connecting to 169.254.144.1:23119...
Successfully connected to 169.254.144.1:23119.
New connection from 169.254.144.1:50833.
DEBUG: Outbound stream to 169.254.144.1:23119 finished (1 byte still in flight).
DEBUG: Inbound stream from 169.254.144.1:50833 finished cleanly.
DEBUG: Outbound stream to 169.254.144.1:23119 has been fully acknowledged.
DEBUG: Waiting for clean shutdown... DEBUG: Outbound stream to 169.254.144.1:50833 finished (31768 bytes still in flight).
DEBUG: Inbound stream from 169.254.144.1:23119 finished cleanly.
DEBUG: Waiting for lingering segments (e.g. retransmissions of FIN) from peer...
DEBUG: Waiting for clean shutdown... DEBUG: Outbound stream to 169.254.144.1:50833 has been fully acknowledged.
DEBUG: TCP connection finished cleanly.
done.
DEBUG: TCP connection finished cleanly.
done.
<end of output>
Test time =   0.36 sec
----------------------------------------------------------
Test Passed.
"t_usS_1M_32k" end time: Jan 31 10:50 UTC
"t_usS_1M_32k" time elapsed: 00:00:00
----------------------------------------------------------

70/164 Testing: t_usS_128K_8K
70/164 Test: t_usS_128K_8K
Command: "/home/ubuntu/sponge/txrx.sh" "-usSd" "128K" "-w" "8K"
Directory: /home/ubuntu/sponge/build
"t_usS_128K_8K" start time: Jan 31 10:50 UTC
Output:
----------------------------------------------------------
DEBUG: Listening for incoming connection...
DEBUG: Connecting to 169.254.144.1:30918...
Successfully connected to 169.254.144.1:30918.
DEBUG: Outbound stream to 169.254.144.1:30918 finished (1 byte still in flight).
New connection from 169.254.144.1:59837.
DEBUG: Inbound stream from 169.254.144.1:59837 finished cleanly.
DEBUG: Outbound stream to 169.254.144.1:30918 has been fully acknowledged.
DEBUG: Waiting for clean shutdown... DEBUG: Outbound stream to 169.254.144.1:59837 finished (7192 bytes still in flight).
DEBUG: Inbound stream from 169.254.144.1:30918 finished cleanly.
DEBUG: Waiting for lingering segments (e.g. retransmissions of FIN) from peer...
DEBUG: Waiting for clean shutdown... DEBUG: Outbound stream to 169.254.144.1:59837 has been fully acknowledged.
DEBUG: TCP connection finished cleanly.
done.
DEBUG: TCP connection finished cleanly.
done.
<end of output>
Test time =   0.28 sec
----------------------------------------------------------
Test Passed.
"t_usS_128K_8K" end time: Jan 31 10:50 UTC
"t_usS_128K_8K" time elapsed: 00:00:00
----------------------------------------------------------

71/164 Testing: t_usS_16_1
71/164 Test: t_usS_16_1
Command: "/home/ubuntu/sponge/txrx.sh" "-usSd" "16" "-w" "1"
Directory: /home/ubuntu/sponge/build
"t_usS_16_1" start time: Jan 31 10:50 UTC
Output:
----------------------------------------------------------
DEBUG: Listening for incoming connection...
DEBUG: Connecting to 169.254.144.1:12971...
Successfully connected to 169.254.144.1:12971.
New connection from 169.254.144.1:57482.
DEBUG: Outbound stream to 169.254.144.1:12971 finished (1 byte still in flight).
DEBUG: Inbound stream from 169.254.144.1:57482 finished cleanly.
DEBUG: Outbound stream to 169.254.144.1:12971 has been fully acknowledged.
DEBUG: Outbound stream to 169.254.144.1:57482 finished (1 byte still in flight).
DEBUG: Waiting for clean shutdown... DEBUG: Inbound stream from 169.254.144.1:12971 finished cleanly.
DEBUG: Waiting for lingering segments (e.g. retransmissions of FIN) from peer...
DEBUG: Waiting for clean shutdown... DEBUG: Outbound stream to 169.254.144.1:57482 has been fully acknowledged.
DEBUG: TCP connection finished cleanly.
done.
DEBUG: TCP connection finished cleanly.
done.
<end of output>
Test time =   0.25 sec
----------------------------------------------------------
Test Passed.
"t_usS_16_1" end time: Jan 31 10:50 UTC
"t_usS_16_1" time elapsed: 00:00:00
----------------------------------------------------------

72/164 Testing: t_usS_32K_d
72/164 Test: t_usS_32K_d
Command: "/home/ubuntu/sponge/txrx.sh" "-usSd" "32K"
Directory: /home/ubuntu/sponge/build
"t_usS_32K_d" start time: Jan 31 10:50 UTC
Output:
----------------------------------------------------------
DEBUG: Listening for incoming connection...
DEBUG: Connecting to 169.254.144.1:26127...
Successfully connected to 169.254.144.1:26127.
New connection from 169.254.144.1:44423.
DEBUG: Outbound stream to 169.254.144.1:26127 finished (1 byte still in flight).
DEBUG: Inbound stream from 169.254.144.1:44423 finished cleanly.
DEBUG: Outbound stream to 169.254.144.1:26127 has been fully acknowledged.
DEBUG: Waiting for clean shutdown... DEBUG: Outbound stream to 169.254.144.1:44423 finished (26769 bytes still in flight).
DEBUG: Outbound stream to DEBUG: Inbound stream from 169.254.144.1:44423 has been fully acknowledged.
169.254.144.1:26127DEBUG: TCP connection finished  finished cleanly.
DEBUG: Waiting for lingering segments (e.g. retransmissions of FIN) from peer...
cleanly.
DEBUG: Waiting for clean shutdown... done.
DEBUG: TCP connection finished cleanly.
done.
<end of output>
Test time =   0.25 sec
----------------------------------------------------------
Test Passed.
"t_usS_32K_d" end time: Jan 31 10:50 UTC
"t_usS_32K_d" time elapsed: 00:00:00
----------------------------------------------------------

73/164 Testing: t_usR_1M_32k
73/164 Test: t_usR_1M_32k
Command: "/home/ubuntu/sponge/txrx.sh" "-usRd" "1M" "-w" "32K"
Directory: /home/ubuntu/sponge/build
"t_usR_1M_32k" start time: Jan 31 10:50 UTC
Output:
----------------------------------------------------------
DEBUG: Listening for incoming connection...
DEBUG: Connecting to 169.254.144.1:3265...
Successfully connected to 169.254.144.1:3265.
New connection from 169.254.144.1:46180.
DEBUG: Outbound stream to 169.254.144.1:46180 finished (1 byte still in flight).
DEBUG: Inbound stream from 169.254.144.1:3265 finished cleanly.
DEBUG: Outbound stream to 169.254.144.1:46180 has been fully acknowledged.
DEBUG: Waiting for clean shutdown... DEBUG: Outbound stream to 169.254.144.1:3265 finished (32000 bytes still in flight).
DEBUG: Inbound stream from 169.254.144.1:46180 finished cleanly.
DEBUG: Waiting for lingering segments (e.g. retransmissions of FIN) from peer...
DEBUG: Waiting for clean shutdown... DEBUG: Outbound stream to 169.254.144.1:3265 has been fully acknowledged.
DEBUG: TCP connection finished cleanly.
done.
DEBUG: TCP connection finished cleanly.
done.
<end of output>
Test time =   0.35 sec
----------------------------------------------------------
Test Passed.
"t_usR_1M_32k" end time: Jan 31 10:50 UTC
"t_usR_1M_32k" time elapsed: 00:00:00
----------------------------------------------------------

74/164 Testing: t_usR_128K_8K
74/164 Test: t_usR_128K_8K
Command: "/home/ubuntu/sponge/txrx.sh" "-usRd" "128K" "-w" "8K"
Directory: /home/ubuntu/sponge/build
"t_usR_128K_8K" start time: Jan 31 10:50 UTC
Output:
----------------------------------------------------------
DEBUG: Listening for incoming connection...
DEBUG: Connecting to 169.254.144.1:4824...
Successfully connected to 169.254.144.1:4824.
New connection from 169.254.144.1:48912.
DEBUG: Outbound stream to 169.254.144.1:48912 finished (1 byte still in flight).
DEBUG: Inbound stream from 169.254.144.1:4824 finished cleanly.
DEBUG: Outbound stream to 169.254.144.1:48912 has been fully acknowledged.
DEBUG: Waiting for clean shutdown... DEBUG: Outbound stream to 169.254.144.1:4824 finished (7192 bytes still in flight).
DEBUG: Inbound stream from 169.254.144.1:48912 finished cleanly.
DEBUG: Waiting for lingering segments (e.g. retransmissions of FIN) from peer...
DEBUG: Outbound stream to 169.254.144.1:4824 has been fully acknowledged.
DEBUG: TCP connection finished DEBUG: Waiting for clean shutdown... cleanly.
done.
DEBUG: TCP connection finished cleanly.
done.
<end of output>
Test time =   0.28 sec
----------------------------------------------------------
Test Passed.
"t_usR_128K_8K" end time: Jan 31 10:50 UTC
"t_usR_128K_8K" time elapsed: 00:00:00
----------------------------------------------------------

75/164 Testing: t_usR_16_1
75/164 Test: t_usR_16_1
Command: "/home/ubuntu/sponge/txrx.sh" "-usRd" "16" "-w" "1"
Directory: /home/ubuntu/sponge/build
"t_usR_16_1" start time: Jan 31 10:50 UTC
Output:
----------------------------------------------------------
DEBUG: Listening for incoming connection...
DEBUG: Connecting to 169.254.144.1:7849...
Successfully connected to 169.254.144.1:7849.
New connection from 169.254.144.1:56299.
DEBUG: Outbound stream to 169.254.144.1:56299 finished (1 byte still in flight).
DEBUG: Inbound stream from 169.254.144.1:7849 finished cleanly.
DEBUG: Outbound stream to 169.254.144.1:56299 has been fully acknowledged.
DEBUG: Waiting for clean shutdown... DEBUG: Outbound stream to 169.254.144.1:7849 finished (1 byte still in flight).
DEBUG: Waiting for clean shutdown... DEBUG: Inbound stream from 169.254.144.1:56299 finished cleanly.
DEBUG: Waiting for lingering segments (e.g. retransmissions of FIN) from peer...
DEBUG: Outbound stream to 169.254.144.1:7849 has been fully acknowledged.
DEBUG: TCP connection finished cleanly.
done.
DEBUG: TCP connection finished cleanly.
done.
<end of output>
Test time =   0.25 sec
----------------------------------------------------------
Test Passed.
"t_usR_16_1" end time: Jan 31 10:50 UTC
"t_usR_16_1" time elapsed: 00:00:00
----------------------------------------------------------

76/164 Testing: t_usR_32K_d
76/164 Test: t_usR_32K_d
Command: "/home/ubuntu/sponge/txrx.sh" "-usRd" "32K"
Directory: /home/ubuntu/sponge/build
"t_usR_32K_d" start time: Jan 31 10:50 UTC
Output:
----------------------------------------------------------
DEBUG: Listening for incoming connection...
DEBUG: Connecting to 169.254.144.1:4532...
Successfully connected to 169.254.144.1:4532.
New connection from 169.254.144.1:54184.
DEBUG: Outbound stream to 169.254.144.1:54184 finished (1 byte still in flight).
DEBUG: Inbound stream from 169.254.144.1:4532 finished cleanly.
DEBUG: Outbound stream to 169.254.144.1:54184 has been fully acknowledged.
DEBUG: Waiting for clean shutdown... DEBUG: Outbound stream to 169.254.144.1:4532 finished (16769 bytes still in flight).
DEBUG: Inbound stream from 169.254.144.1:54184 finished cleanly.
DEBUG: Waiting for lingering segments (e.g. retransmissions of FIN) from peer...
DEBUG: Waiting for clean shutdown... DEBUG: Outbound stream to 169.254.144.1:4532 has been fully acknowledged.
DEBUG: TCP connection finished cleanly.
done.
DEBUG: TCP connection finished cleanly.
done.
<end of output>
Test time =   0.26 sec
----------------------------------------------------------
Test Passed.
"t_usR_32K_d" end time: Jan 31 10:50 UTC
"t_usR_32K_d" time elapsed: 00:00:00
----------------------------------------------------------

77/164 Testing: t_usD_1M_32k
77/164 Test: t_usD_1M_32k
Command: "/home/ubuntu/sponge/txrx.sh" "-usDd" "1M" "-w" "32K"
Directory: /home/ubuntu/sponge/build
"t_usD_1M_32k" start time: Jan 31 10:50 UTC
Output:
----------------------------------------------------------
DEBUG: Listening for incoming connection...
DEBUG: Connecting to 169.254.144.1:22018...
Successfully connected to 169.254.144.1:22018.
New connection from 169.254.144.1:45178.
DEBUG: Outbound stream to 169.254.144.1:22018 finished (31768 bytes still in flight).
DEBUG: Outbound stream to 169.254.144.1:45178 finished (31768 bytes still in flight).
DEBUG: Waiting for clean shutdown... DEBUG: Inbound stream from 169.254.144.1:45178 finished cleanly.
DEBUG: Outbound stream to 169.254.144.1:22018 has been fully acknowledged.
DEBUG: Inbound stream from 169.254.144.1:22018 finished cleanly.
DEBUG: Waiting for lingering segments (e.g. retransmissions of FIN) from peer...
DEBUG: Waiting for clean shutdown... DEBUG: Outbound stream to 169.254.144.1:45178 has been fully acknowledged.
DEBUG: TCP connection finished cleanly.
done.
DEBUG: TCP connection finished cleanly.
done.
<end of output>
Test time =   0.44 sec
----------------------------------------------------------
Test Passed.
"t_usD_1M_32k" end time: Jan 31 10:50 UTC
"t_usD_1M_32k" time elapsed: 00:00:00
----------------------------------------------------------

78/164 Testing: t_usD_128K_8K
78/164 Test: t_usD_128K_8K
Command: "/home/ubuntu/sponge/txrx.sh" "-usDd" "128K" "-w" "8K"
Directory: /home/ubuntu/sponge/build
"t_usD_128K_8K" start time: Jan 31 10:50 UTC
Output:
----------------------------------------------------------
DEBUG: Listening for incoming connection...
DEBUG: Connecting to 169.254.144.1:2815...
Successfully connected to 169.254.144.1:2815.
New connection from 169.254.144.1:34771.
DEBUG: Outbound stream to 169.254.144.1:34771 finished (7192 bytes still in flight).
DEBUG: Outbound stream to 169.254.144.1:2815 finished (7192 bytes still in flight).
DEBUG: Waiting for clean shutdown... DEBUG: Inbound stream from 169.254.144.1:2815 finished cleanly.
DEBUG: Outbound stream to 169.254.144.1:34771 has been fully acknowledged.
DEBUG: Inbound stream from 169.254.144.1:34771 finished cleanly.
DEBUG: Waiting for lingering segments (e.g. retransmissions of FIN) from peer...
DEBUG: Waiting for clean shutdown... DEBUG: Outbound stream to 169.254.144.1:2815 has been fully acknowledged.
DEBUG: TCP connection finished cleanly.
done.
DEBUG: TCP connection finished cleanly.
done.
<end of output>
Test time =   0.28 sec
----------------------------------------------------------
Test Passed.
"t_usD_128K_8K" end time: Jan 31 10:50 UTC
"t_usD_128K_8K" time elapsed: 00:00:00
----------------------------------------------------------

79/164 Testing: t_usD_16_1
79/164 Test: t_usD_16_1
Command: "/home/ubuntu/sponge/txrx.sh" "-usDd" "16" "-w" "1"
Directory: /home/ubuntu/sponge/build
"t_usD_16_1" start time: Jan 31 10:50 UTC
Output:
----------------------------------------------------------
DEBUG: Listening for incoming connection...
DEBUG: Connecting to 169.254.144.1:8938...
Successfully connected to 169.254.144.1:8938.
DEBUG: Outbound stream to 169.254.144.1:8938 finished (1 byte still in flight).
New connection from 169.254.144.1:36202.
DEBUG: Inbound stream from 169.254.144.1:36202 finished cleanly.
DEBUG: Outbound stream to 169.254.144.1:8938 has been fully acknowledged.
DEBUG: Outbound stream to 169.254.144.1:36202 finished (1 byte still in flight).
DEBUG: Waiting for clean shutdown... DEBUG: Waiting for clean shutdown... DEBUG: Inbound stream from 169.254.144.1:8938 finished cleanly.
DEBUG: Waiting for lingering segments (e.g. retransmissions of FIN) from peer...
DEBUG: Outbound stream to 169.254.144.1:36202 has been fully acknowledged.
DEBUG: TCP connection finished cleanly.
done.
DEBUG: TCP connection finished cleanly.
done.
<end of output>
Test time =   0.26 sec
----------------------------------------------------------
Test Passed.
"t_usD_16_1" end time: Jan 31 10:50 UTC
"t_usD_16_1" time elapsed: 00:00:00
----------------------------------------------------------

80/164 Testing: t_usD_32K_d
80/164 Test: t_usD_32K_d
Command: "/home/ubuntu/sponge/txrx.sh" "-usDd" "32K"
Directory: /home/ubuntu/sponge/build
"t_usD_32K_d" start time: Jan 31 10:50 UTC
Output:
----------------------------------------------------------
DEBUG: Listening for incoming connection...
DEBUG: Connecting to 169.254.144.1:24676...
Successfully connected to 169.254.144.1:24676.
New connection from 169.254.144.1:57567.
DEBUG: Outbound stream to 169.254.144.1:57567 finished (12769 bytes still in flight).
DEBUG: Outbound stream to 169.254.144.1:24676 finished (32769 bytes still in flight).
DEBUG: Inbound stream from 169.254.144.1:24676 finished cleanly.
DEBUG: Waiting for clean shutdown... DEBUG: Outbound stream to 169.254.144.1:57567 has been fully acknowledged.
DEBUG: Waiting for clean shutdown... DEBUG: Inbound stream from 169.254.144.1:57567 finished cleanly.
DEBUG: Waiting for lingering segments (e.g. retransmissions of FIN) from peer...
DEBUG: Outbound stream to 169.254.144.1:24676 has been fully acknowledged.
DEBUG: TCP connection finished cleanly.
done.
DEBUG: TCP connection finished cleanly.
done.
<end of output>
Test time =   0.27 sec
----------------------------------------------------------
Test Passed.
"t_usD_32K_d" end time: Jan 31 10:50 UTC
"t_usD_32K_d" time elapsed: 00:00:00
----------------------------------------------------------

81/164 Testing: t_ucS_128K_8K_l
81/164 Test: t_ucS_128K_8K_l
Command: "/home/ubuntu/sponge/txrx.sh" "-ucSd" "128K" "-w" "8K" "-l" "0.1"
Directory: /home/ubuntu/sponge/build
"t_ucS_128K_8K_l" start time: Jan 31 10:50 UTC
Output:
----------------------------------------------------------
DEBUG: Listening for incoming connection...
DEBUG: Connecting to 169.254.144.1:30911...
Successfully connected to 169.254.144.1:30911.
New connection from 169.254.144.1:34581.
DEBUG: Outbound stream to 169.254.144.1:34581 finished (1 byte still in flight).
DEBUG: Inbound stream from 169.254.144.1:30911 finished cleanly.
DEBUG: Outbound stream to 169.254.144.1:34581 has been fully acknowledged.
DEBUG: Waiting for clean shutdown... DEBUG: Outbound stream to 169.254.144.1:30911 finished (7192 bytes still in flight).
DEBUG: Waiting for clean shutdown... DEBUG: Inbound stream from 169.254.144.1:34581 finished cleanly.
DEBUG: Waiting for lingering segments (e.g. retransmissions of FIN) from peer...
DEBUG: Outbound stream to 169.254.144.1:30911 has been fully acknowledged.
DEBUG: TCP connection finished cleanly.
done.
DEBUG: TCP connection finished cleanly.
done.
<end of output>
Test time =   0.27 sec
----------------------------------------------------------
Test Passed.
"t_ucS_128K_8K_l" end time: Jan 31 10:50 UTC
"t_ucS_128K_8K_l" time elapsed: 00:00:00
----------------------------------------------------------

82/164 Testing: t_ucS_128K_8K_L
82/164 Test: t_ucS_128K_8K_L
Command: "/home/ubuntu/sponge/txrx.sh" "-ucSd" "128K" "-w" "8K" "-L" "0.1"
Directory: /home/ubuntu/sponge/build
"t_ucS_128K_8K_L" start time: Jan 31 10:50 UTC
Output:
----------------------------------------------------------
DEBUG: Listening for incoming connection...
DEBUG: Connecting to 169.254.144.1:23307...
Successfully connected to 169.254.144.1:23307.
New connection from 169.254.144.1:34101.
DEBUG: Outbound stream to 169.254.144.1:34101 finished (1 byte still in flight).
DEBUG: Inbound stream from 169.254.144.1:23307 finished cleanly.
DEBUG: Outbound stream to 169.254.144.1:34101 has been fully acknowledged.
DEBUG: Waiting for clean shutdown... DEBUG: Outbound stream to 169.254.144.1:23307 finished (8192 bytes still in flight).
DEBUG: Inbound stream from 169.254.144.1:34101 finished cleanly.
[...]
DEBUG: Inbound stream from 169.254.144.9:15697 finished cleanly.
DEBUG: Waiting for lingering segments (e.g. retransmissions of FIN) from peer...
DEBUG: Waiting for clean shutdown... DEBUG: Outbound stream to 169.254.144.1:36019 has been fully acknowledged.
DEBUG: TCP connection finished cleanly.
done.
DEBUG: TCP connection finished cleanly.
done.
<end of output>
Test time =   0.70 sec
----------------------------------------------------------
Test Passed.
"t_isD_128K_8K_L" end time: Jan 31 10:50 UTC
"t_isD_128K_8K_L" time elapsed: 00:00:00
----------------------------------------------------------

146/164 Testing: t_isD_128K_8K_lL
146/164 Test: t_isD_128K_8K_lL
Command: "/home/ubuntu/sponge/txrx.sh" "-isDd" "128K" "-w" "8K" "-l" "0.1" "-L" "0.1"
Directory: /home/ubuntu/sponge/build
"t_isD_128K_8K_lL" start time: Jan 31 10:50 UTC
Output:
----------------------------------------------------------
DEBUG: Listening for incoming connection...
DEBUG: Connecting to 169.254.144.9:29439...
Successfully connected to 169.254.144.9:29439.
New connection from 169.254.144.1:62361.
DEBUG: Outbound stream to 169.254.144.1:62361 finished (7192 bytes still in flight).
DEBUG: Outbound stream to 169.254.144.9:29439 finished (8192 bytes still in flight).
DEBUG: Inbound stream from 169.254.144.9:29439 finished cleanly.
DEBUG: Waiting for clean shutdown... DEBUG: Outbound stream to 169.254.144.1:62361 has been fully acknowledged.
DEBUG: Waiting for clean shutdown... DEBUG: Inbound stream from 169.254.144.1:62361 finished cleanly.
DEBUG: Waiting for lingering segments (e.g. retransmissions of FIN) from peer...
DEBUG: Outbound stream to 169.254.144.9:29439 has been fully acknowledged.
DEBUG: TCP connection finished cleanly.
done.
DEBUG: TCP connection finished cleanly.
done.
<end of output>
Test time =   0.75 sec
----------------------------------------------------------
Test Passed.
"t_isD_128K_8K_lL" end time: Jan 31 10:50 UTC
"t_isD_128K_8K_lL" time elapsed: 00:00:00
----------------------------------------------------------

147/164 Testing: t_icnS_128K_8K_l
147/164 Test: t_icnS_128K_8K_l
Command: "/home/ubuntu/sponge/txrx.sh" "-icSnd" "128K" "-w" "8K" "-l" "0.1"
Directory: /home/ubuntu/sponge/build
"t_icnS_128K_8K_l" start time: Jan 31 10:50 UTC
Output:
----------------------------------------------------------
DEBUG: Connecting to 169.254.144.1:32419...
Successfully connected to 169.254.144.1:32419.
DEBUG: Outbound stream to 169.254.144.1:32419 finished (6000 bytes still in flight).
DEBUG: Waiting for clean shutdown... DEBUG: Inbound stream from 169.254.144.1:32419 finished cleanly.
DEBUG: Outbound stream to 169.254.144.1:32419 has been fully acknowledged.
DEBUG: TCP connection finished cleanly.
done.
<end of output>
Test time =   0.93 sec
----------------------------------------------------------
Test Passed.
"t_icnS_128K_8K_l" end time: Jan 31 10:50 UTC
"t_icnS_128K_8K_l" time elapsed: 00:00:00
----------------------------------------------------------

148/164 Testing: t_icnS_128K_8K_L
148/164 Test: t_icnS_128K_8K_L
Command: "/home/ubuntu/sponge/txrx.sh" "-icSnd" "128K" "-w" "8K" "-L" "0.1"
Directory: /home/ubuntu/sponge/build
"t_icnS_128K_8K_L" start time: Jan 31 10:50 UTC
Output:
----------------------------------------------------------
DEBUG: Connecting to 169.254.144.1:3276...
Successfully connected to 169.254.144.1:3276.
DEBUG: Inbound stream from 169.254.144.1:3276 finished cleanly.
DEBUG: Waiting for clean shutdown... DEBUG: Outbound stream to 169.254.144.1:3276 finished (42000 bytes still in flight).
DEBUG: Outbound stream to 169.254.144.1:3276 has been fully acknowledged.
DEBUG: TCP connection finished cleanly.
done.
<end of output>
Test time =   0.35 sec
----------------------------------------------------------
Test Passed.
"t_icnS_128K_8K_L" end time: Jan 31 10:50 UTC
"t_icnS_128K_8K_L" time elapsed: 00:00:00
----------------------------------------------------------

149/164 Testing: t_icnS_128K_8K_lL
149/164 Test: t_icnS_128K_8K_lL
Command: "/home/ubuntu/sponge/txrx.sh" "-icSnd" "128K" "-w" "8K" "-l" "0.1" "-L" "0.1"
Directory: /home/ubuntu/sponge/build
"t_icnS_128K_8K_lL" start time: Jan 31 10:50 UTC
Output:
----------------------------------------------------------
DEBUG: Connecting to 169.254.144.1:12809...
Successfully connected to 169.254.144.1:12809.
DEBUG: Waiting for clean shutdown... DEBUG: Inbound stream from 169.254.144.1:12809 finished cleanly.
DEBUG: Outbound stream to 169.254.144.1:12809 finished (43000 bytes still in flight).
DEBUG: Outbound stream to 169.254.144.1:12809 has been fully acknowledged.
DEBUG: TCP connection finished cleanly.
done.
<end of output>
Test time =   0.38 sec
----------------------------------------------------------
Test Passed.
"t_icnS_128K_8K_lL" end time: Jan 31 10:50 UTC
"t_icnS_128K_8K_lL" time elapsed: 00:00:00
----------------------------------------------------------

150/164 Testing: t_icnR_128K_8K_l
150/164 Test: t_icnR_128K_8K_l
Command: "/home/ubuntu/sponge/txrx.sh" "-icRnd" "128K" "-w" "8K" "-l" "0.1"
Directory: /home/ubuntu/sponge/build
"t_icnR_128K_8K_l" start time: Jan 31 10:50 UTC
Output:
----------------------------------------------------------
DEBUG: Connecting to 169.254.144.1:20496...
Successfully connected to 169.254.144.1:20496.
DEBUG: Outbound stream to 169.254.144.1:20496 finished (1 byte still in flight).
DEBUG: Outbound stream to 169.254.144.1:20496 has been fully acknowledged.
DEBUG: Inbound stream from 169.254.144.1:20496 finished cleanly.
DEBUG: Waiting for lingering segments (e.g. retransmissions of FIN) from peer...
DEBUG: Waiting for clean shutdown... DEBUG: TCP connection finished cleanly.
done.
<end of output>
Test time =   0.39 sec
----------------------------------------------------------
Test Passed.
"t_icnR_128K_8K_l" end time: Jan 31 10:50 UTC
"t_icnR_128K_8K_l" time elapsed: 00:00:00
----------------------------------------------------------

151/164 Testing: t_icnR_128K_8K_L
151/164 Test: t_icnR_128K_8K_L
Command: "/home/ubuntu/sponge/txrx.sh" "-icRnd" "128K" "-w" "8K" "-L" "0.1"
Directory: /home/ubuntu/sponge/build
"t_icnR_128K_8K_L" start time: Jan 31 10:50 UTC
Output:
----------------------------------------------------------
DEBUG: Connecting to 169.254.144.1:17840...
Successfully connected to 169.254.144.1:17840.
DEBUG: Outbound stream to 169.254.144.1:17840 finished (1 byte still in flight).
DEBUG: Waiting for clean shutdown... DEBUG: Inbound stream from 169.254.144.1:17840 finished cleanly.
DEBUG: Outbound stream to 169.254.144.1:17840 has been fully acknowledged.
DEBUG: TCP connection finished cleanly.
done.
<end of output>
Test time =   0.30 sec
----------------------------------------------------------
Test Passed.
"t_icnR_128K_8K_L" end time: Jan 31 10:51 UTC
"t_icnR_128K_8K_L" time elapsed: 00:00:00
----------------------------------------------------------

152/164 Testing: t_icnR_128K_8K_lL
152/164 Test: t_icnR_128K_8K_lL
Command: "/home/ubuntu/sponge/txrx.sh" "-icRnd" "128K" "-w" "8K" "-l" "0.1" "-L" "0.1"
Directory: /home/ubuntu/sponge/build
"t_icnR_128K_8K_lL" start time: Jan 31 10:51 UTC
Output:
----------------------------------------------------------
DEBUG: Connecting to 169.254.144.1:22023...
Successfully connected to 169.254.144.1:22023.
DEBUG: Outbound stream to 169.254.144.1:22023 finished (1 byte still in flight).
DEBUG: Outbound stream to 169.254.144.1:22023 has been fully acknowledged.
DEBUG: Waiting for clean shutdown... DEBUG: Inbound stream from 169.254.144.1:22023 finished cleanly.
DEBUG: Waiting for lingering segments (e.g. retransmissions of FIN) from peer...
DEBUG: TCP connection finished cleanly.
done.
<end of output>
Test time =   0.46 sec
----------------------------------------------------------
Test Passed.
"t_icnR_128K_8K_lL" end time: Jan 31 10:51 UTC
"t_icnR_128K_8K_lL" time elapsed: 00:00:00
----------------------------------------------------------

153/164 Testing: t_icnD_128K_8K_l
153/164 Test: t_icnD_128K_8K_l
Command: "/home/ubuntu/sponge/txrx.sh" "-icDnd" "128K" "-w" "8K" "-l" "0.1"
Directory: /home/ubuntu/sponge/build
"t_icnD_128K_8K_l" start time: Jan 31 10:51 UTC
Output:
----------------------------------------------------------
DEBUG: Connecting to 169.254.144.1:23126...
Successfully connected to 169.254.144.1:23126.
DEBUG: Outbound stream to 169.254.144.1:23126 finished (43304 bytes still in flight).
DEBUG: Outbound stream to 169.254.144.1:23126 has been fully acknowledged.
DEBUG: Waiting for clean shutdown... DEBUG: Inbound stream from 169.254.144.1:23126 finished cleanly.
DEBUG: Waiting for lingering segments (e.g. retransmissions of FIN) from peer...
DEBUG: TCP connection finished cleanly.
done.
<end of output>
Test time =   0.52 sec
----------------------------------------------------------
Test Passed.
"t_icnD_128K_8K_l" end time: Jan 31 10:51 UTC
"t_icnD_128K_8K_l" time elapsed: 00:00:00
----------------------------------------------------------

154/164 Testing: t_icnD_128K_8K_L
154/164 Test: t_icnD_128K_8K_L
Command: "/home/ubuntu/sponge/txrx.sh" "-icDnd" "128K" "-w" "8K" "-L" "0.1"
Directory: /home/ubuntu/sponge/build
"t_icnD_128K_8K_L" start time: Jan 31 10:51 UTC
Output:
----------------------------------------------------------
DEBUG: Connecting to 169.254.144.1:33380...
Successfully connected to 169.254.144.1:33380.
DEBUG: Waiting for clean shutdown... DEBUG: Inbound stream from 169.254.144.1:33380 finished cleanly.
DEBUG: Outbound stream to 169.254.144.1:33380 finished (29000 bytes still in flight).
DEBUG: Outbound stream to 169.254.144.1:33380 has been fully acknowledged.
DEBUG: TCP connection finished cleanly.
done.
<end of output>
Test time =   0.30 sec
----------------------------------------------------------
Test Passed.
"t_icnD_128K_8K_L" end time: Jan 31 10:51 UTC
"t_icnD_128K_8K_L" time elapsed: 00:00:00
----------------------------------------------------------

155/164 Testing: t_icnD_128K_8K_lL
155/164 Test: t_icnD_128K_8K_lL
Command: "/home/ubuntu/sponge/txrx.sh" "-icDnd" "128K" "-w" "8K" "-l" "0.1" "-L" "0.1"
Directory: /home/ubuntu/sponge/build
"t_icnD_128K_8K_lL" start time: Jan 31 10:51 UTC
Output:
----------------------------------------------------------
DEBUG: Connecting to 169.254.144.1:32640...
Successfully connected to 169.254.144.1:32640.
DEBUG: Outbound stream to 169.254.144.1:32640 finished (29000 bytes still in flight).
DEBUG: Outbound stream to 169.254.144.1:32640 has been fully acknowledged.
DEBUG: Inbound stream from 169.254.144.1:32640 finished cleanly.
DEBUG: Waiting for lingering segments (e.g. retransmissions of FIN) from peer...
DEBUG: Waiting for clean shutdown... DEBUG: TCP connection finished cleanly.
done.
<end of output>
Test time =   0.84 sec
----------------------------------------------------------
Test Passed.
"t_icnD_128K_8K_lL" end time: Jan 31 10:51 UTC
"t_icnD_128K_8K_lL" time elapsed: 00:00:00
----------------------------------------------------------

156/164 Testing: t_isnS_128K_8K_l
156/164 Test: t_isnS_128K_8K_l
Command: "/home/ubuntu/sponge/txrx.sh" "-isSnd" "128K" "-w" "8K" "-l" "0.1"
Directory: /home/ubuntu/sponge/build
"t_isnS_128K_8K_l" start time: Jan 31 10:51 UTC
Output:
----------------------------------------------------------
DEBUG: Listening for incoming connection...
New connection from 169.254.144.1:48116.
DEBUG: Inbound stream from 169.254.144.1:48116 finished cleanly.
DEBUG: Waiting for clean shutdown... DEBUG: Outbound stream to 169.254.144.1:48116 finished (64833 bytes still in flight).
DEBUG: Outbound stream to 169.254.144.1:48116 has been fully acknowledged.
DEBUG: TCP connection finished cleanly.
done.
<end of output>
Test time =   0.15 sec
----------------------------------------------------------
Test Passed.
"t_isnS_128K_8K_l" end time: Jan 31 10:51 UTC
"t_isnS_128K_8K_l" time elapsed: 00:00:00
----------------------------------------------------------

157/164 Testing: t_isnS_128K_8K_L
157/164 Test: t_isnS_128K_8K_L
Command: "/home/ubuntu/sponge/txrx.sh" "-isSnd" "128K" "-w" "8K" "-L" "0.1"
Directory: /home/ubuntu/sponge/build
"t_isnS_128K_8K_L" start time: Jan 31 10:51 UTC
Output:
----------------------------------------------------------
DEBUG: Listening for incoming connection...
New connection from 169.254.144.1:49316.
DEBUG: Inbound stream from 169.254.144.1:49316 finished cleanly.
DEBUG: Waiting for clean shutdown... DEBUG: Outbound stream to 169.254.144.1:49316 finished (48000 bytes still in flight).
DEBUG: Outbound stream to 169.254.144.1:49316 has been fully acknowledged.
DEBUG: TCP connection finished cleanly.
done.
<end of output>
Test time =   0.30 sec
----------------------------------------------------------
Test Passed.
"t_isnS_128K_8K_L" end time: Jan 31 10:51 UTC
"t_isnS_128K_8K_L" time elapsed: 00:00:00
----------------------------------------------------------

158/164 Testing: t_isnS_128K_8K_lL
158/164 Test: t_isnS_128K_8K_lL
Command: "/home/ubuntu/sponge/txrx.sh" "-isSnd" "128K" "-w" "8K" "-l" "0.1" "-L" "0.1"
Directory: /home/ubuntu/sponge/build
"t_isnS_128K_8K_lL" start time: Jan 31 10:51 UTC
Output:
----------------------------------------------------------
DEBUG: Listening for incoming connection...
New connection from 169.254.144.1:53472.
DEBUG: Inbound stream from 169.254.144.1:53472 finished cleanly.
DEBUG: Waiting for clean shutdown... DEBUG: Outbound stream to 169.254.144.1:53472 finished (52000 bytes still in flight).
DEBUG: Outbound stream to 169.254.144.1:53472 has been fully acknowledged.
DEBUG: TCP connection finished cleanly.
done.
<end of output>
Test time =   0.37 sec
----------------------------------------------------------
Test Passed.
"t_isnS_128K_8K_lL" end time: Jan 31 10:51 UTC
"t_isnS_128K_8K_lL" time elapsed: 00:00:00
----------------------------------------------------------

159/164 Testing: t_isnR_128K_8K_l
159/164 Test: t_isnR_128K_8K_l
Command: "/home/ubuntu/sponge/txrx.sh" "-isRnd" "128K" "-w" "8K" "-l" "0.1"
Directory: /home/ubuntu/sponge/build
"t_isnR_128K_8K_l" start time: Jan 31 10:51 UTC
Output:
----------------------------------------------------------
DEBUG: Listening for incoming connection...
New connection from 169.254.144.1:42620.
DEBUG: Outbound stream to 169.254.144.1:42620 finished (1 byte still in flight).
DEBUG: Outbound stream to 169.254.144.1:42620 has been fully acknowledged.
DEBUG: Inbound stream from 169.254.144.1:42620 finished cleanly.
DEBUG: Waiting for lingering segments (e.g. retransmissions of FIN) from peer...
DEBUG: Waiting for clean shutdown... DEBUG: TCP connection finished cleanly.
done.
<end of output>
Test time =   0.65 sec
----------------------------------------------------------
Test Passed.
"t_isnR_128K_8K_l" end time: Jan 31 10:51 UTC
"t_isnR_128K_8K_l" time elapsed: 00:00:00
----------------------------------------------------------

160/164 Testing: t_isnR_128K_8K_L
160/164 Test: t_isnR_128K_8K_L
Command: "/home/ubuntu/sponge/txrx.sh" "-isRnd" "128K" "-w" "8K" "-L" "0.1"
Directory: /home/ubuntu/sponge/build
"t_isnR_128K_8K_L" start time: Jan 31 10:51 UTC
Output:
----------------------------------------------------------
DEBUG: Listening for incoming connection...
New connection from 169.254.144.1:52394.
DEBUG: Outbound stream to 169.254.144.1:52394 finished (1 byte still in flight).
DEBUG: Outbound stream to 169.254.144.1:52394 has been fully acknowledged.
DEBUG: Inbound stream from 169.254.144.1:52394 finished cleanly.
DEBUG: Waiting for lingering segments (e.g. retransmissions of FIN) from peer...
DEBUG: Waiting for clean shutdown... DEBUG: TCP connection finished cleanly.
done.
<end of output>
Test time =   0.28 sec
----------------------------------------------------------
Test Passed.
"t_isnR_128K_8K_L" end time: Jan 31 10:51 UTC
"t_isnR_128K_8K_L" time elapsed: 00:00:00
----------------------------------------------------------

161/164 Testing: t_isnR_128K_8K_lL
161/164 Test: t_isnR_128K_8K_lL
Command: "/home/ubuntu/sponge/txrx.sh" "-isRnd" "128K" "-w" "8K" "-l" "0.1" "-L" "0.1"
Directory: /home/ubuntu/sponge/build
"t_isnR_128K_8K_lL" start time: Jan 31 10:51 UTC
Output:
----------------------------------------------------------
DEBUG: Listening for incoming connection...
New connection from 169.254.144.1:49484.
DEBUG: Outbound stream to 169.254.144.1:49484 finished (1 byte still in flight).
DEBUG: Outbound stream to 169.254.144.1:49484 has been fully acknowledged.
DEBUG: Inbound stream from 169.254.144.1:49484 finished cleanly.
DEBUG: Waiting for lingering segments (e.g. retransmissions of FIN) from peer...
DEBUG: Waiting for clean shutdown... DEBUG: TCP connection finished cleanly.
done.
<end of output>
Test time =   0.72 sec
----------------------------------------------------------
Test Passed.
"t_isnR_128K_8K_lL" end time: Jan 31 10:51 UTC
"t_isnR_128K_8K_lL" time elapsed: 00:00:00
----------------------------------------------------------

162/164 Testing: t_isnD_128K_8K_l
162/164 Test: t_isnD_128K_8K_l
Command: "/home/ubuntu/sponge/txrx.sh" "-isDnd" "128K" "-w" "8K" "-l" "0.1"
Directory: /home/ubuntu/sponge/build
"t_isnD_128K_8K_l" start time: Jan 31 10:51 UTC
Output:
----------------------------------------------------------
DEBUG: Listening for incoming connection...
New connection from 169.254.144.1:50164.
DEBUG: Outbound stream to 169.254.144.1:50164 finished (63000 bytes still in flight).
DEBUG: Outbound stream to 169.254.144.1:50164 has been fully acknowledged.
DEBUG: Waiting for clean shutdown... DEBUG: Inbound stream from 169.254.144.1:50164 finished cleanly.
DEBUG: Waiting for lingering segments (e.g. retransmissions of FIN) from peer...
DEBUG: TCP connection finished cleanly.
done.
<end of output>
Test time =   0.40 sec
----------------------------------------------------------
Test Passed.
"t_isnD_128K_8K_l" end time: Jan 31 10:51 UTC
"t_isnD_128K_8K_l" time elapsed: 00:00:00
----------------------------------------------------------

163/164 Testing: t_isnD_128K_8K_L
163/164 Test: t_isnD_128K_8K_L
Command: "/home/ubuntu/sponge/txrx.sh" "-isDnd" "128K" "-w" "8K" "-L" "0.1"
Directory: /home/ubuntu/sponge/build
"t_isnD_128K_8K_L" start time: Jan 31 10:51 UTC
Output:
----------------------------------------------------------
DEBUG: Listening for incoming connection...
New connection from 169.254.144.1:53176.
DEBUG: Inbound stream from 169.254.144.1:53176 finished cleanly.
DEBUG: Waiting for clean shutdown... DEBUG: Outbound stream to 169.254.144.1:53176 finished (31000 bytes still in flight).
DEBUG: Outbound stream to 169.254.144.1:53176 has been fully acknowledged.
DEBUG: TCP connection finished cleanly.
done.
<end of output>
Test time =   0.42 sec
----------------------------------------------------------
Test Passed.
"t_isnD_128K_8K_L" end time: Jan 31 10:51 UTC
"t_isnD_128K_8K_L" time elapsed: 00:00:00
----------------------------------------------------------

164/164 Testing: t_isnD_128K_8K_lL
164/164 Test: t_isnD_128K_8K_lL
Command: "/home/ubuntu/sponge/txrx.sh" "-isDnd" "128K" "-w" "8K" "-l" "0.1" "-L" "0.1"
Directory: /home/ubuntu/sponge/build
"t_isnD_128K_8K_lL" start time: Jan 31 10:51 UTC
Output:
----------------------------------------------------------
DEBUG: Listening for incoming connection...
New connection from 169.254.144.1:36980.
DEBUG: Outbound stream to 169.254.144.1:36980 finished (28000 bytes still in flight).
DEBUG: Outbound stream to 169.254.144.1:36980 has been fully acknowledged.
DEBUG: Waiting for clean shutdown... DEBUG: Inbound stream from 169.254.144.1:36980 finished cleanly.
DEBUG: Waiting for lingering segments (e.g. retransmissions of FIN) from peer...
DEBUG: TCP connection finished cleanly.
done.
<end of output>
Test time =   1.11 sec
----------------------------------------------------------
Test Passed.
"t_isnD_128K_8K_lL" end time: Jan 31 10:51 UTC
"t_isnD_128K_8K_lL" time elapsed: 00:00:01
----------------------------------------------------------

End testing: Jan 31 10:51 UTC
