Start testing: Jan 31 10:22 UTC
----------------------------------------------------------
1/164 Testing: t_wrapping_ints_cmp
1/164 Test: t_wrapping_ints_cmp
Command: "/home/ubuntu/sponge/build/tests/wrapping_integers_cmp"
Directory: /home/ubuntu/sponge/build
"t_wrapping_ints_cmp" start time: Jan 31 10:22 UTC
Output:
----------------------------------------------------------
<end of output>
Test time =   0.00 sec
----------------------------------------------------------
Test Passed.
"t_wrapping_ints_cmp" end time: Jan 31 10:22 UTC
"t_wrapping_ints_cmp" time elapsed: 00:00:00
----------------------------------------------------------

2/164 Testing: t_wrapping_ints_unwrap
2/164 Test: t_wrapping_ints_unwrap
Command: "/home/ubuntu/sponge/build/tests/wrapping_integers_unwrap"
Directory: /home/ubuntu/sponge/build
"t_wrapping_ints_unwrap" start time: Jan 31 10:22 UTC
Output:
----------------------------------------------------------
<end of output>
Test time =   0.00 sec
----------------------------------------------------------
Test Passed.
"t_wrapping_ints_unwrap" end time: Jan 31 10:22 UTC
"t_wrapping_ints_unwrap" time elapsed: 00:00:00
----------------------------------------------------------

3/164 Testing: t_wrapping_ints_wrap
3/164 Test: t_wrapping_ints_wrap
Command: "/home/ubuntu/sponge/build/tests/wrapping_integers_wrap"
Directory: /home/ubuntu/sponge/build
"t_wrapping_ints_wrap" start time: Jan 31 10:22 UTC
Output:
----------------------------------------------------------
<end of output>
Test time =   0.00 sec
----------------------------------------------------------
Test Passed.
"t_wrapping_ints_wrap" end time: Jan 31 10:22 UTC
"t_wrapping_ints_wrap" time elapsed: 00:00:00
----------------------------------------------------------

4/164 Testing: t_wrapping_ints_roundtrip
4/164 Test: t_wrapping_ints_roundtrip
Command: "/home/ubuntu/sponge/build/tests/wrapping_integers_roundtrip"
Directory: /home/ubuntu/sponge/build
"t_wrapping_ints_roundtrip" start time: Jan 31 10:22 UTC
Output:
----------------------------------------------------------
<end of output>
Test time =   0.09 sec
----------------------------------------------------------
Test Passed.
"t_wrapping_ints_roundtrip" end time: Jan 31 10:22 UTC
"t_wrapping_ints_roundtrip" time elapsed: 00:00:00
----------------------------------------------------------

5/164 Testing: t_recv_connect
5/164 Test: t_recv_connect
Command: "/home/ubuntu/sponge/build/tests/recv_connect"
Directory: /home/ubuntu/sponge/build
"t_recv_connect" start time: Jan 31 10:22 UTC
Output:
----------------------------------------------------------
<end of output>
Test time =   0.00 sec
----------------------------------------------------------
Test Passed.
"t_recv_connect" end time: Jan 31 10:22 UTC
"t_recv_connect" time elapsed: 00:00:00
----------------------------------------------------------

6/164 Testing: t_recv_transmit
6/164 Test: t_recv_transmit
Command: "/home/ubuntu/sponge/build/tests/recv_transmit"
Directory: /home/ubuntu/sponge/build
"t_recv_transmit" start time: Jan 31 10:22 UTC
Output:
----------------------------------------------------------
<end of output>
Test time =   0.03 sec
----------------------------------------------------------
Test Passed.
"t_recv_transmit" end time: Jan 31 10:22 UTC
"t_recv_transmit" time elapsed: 00:00:00
----------------------------------------------------------

7/164 Testing: t_recv_window
7/164 Test: t_recv_window
Command: "/home/ubuntu/sponge/build/tests/recv_window"
Directory: /home/ubuntu/sponge/build
"t_recv_window" start time: Jan 31 10:22 UTC
Output:
----------------------------------------------------------
<end of output>
Test time =   0.00 sec
----------------------------------------------------------
Test Passed.
"t_recv_window" end time: Jan 31 10:22 UTC
"t_recv_window" time elapsed: 00:00:00
----------------------------------------------------------

8/164 Testing: t_recv_reorder
8/164 Test: t_recv_reorder
Command: "/home/ubuntu/sponge/build/tests/recv_reorder"
Directory: /home/ubuntu/sponge/build
"t_recv_reorder" start time: Jan 31 10:22 UTC
Output:
----------------------------------------------------------
<end of output>
Test time =   0.00 sec
----------------------------------------------------------
Test Passed.
"t_recv_reorder" end time: Jan 31 10:22 UTC
"t_recv_reorder" time elapsed: 00:00:00
----------------------------------------------------------

9/164 Testing: t_recv_close
9/164 Test: t_recv_close
Command: "/home/ubuntu/sponge/build/tests/recv_close"
Directory: /home/ubuntu/sponge/build
"t_recv_close" start time: Jan 31 10:22 UTC
Output:
----------------------------------------------------------
<end of output>
Test time =   0.00 sec
----------------------------------------------------------
Test Passed.
"t_recv_close" end time: Jan 31 10:22 UTC
"t_recv_close" time elapsed: 00:00:00
----------------------------------------------------------

10/164 Testing: t_recv_special
10/164 Test: t_recv_special
Command: "/home/ubuntu/sponge/build/tests/recv_special"
Directory: /home/ubuntu/sponge/build
"t_recv_special" start time: Jan 31 10:22 UTC
Output:
----------------------------------------------------------
<end of output>
Test time =   0.00 sec
----------------------------------------------------------
Test Passed.
"t_recv_special" end time: Jan 31 10:22 UTC
"t_recv_special" time elapsed: 00:00:00
----------------------------------------------------------

11/164 Testing: t_send_connect
11/164 Test: t_send_connect
Command: "/home/ubuntu/sponge/build/tests/send_connect"
Directory: /home/ubuntu/sponge/build
"t_send_connect" start time: Jan 31 10:22 UTC
Output:
----------------------------------------------------------
<end of output>
Test time =   0.00 sec
----------------------------------------------------------
Test Passed.
"t_send_connect" end time: Jan 31 10:22 UTC
"t_send_connect" time elapsed: 00:00:00
----------------------------------------------------------

12/164 Testing: t_send_transmit
12/164 Test: t_send_transmit
Command: "/home/ubuntu/sponge/build/tests/send_transmit"
Directory: /home/ubuntu/sponge/build
"t_send_transmit" start time: Jan 31 10:22 UTC
Output:
----------------------------------------------------------
<end of output>
Test time =   0.03 sec
----------------------------------------------------------
Test Passed.
"t_send_transmit" end time: Jan 31 10:22 UTC
"t_send_transmit" time elapsed: 00:00:00
----------------------------------------------------------

13/164 Testing: t_send_retx
13/164 Test: t_send_retx
Command: "/home/ubuntu/sponge/build/tests/send_retx"
Directory: /home/ubuntu/sponge/build
"t_send_retx" start time: Jan 31 10:22 UTC
Output:
----------------------------------------------------------
<end of output>
Test time =   0.00 sec
----------------------------------------------------------
Test Passed.
"t_send_retx" end time: Jan 31 10:22 UTC
"t_send_retx" time elapsed: 00:00:00
----------------------------------------------------------

14/164 Testing: t_send_window
14/164 Test: t_send_window
Command: "/home/ubuntu/sponge/build/tests/send_window"
Directory: /home/ubuntu/sponge/build
"t_send_window" start time: Jan 31 10:22 UTC
Output:
----------------------------------------------------------
<end of output>
Test time =   0.01 sec
----------------------------------------------------------
Test Passed.
"t_send_window" end time: Jan 31 10:22 UTC
"t_send_window" time elapsed: 00:00:00
----------------------------------------------------------

15/164 Testing: t_send_ack
15/164 Test: t_send_ack
Command: "/home/ubuntu/sponge/build/tests/send_ack"
Directory: /home/ubuntu/sponge/build
"t_send_ack" start time: Jan 31 10:22 UTC
Output:
----------------------------------------------------------
<end of output>
Test time =   0.00 sec
----------------------------------------------------------
Test Passed.
"t_send_ack" end time: Jan 31 10:22 UTC
"t_send_ack" time elapsed: 00:00:00
----------------------------------------------------------

16/164 Testing: t_send_close
16/164 Test: t_send_close
Command: "/home/ubuntu/sponge/build/tests/send_close"
Directory: /home/ubuntu/sponge/build
"t_send_close" start time: Jan 31 10:22 UTC
Output:
----------------------------------------------------------
<end of output>
Test time =   0.00 sec
----------------------------------------------------------
Test Passed.
"t_send_close" end time: Jan 31 10:22 UTC
"t_send_close" time elapsed: 00:00:00
----------------------------------------------------------

17/164 Testing: t_send_extra
17/164 Test: t_send_extra
Command: "/home/ubuntu/sponge/build/tests/send_extra"
Directory: /home/ubuntu/sponge/build
"t_send_extra" start time: Jan 31 10:22 UTC
Output:
----------------------------------------------------------
<end of output>
Test time =   0.00 sec
----------------------------------------------------------
Test Passed.
"t_send_extra" end time: Jan 31 10:22 UTC
"t_send_extra" time elapsed: 00:00:00
----------------------------------------------------------

18/164 Testing: t_strm_reassem_single
18/164 Test: t_strm_reassem_single
Command: "/home/ubuntu/sponge/build/tests/fsm_stream_reassembler_single"
Directory: /home/ubuntu/sponge/build
"t_strm_reassem_single" start time: Jan 31 10:22 UTC
Output:
----------------------------------------------------------
<end of output>
Test time =   0.00 sec
----------------------------------------------------------
Test Passed.
"t_strm_reassem_single" end time: Jan 31 10:22 UTC
"t_strm_reassem_single" time elapsed: 00:00:00
----------------------------------------------------------

19/164 Testing: t_strm_reassem_seq
19/164 Test: t_strm_reassem_seq
Command: "/home/ubuntu/sponge/build/tests/fsm_stream_reassembler_seq"
Directory: /home/ubuntu/sponge/build
"t_strm_reassem_seq" start time: Jan 31 10:22 UTC
Output:
----------------------------------------------------------
<end of output>
Test time =   0.00 sec
----------------------------------------------------------
Test Passed.
"t_strm_reassem_seq" end time: Jan 31 10:22 UTC
"t_strm_reassem_seq" time elapsed: 00:00:00
----------------------------------------------------------

20/164 Testing: t_strm_reassem_dup
20/164 Test: t_strm_reassem_dup
Command: "/home/ubuntu/sponge/build/tests/fsm_stream_reassembler_dup"
Directory: /home/ubuntu/sponge/build
"t_strm_reassem_dup" start time: Jan 31 10:22 UTC
Output:
----------------------------------------------------------
<end of output>
Test time =   0.01 sec
----------------------------------------------------------
Test Passed.
"t_strm_reassem_dup" end time: Jan 31 10:22 UTC
"t_strm_reassem_dup" time elapsed: 00:00:00
----------------------------------------------------------

21/164 Testing: t_strm_reassem_holes
21/164 Test: t_strm_reassem_holes
Command: "/home/ubuntu/sponge/build/tests/fsm_stream_reassembler_holes"
Directory: /home/ubuntu/sponge/build
"t_strm_reassem_holes" start time: Jan 31 10:22 UTC
Output:
----------------------------------------------------------
<end of output>
Test time =   0.00 sec
----------------------------------------------------------
Test Passed.
"t_strm_reassem_holes" end time: Jan 31 10:22 UTC
"t_strm_reassem_holes" time elapsed: 00:00:00
----------------------------------------------------------

22/164 Testing: t_strm_reassem_many
22/164 Test: t_strm_reassem_many
Command: "/home/ubuntu/sponge/build/tests/fsm_stream_reassembler_many"
Directory: /home/ubuntu/sponge/build
"t_strm_reassem_many" start time: Jan 31 10:22 UTC
Output:
----------------------------------------------------------
<end of output>
Test time =   0.10 sec
----------------------------------------------------------
Test Passed.
"t_strm_reassem_many" end time: Jan 31 10:22 UTC
"t_strm_reassem_many" time elapsed: 00:00:00
----------------------------------------------------------

23/164 Testing: t_strm_reassem_overlapping
23/164 Test: t_strm_reassem_overlapping
Command: "/home/ubuntu/sponge/build/tests/fsm_stream_reassembler_overlapping"
Directory: /home/ubuntu/sponge/build
"t_strm_reassem_overlapping" start time: Jan 31 10:22 UTC
Output:
----------------------------------------------------------
<end of output>
Test time =   0.00 sec
----------------------------------------------------------
Test Passed.
"t_strm_reassem_overlapping" end time: Jan 31 10:22 UTC
"t_strm_reassem_overlapping" time elapsed: 00:00:00
----------------------------------------------------------

24/164 Testing: t_strm_reassem_win
24/164 Test: t_strm_reassem_win
Command: "/home/ubuntu/sponge/build/tests/fsm_stream_reassembler_win"
Directory: /home/ubuntu/sponge/build
"t_strm_reassem_win" start time: Jan 31 10:22 UTC
Output:
----------------------------------------------------------
<end of output>
Test time =   0.11 sec
----------------------------------------------------------
Test Passed.
"t_strm_reassem_win" end time: Jan 31 10:22 UTC
"t_strm_reassem_win" time elapsed: 00:00:00
----------------------------------------------------------

25/164 Testing: t_strm_reassem_cap
25/164 Test: t_strm_reassem_cap
Command: "/home/ubuntu/sponge/build/tests/fsm_stream_reassembler_cap"
Directory: /home/ubuntu/sponge/build
"t_strm_reassem_cap" start time: Jan 31 10:22 UTC
Output:
----------------------------------------------------------
<end of output>
Test time =   0.06 sec
----------------------------------------------------------
Test Passed.
"t_strm_reassem_cap" end time: Jan 31 10:22 UTC
"t_strm_reassem_cap" time elapsed: 00:00:00
----------------------------------------------------------

26/164 Testing: t_byte_stream_construction
26/164 Test: t_byte_stream_construction
Command: "/home/ubuntu/sponge/build/tests/byte_stream_construction"
Directory: /home/ubuntu/sponge/build
"t_byte_stream_construction" start time: Jan 31 10:22 UTC
Output:
----------------------------------------------------------
<end of output>
Test time =   0.00 sec
----------------------------------------------------------
Test Passed.
"t_byte_stream_construction" end time: Jan 31 10:22 UTC
"t_byte_stream_construction" time elapsed: 00:00:00
----------------------------------------------------------

27/164 Testing: t_byte_stream_one_write
27/164 Test: t_byte_stream_one_write
Command: "/home/ubuntu/sponge/build/tests/byte_stream_one_write"
Directory: /home/ubuntu/sponge/build
"t_byte_stream_one_write" start time: Jan 31 10:22 UTC
Output:
----------------------------------------------------------
<end of output>
Test time =   0.00 sec
----------------------------------------------------------
Test Passed.
"t_byte_stream_one_write" end time: Jan 31 10:22 UTC
"t_byte_stream_one_write" time elapsed: 00:00:00
----------------------------------------------------------

28/164 Testing: t_byte_stream_two_writes
28/164 Test: t_byte_stream_two_writes
Command: "/home/ubuntu/sponge/build/tests/byte_stream_two_writes"
Directory: /home/ubuntu/sponge/build
"t_byte_stream_two_writes" start time: Jan 31 10:22 UTC
Output:
----------------------------------------------------------
<end of output>
Test time =   0.00 sec
----------------------------------------------------------
Test Passed.
"t_byte_stream_two_writes" end time: Jan 31 10:22 UTC
"t_byte_stream_two_writes" time elapsed: 00:00:00
----------------------------------------------------------

29/164 Testing: t_byte_stream_capacity
29/164 Test: t_byte_stream_capacity
Command: "/home/ubuntu/sponge/build/tests/byte_stream_capacity"
Directory: /home/ubuntu/sponge/build
"t_byte_stream_capacity" start time: Jan 31 10:22 UTC
Output:
----------------------------------------------------------
<end of output>
Test time =   0.36 sec
----------------------------------------------------------
Test Passed.
"t_byte_stream_capacity" end time: Jan 31 10:22 UTC
"t_byte_stream_capacity" time elapsed: 00:00:00
----------------------------------------------------------

30/164 Testing: t_byte_stream_many_writes
30/164 Test: t_byte_stream_many_writes
Command: "/home/ubuntu/sponge/build/tests/byte_stream_many_writes"
Directory: /home/ubuntu/sponge/build
"t_byte_stream_many_writes" start time: Jan 31 10:22 UTC
Output:
----------------------------------------------------------
<end of output>
Test time =   0.01 sec
----------------------------------------------------------
Test Passed.
"t_byte_stream_many_writes" end time: Jan 31 10:22 UTC
"t_byte_stream_many_writes" time elapsed: 00:00:00
----------------------------------------------------------

31/164 Testing: t_webget
31/164 Test: t_webget
Command: "/home/ubuntu/sponge/tests/webget_t.sh"
Directory: /home/ubuntu/sponge/build
"t_webget" start time: Jan 31 10:22 UTC
Output:
----------------------------------------------------------
HTTP/1.1 200 OK
Content-type: text/plain

7SmXqWkrLKzVBCEalbSPqBcvs11Pw263K7x4Wv3JckI
Function called: get_URL(cs144.keithw.org, /nph-hasher/xyzzy).
Warning: get_URL() has not been implemented yet.
<end of output>
Test time =   0.95 sec
----------------------------------------------------------
Test Passed.
"t_webget" end time: Jan 31 10:22 UTC
"t_webget" time elapsed: 00:00:00
----------------------------------------------------------

34/164 Testing: t_tcp_parser
34/164 Test: t_tcp_parser
Command: "/home/ubuntu/sponge/build/tests/tcp_parser" "/home/ubuntu/sponge/tests/ipv4_parser.data"
Directory: /home/ubuntu/sponge/build
"t_tcp_parser" start time: Jan 31 10:22 UTC
Output:
----------------------------------------------------------
<end of output>
Test time =   0.01 sec
----------------------------------------------------------
Test Passed.
"t_tcp_parser" end time: Jan 31 10:22 UTC
"t_tcp_parser" time elapsed: 00:00:00
----------------------------------------------------------

35/164 Testing: t_ipv4_parser
35/164 Test: t_ipv4_parser
Command: "/home/ubuntu/sponge/build/tests/ipv4_parser" "/home/ubuntu/sponge/tests/ipv4_parser.data"
Directory: /home/ubuntu/sponge/build
"t_ipv4_parser" start time: Jan 31 10:22 UTC
Output:
----------------------------------------------------------
<end of output>
Test time =   0.01 sec
----------------------------------------------------------
Test Passed.
"t_ipv4_parser" end time: Jan 31 10:22 UTC
"t_ipv4_parser" time elapsed: 00:00:00
----------------------------------------------------------

36/164 Testing: t_active_close
36/164 Test: t_active_close
Command: "/home/ubuntu/sponge/build/tests/fsm_active_close"
Directory: /home/ubuntu/sponge/build
"t_active_close" start time: Jan 31 10:22 UTC
Output:
----------------------------------------------------------
<end of output>
Test time =   0.00 sec
----------------------------------------------------------
Test Passed.
"t_active_close" end time: Jan 31 10:22 UTC
"t_active_close" time elapsed: 00:00:00
----------------------------------------------------------

37/164 Testing: t_passive_close
37/164 Test: t_passive_close
Command: "/home/ubuntu/sponge/build/tests/fsm_passive_close"
Directory: /home/ubuntu/sponge/build
"t_passive_close" start time: Jan 31 10:22 UTC
Output:
----------------------------------------------------------
<end of output>
Test time =   0.00 sec
----------------------------------------------------------
Test Passed.
"t_passive_close" end time: Jan 31 10:22 UTC
"t_passive_close" time elapsed: 00:00:00
----------------------------------------------------------

38/164 Testing: t_ack_rst
38/164 Test: t_ack_rst
Command: "/home/ubuntu/sponge/build/tests/fsm_ack_rst_relaxed"
Directory: /home/ubuntu/sponge/build
"t_ack_rst" start time: Jan 31 10:22 UTC
Output:
----------------------------------------------------------
Test 1
Test 2
Test 3
Warning: Unclean shutdown of TCPConnection
Warning: Unclean shutdown of TCPConnection
Warning: Unclean shutdown of TCPConnection
Warning: Unclean shutdown of TCPConnection
Warning: Unclean shutdown of TCPConnection
Warning: Unclean shutdown of TCPConnection
Warning: Unclean shutdown of TCPConnection
Warning: Unclean shutdown of TCPConnection
Warning: Unclean shutdown of TCPConnection
Test 4
Test 5
Warning: Unclean shutdown of TCPConnection
Warning: Unclean shutdown of TCPConnection
<end of output>
Test time =   0.00 sec
----------------------------------------------------------
Test Passed.
"t_ack_rst" end time: Jan 31 10:22 UTC
"t_ack_rst" time elapsed: 00:00:00
----------------------------------------------------------

39/164 Testing: t_ack_rst_win
39/164 Test: t_ack_rst_win
Command: "/home/ubuntu/sponge/build/tests/fsm_ack_rst_win_relaxed"
Directory: /home/ubuntu/sponge/build
"t_ack_rst_win" start time: Jan 31 10:22 UTC
Output:
----------------------------------------------------------
<end of output>
Test time =   0.00 sec
----------------------------------------------------------
Test Passed.
"t_ack_rst_win" end time: Jan 31 10:22 UTC
"t_ack_rst_win" time elapsed: 00:00:00
----------------------------------------------------------

40/164 Testing: t_connect
40/164 Test: t_connect
Command: "/home/ubuntu/sponge/build/tests/fsm_connect_relaxed"
Directory: /home/ubuntu/sponge/build
"t_connect" start time: Jan 31 10:22 UTC
Output:
----------------------------------------------------------
Warning: Unclean shutdown of TCPConnection
Warning: Unclean shutdown of TCPConnection
Warning: Unclean shutdown of TCPConnection
<end of output>
Test time =   0.00 sec
----------------------------------------------------------
Test Passed.
"t_connect" end time: Jan 31 10:22 UTC
"t_connect" time elapsed: 00:00:00
----------------------------------------------------------

41/164 Testing: t_listen
41/164 Test: t_listen
Command: "/home/ubuntu/sponge/build/tests/fsm_listen_relaxed"
Directory: /home/ubuntu/sponge/build
"t_listen" start time: Jan 31 10:22 UTC
Output:
----------------------------------------------------------
Warning: Unclean shutdown of TCPConnection
<end of output>
Test time =   0.00 sec
----------------------------------------------------------
Test Passed.
"t_listen" end time: Jan 31 10:22 UTC
"t_listen" time elapsed: 00:00:00
----------------------------------------------------------

42/164 Testing: t_winsize
42/164 Test: t_winsize
Command: "/home/ubuntu/sponge/build/tests/fsm_winsize"
Directory: /home/ubuntu/sponge/build
"t_winsize" start time: Jan 31 10:22 UTC
Output:
----------------------------------------------------------
Warning: Unclean shutdown of TCPConnection
Warning: Unclean shutdown of TCPConnection
Warning: Unclean shutdown of TCPConnection
Warning: Unclean shutdown of TCPConnection
Warning: Unclean shutdown of TCPConnection
Warning: Unclean shutdown of TCPConnection
Warning: Unclean shutdown of TCPConnection
Warning: Unclean shutdown of TCPConnection
Warning: Unclean shutdown of TCPConnection
Warning: Unclean shutdown of TCPConnection
Warning: Unclean shutdown of TCPConnection
Warning: Unclean shutdown of TCPConnection
Warning: Unclean shutdown of TCPConnection
Warning: Unclean shutdown of TCPConnection
Warning: Unclean shutdown of TCPConnection
Warning: Unclean shutdown of TCPConnection
Warning: Unclean shutdown of TCPConnection
Warning: Unclean shutdown of TCPConnection
Warning: Unclean shutdown of TCPConnection
Warning: Unclean shutdown of TCPConnection
Warning: Unclean shutdown of TCPConnection
Warning: Unclean shutdown of TCPConnection
Warning: Unclean shutdown of TCPConnection
Warning: Unclean shutdown of TCPConnection
Warning: Unclean shutdown of TCPConnection
Warning: Unclean shutdown of TCPConnection
Warning: Unclean shutdown of TCPConnection
Warning: Unclean shutdown of TCPConnection
Warning: Unclean shutdown of TCPConnection
Warning: Unclean shutdown of TCPConnection
Warning: Unclean shutdown of TCPConnection
Warning: Unclean shutdown of TCPConnection
<end of output>
Test time =   0.04 sec
----------------------------------------------------------
Test Passed.
"t_winsize" end time: Jan 31 10:22 UTC
"t_winsize" time elapsed: 00:00:00
----------------------------------------------------------

43/164 Testing: t_retx
43/164 Test: t_retx
Command: "/home/ubuntu/sponge/build/tests/fsm_retx_relaxed"
Directory: /home/ubuntu/sponge/build
"t_retx" start time: Jan 31 10:22 UTC
Output:
----------------------------------------------------------
  check_segment
  check_segment
  check_segment
  check_segment
  check_segment
  check_segment
  check_segment
  check_segment
  check_segment
<end of output>
Test time =   0.00 sec
----------------------------------------------------------
Test Passed.
"t_retx" end time: Jan 31 10:22 UTC
"t_retx" time elapsed: 00:00:00
----------------------------------------------------------

44/164 Testing: t_retx_win
44/164 Test: t_retx_win
Command: "/home/ubuntu/sponge/build/tests/fsm_retx_win"
Directory: /home/ubuntu/sponge/build
"t_retx_win" start time: Jan 31 10:22 UTC
Output:
----------------------------------------------------------
  check_segment
  check_segment
  check_segment
  check_segment
Warning: Unclean shutdown of TCPConnection
  check_segment
  check_segment
  check_segment
  check_segment
Warning: Unclean shutdown of TCPConnection
  check_segment
  check_segment
  check_segment
  check_segment
Warning: Unclean shutdown of TCPConnection
  check_segment
  check_segment
  check_segment
  check_segment
Warning: Unclean shutdown of TCPConnection
  check_segment
  check_segment
  check_segment
  check_segment
  check_segment
Warning: Unclean shutdown of TCPConnection
  check_segment
  check_segment
  check_segment
  check_segment
  check_segment
  check_segment
Warning: Unclean shutdown of TCPConnection
  check_segment
  check_segment
  check_segment
  check_segment
  check_segment
  check_segment
  check_segment
Warning: Unclean shutdown of TCPConnection
  check_segment
  check_segment
  check_segment
  check_segment
  check_segment
  check_segment
  check_segment
  check_segment
Warning: Unclean shutdown of TCPConnection
  check_segment
  check_segment
  check_segment
  check_segment
  check_segment
  check_segment
  check_segment
  check_segment
  check_segment
Warning: Unclean shutdown of TCPConnection
  check_segment
  check_segment
  check_segment
  check_segment
  check_segment
  check_segment
  check_segment
  check_segment
  check_segment
  check_segment
Warning: Unclean shutdown of TCPConnection
<end of output>
Test time =   0.01 sec
----------------------------------------------------------
Test Passed.
"t_retx_win" end time: Jan 31 10:22 UTC
"t_retx_win" time elapsed: 00:00:00
----------------------------------------------------------

45/164 Testing: t_loopback
45/164 Test: t_loopback
Command: "/home/ubuntu/sponge/build/tests/fsm_loopback"
Directory: /home/ubuntu/sponge/build
"t_loopback" start time: Jan 31 10:22 UTC
Output:
----------------------------------------------------------
Warning: Unclean shutdown of TCPConnection
Warning: Unclean shutdown of TCPConnection
Warning: Unclean shutdown of TCPConnection
Warning: Unclean shutdown of TCPConnection
Warning: Unclean shutdown of TCPConnection
Warning: Unclean shutdown of TCPConnection
Warning: Unclean shutdown of TCPConnection
Warning: Unclean shutdown of TCPConnection
Warning: Unclean shutdown of TCPConnection
Warning: Unclean shutdown of TCPConnection
Warning: Unclean shutdown of TCPConnection
Warning: Unclean shutdown of TCPConnection
Warning: Unclean shutdown of TCPConnection
Warning: Unclean shutdown of TCPConnection
Warning: Unclean shutdown of TCPConnection
Warning: Unclean shutdown of TCPConnection
Warning: Unclean shutdown of TCPConnection
Warning: Unclean shutdown of TCPConnection
Warning: Unclean shutdown of TCPConnection
Warning: Unclean shutdown of TCPConnection
Warning: Unclean shutdown of TCPConnection
Warning: Unclean shutdown of TCPConnection
Warning: Unclean shutdown of TCPConnection
Warning: Unclean shutdown of TCPConnection
Warning: Unclean shutdown of TCPConnection
Warning: Unclean shutdown of TCPConnection
Warning: Unclean shutdown of TCPConnection
Warning: Unclean shutdown of TCPConnection
Warning: Unclean shutdown of TCPConnection
Warning: Unclean shutdown of TCPConnection
Warning: Unclean shutdown of TCPConnection
Warning: Unclean shutdown of TCPConnection
Warning: Unclean shutdown of TCPConnection
Warning: Unclean shutdown of TCPConnection
Warning: Unclean shutdown of TCPConnection
Warning: Unclean shutdown of TCPConnection
Warning: Unclean shutdown of TCPConnection
Warning: Unclean shutdown of TCPConnection
Warning: Unclean shutdown of TCPConnection
Warning: Unclean shutdown of TCPConnection
Warning: Unclean shutdown of TCPConnection
Warning: Unclean shutdown of TCPConnection
Warning: Unclean shutdown of TCPConnection
Warning: Unclean shutdown of TCPConnection
Warning: Unclean shutdown of TCPConnection
Warning: Unclean shutdown of TCPConnection
Warning: Unclean shutdown of TCPConnection
Warning: Unclean shutdown of TCPConnection
Warning: Unclean shutdown of TCPConnection
Warning: Unclean shutdown of TCPConnection
Warning: Unclean shutdown of TCPConnection
Warning: Unclean shutdown of TCPConnection
Warning: Unclean shutdown of TCPConnection
Warning: Unclean shutdown of TCPConnection
Warning: Unclean shutdown of TCPConnection
Warning: Unclean shutdown of TCPConnection
Warning: Unclean shutdown of TCPConnection
Warning: Unclean shutdown of TCPConnection
Warning: Unclean shutdown of TCPConnection
Warning: Unclean shutdown of TCPConnection
Warning: Unclean shutdown of TCPConnection
Warning: Unclean shutdown of TCPConnection
Warning: Unclean shutdown of TCPConnection
Warning: Unclean shutdown of TCPConnection
<end of output>
Test time =   0.24 sec
----------------------------------------------------------
Test Passed.
"t_loopback" end time: Jan 31 10:22 UTC
"t_loopback" time elapsed: 00:00:00
----------------------------------------------------------

46/164 Testing: t_loopback_win
46/164 Test: t_loopback_win
Command: "/home/ubuntu/sponge/build/tests/fsm_loopback_win"
Directory: /home/ubuntu/sponge/build
"t_loopback_win" start time: Jan 31 10:22 UTC
Output:
----------------------------------------------------------
Warning: Unclean shutdown of TCPConnection
Warning: Unclean shutdown of TCPConnection
Warning: Unclean shutdown of TCPConnection
Warning: Unclean shutdown of TCPConnection
Warning: Unclean shutdown of TCPConnection
Warning: Unclean shutdown of TCPConnection
Warning: Unclean shutdown of TCPConnection
Warning: Unclean shutdown of TCPConnection
Warning: Unclean shutdown of TCPConnection
Warning: Unclean shutdown of TCPConnection
Warning: Unclean shutdown of TCPConnection
Warning: Unclean shutdown of TCPConnection
Warning: Unclean shutdown of TCPConnection
Warning: Unclean shutdown of TCPConnection
Warning: Unclean shutdown of TCPConnection
Warning: Unclean shutdown of TCPConnection
Warning: Unclean shutdown of TCPConnection
Warning: Unclean shutdown of TCPConnection
Warning: Unclean shutdown of TCPConnection
Warning: Unclean shutdown of TCPConnection
Warning: Unclean shutdown of TCPConnection
Warning: Unclean shutdown of TCPConnection
Warning: Unclean shutdown of TCPConnection
Warning: Unclean shutdown of TCPConnection
Warning: Unclean shutdown of TCPConnection
Warning: Unclean shutdown of TCPConnection
Warning: Unclean shutdown of TCPConnection
Warning: Unclean shutdown of TCPConnection
Warning: Unclean shutdown of TCPConnection
Warning: Unclean shutdown of TCPConnection
Warning: Unclean shutdown of TCPConnection
Warning: Unclean shutdown of TCPConnection
<end of output>
Test time =   0.12 sec
----------------------------------------------------------
Test Passed.
"t_loopback_win" end time: Jan 31 10:22 UTC
"t_loopback_win" time elapsed: 00:00:00
----------------------------------------------------------

47/164 Testing: t_reorder
47/164 Test: t_reorder
Command: "/home/ubuntu/sponge/build/tests/fsm_reorder"
Directory: /home/ubuntu/sponge/build
"t_reorder" start time: Jan 31 10:22 UTC
Output:
----------------------------------------------------------
Warning: Unclean shutdown of TCPConnection
Warning: Unclean shutdown of TCPConnection
Warning: Unclean shutdown of TCPConnection
Warning: Unclean shutdown of TCPConnection
Warning: Unclean shutdown of TCPConnection
Warning: Unclean shutdown of TCPConnection
Warning: Unclean shutdown of TCPConnection
Warning: Unclean shutdown of TCPConnection
Warning: Unclean shutdown of TCPConnection
Warning: Unclean shutdown of TCPConnection
Warning: Unclean shutdown of TCPConnection
Warning: Unclean shutdown of TCPConnection
Warning: Unclean shutdown of TCPConnection
Warning: Unclean shutdown of TCPConnection
Warning: Unclean shutdown of TCPConnection
Warning: Unclean shutdown of TCPConnection
Warning: Unclean shutdown of TCPConnection
Warning: Unclean shutdown of TCPConnection
Warning: Unclean shutdown of TCPConnection
Warning: Unclean shutdown of TCPConnection
Warning: Unclean shutdown of TCPConnection
Warning: Unclean shutdown of TCPConnection
Warning: Unclean shutdown of TCPConnection
Warning: Unclean shutdown of TCPConnection
Warning: Unclean shutdown of TCPConnection
Warning: Unclean shutdown of TCPConnection
Warning: Unclean shutdown of TCPConnection
Warning: Unclean shutdown of TCPConnection
Warning: Unclean shutdown of TCPConnection
Warning: Unclean shutdown of TCPConnection
Warning: Unclean shutdown of TCPConnection
Warning: Unclean shutdown of TCPConnection
Warning: Unclean shutdown of TCPConnection
Warning: Unclean shutdown of TCPConnection
Warning: Unclean shutdown of TCPConnection
Warning: Unclean shutdown of TCPConnection
Warning: Unclean shutdown of TCPConnection
Warning: Unclean shutdown of TCPConnection
Warning: Unclean shutdown of TCPConnection
Warning: Unclean shutdown of TCPConnection
Warning: Unclean shutdown of TCPConnection
Warning: Unclean shutdown of TCPConnection
Warning: Unclean shutdown of TCPConnection
Warning: Unclean shutdown of TCPConnection
Warning: Unclean shutdown of TCPConnection
Warning: Unclean shutdown of TCPConnection
Warning: Unclean shutdown of TCPConnection
Warning: Unclean shutdown of TCPConnection
Warning: Unclean shutdown of TCPConnection
Warning: Unclean shutdown of TCPConnection
Warning: Unclean shutdown of TCPConnection
Warning: Unclean shutdown of TCPConnection
Warning: Unclean shutdown of TCPConnection
Warning: Unclean shutdown of TCPConnection
Warning: Unclean shutdown of TCPConnection
Warning: Unclean shutdown of TCPConnection
Warning: Unclean shutdown of TCPConnection
Warning: Unclean shutdown of TCPConnection
Warning: Unclean shutdown of TCPConnection
Warning: Unclean shutdown of TCPConnection
Warning: Unclean shutdown of TCPConnection
Warning: Unclean shutdown of TCPConnection
Warning: Unclean shutdown of TCPConnection
Warning: Unclean shutdown of TCPConnection
<end of output>
Test time =   0.18 sec
----------------------------------------------------------
Test Passed.
"t_reorder" end time: Jan 31 10:22 UTC
"t_reorder" time elapsed: 00:00:00
----------------------------------------------------------

48/164 Testing: t_address_dt
48/164 Test: t_address_dt
Command: "/home/ubuntu/sponge/build/doctests/address_dt"
Directory: /home/ubuntu/sponge/build
"t_address_dt" start time: Jan 31 10:22 UTC
Output:
----------------------------------------------------------
<end of output>
Test time =   0.00 sec
----------------------------------------------------------
Test Passed.
"t_address_dt" end time: Jan 31 10:22 UTC
"t_address_dt" time elapsed: 00:00:00
----------------------------------------------------------

49/164 Testing: t_parser_dt
49/164 Test: t_parser_dt
Command: "/home/ubuntu/sponge/build/doctests/parser_dt"
Directory: /home/ubuntu/sponge/build
"t_parser_dt" start time: Jan 31 10:22 UTC
Output:
----------------------------------------------------------
<end of output>
Test time =   0.00 sec
----------------------------------------------------------
Test Passed.
"t_parser_dt" end time: Jan 31 10:22 UTC
"t_parser_dt" time elapsed: 00:00:00
----------------------------------------------------------

50/164 Testing: t_socket_dt
50/164 Test: t_socket_dt
Command: "/home/ubuntu/sponge/build/doctests/socket_dt"
Directory: /home/ubuntu/sponge/build
"t_socket_dt" start time: Jan 31 10:22 UTC
Output:
----------------------------------------------------------
<end of output>
Test time =   0.01 sec
----------------------------------------------------------
Test Passed.
"t_socket_dt" end time: Jan 31 10:22 UTC
"t_socket_dt" time elapsed: 00:00:00
----------------------------------------------------------

51/164 Testing: t_udp_client_send
51/164 Test: t_udp_client_send
Command: "/home/ubuntu/sponge/txrx.sh" "-ucS"
Directory: /home/ubuntu/sponge/build
"t_udp_client_send" start time: Jan 31 10:22 UTC
Output:
----------------------------------------------------------
DEBUG: Listening for incoming connection...
DEBUG: Connecting to 169.254.144.1:27545...
Successfully connected to 169.254.144.1:27545.
New connection from 169.254.144.1:56983.
DEBUG: Outbound stream to 169.254.144.1:56983 finished (1 byte still in flight).
DEBUG: Inbound stream from 169.254.144.1:27545 finished cleanly.
DEBUG: Outbound stream to 169.254.144.1:56983 has been fully acknowledged.
DEBUG: Outbound stream to 169.254.144.1:27545 finished (1 byte still in flight).
DEBUG: Waiting for clean shutdown... DEBUG: Inbound stream from 169.254.144.1:56983 finished cleanly.
DEBUG: Waiting for lingering segments (e.g. retransmissions of FIN) from peer...
DEBUG: Outbound stream to 169.254.144.1:27545 has been fully acknowledged.
DEBUG: TCP connection finished cleanly.
done.
DEBUG: Waiting for clean shutdown... DEBUG: TCP connection finished cleanly.
done.
<end of output>
Test time =   0.26 sec
----------------------------------------------------------
Test Passed.
"t_udp_client_send" end time: Jan 31 10:22 UTC
"t_udp_client_send" time elapsed: 00:00:00
----------------------------------------------------------

52/164 Testing: t_udp_server_send
52/164 Test: t_udp_server_send
Command: "/home/ubuntu/sponge/txrx.sh" "-usS"
Directory: /home/ubuntu/sponge/build
"t_udp_server_send" start time: Jan 31 10:22 UTC
Output:
----------------------------------------------------------
DEBUG: Listening for incoming connection...
DEBUG: Connecting to 169.254.144.1:31798...
Successfully connected to 169.254.144.1:31798.
New connection from 169.254.144.1:47484.
DEBUG: Outbound stream to 169.254.144.1:47484 finished (33 bytes still in flight).
DEBUG: Inbound stream from 169.254.144.1:31798 finished cleanly.
DEBUG: Outbound stream to 169.254.144.1:47484 has been fully acknowledged.
DEBUG: Outbound stream to 169.254.144.1:31798 finished (1 byte still in flight).
DEBUG: Inbound stream from 169.254.144.1:47484 finished cleanly.
DEBUG: Waiting for lingering segments (e.g. retransmissions of FIN) from peer...
DEBUG: Waiting for clean shutdown... DEBUG: Outbound stream to 169.254.144.1:31798 has been fully acknowledged.
DEBUG: TCP connection finished cleanly.
done.
DEBUG: Waiting for clean shutdown... DEBUG: TCP connection finished cleanly.
done.
<end of output>
Test time =   0.25 sec
----------------------------------------------------------
Test Passed.
"t_udp_server_send" end time: Jan 31 10:22 UTC
"t_udp_server_send" time elapsed: 00:00:00
----------------------------------------------------------

53/164 Testing: t_udp_client_recv
53/164 Test: t_udp_client_recv
Command: "/home/ubuntu/sponge/txrx.sh" "-ucR"
Directory: /home/ubuntu/sponge/build
"t_udp_client_recv" start time: Jan 31 10:22 UTC
Output:
----------------------------------------------------------
DEBUG: Listening for incoming connection...
DEBUG: Connecting to 169.254.144.1:24125...
Successfully connected to 169.254.144.1:24125.
New connection from 169.254.144.1:35079.
DEBUG: Outbound stream to 169.254.144.1:24125 finished (1 byte still in flight).
DEBUG: Inbound stream from 169.254.144.1:35079 finished cleanly.
DEBUG: Outbound stream to 169.254.144.1:24125 has been fully acknowledged.
DEBUG: Outbound stream to 169.254.144.1:35079 finished (1 byte still in flight).
DEBUG: Inbound stream from 169.254.144.1:24125 finished cleanly.
DEBUG: Waiting for lingering segments (e.g. retransmissions of FIN) from peer...
DEBUG: Waiting for clean shutdown... DEBUG: Waiting for clean shutdown... DEBUG: Outbound stream to 169.254.144.1:35079 has been fully acknowledged.
DEBUG: TCP connection finished cleanly.
done.
DEBUG: TCP connection finished cleanly.
done.
<end of output>
Test time =   0.25 sec
----------------------------------------------------------
Test Passed.
"t_udp_client_recv" end time: Jan 31 10:22 UTC
"t_udp_client_recv" time elapsed: 00:00:00
----------------------------------------------------------

54/164 Testing: t_udp_server_recv
54/164 Test: t_udp_server_recv
Command: "/home/ubuntu/sponge/txrx.sh" "-usR"
Directory: /home/ubuntu/sponge/build
"t_udp_server_recv" start time: Jan 31 10:22 UTC
Output:
----------------------------------------------------------
DEBUG: Listening for incoming connection...
DEBUG: Connecting to 169.254.144.1:31767...
Successfully connected to 169.254.144.1:31767.
New connection from 169.254.144.1:52347.
DEBUG: Outbound stream to 169.254.144.1:52347 finished (1 byte still in flight).
DEBUG: Inbound stream from 169.254.144.1:31767 finished cleanly.
DEBUG: Outbound stream to 169.254.144.1:52347 has been fully acknowledged.
DEBUG: Outbound stream to 169.254.144.1:31767 finished (1 byte still in flight).
DEBUG: Inbound stream from 169.254.144.1:52347 finished cleanly.
DEBUG: Waiting for lingering segments (e.g. retransmissions of FIN) from peer...
DEBUG: Waiting for clean shutdown... DEBUG: Waiting for clean shutdown... DEBUG: Outbound stream to 169.254.144.1:31767 has been fully acknowledged.
DEBUG: TCP connection finished cleanly.
done.
DEBUG: TCP connection finished cleanly.
done.
<end of output>
Test time =   0.25 sec
----------------------------------------------------------
Test Passed.
"t_udp_server_recv" end time: Jan 31 10:22 UTC
"t_udp_server_recv" time elapsed: 00:00:00
----------------------------------------------------------

55/164 Testing: t_udp_client_dupl
55/164 Test: t_udp_client_dupl
Command: "/home/ubuntu/sponge/txrx.sh" "-ucD"
Directory: /home/ubuntu/sponge/build
"t_udp_client_dupl" start time: Jan 31 10:22 UTC
Output:
----------------------------------------------------------
DEBUG: Listening for incoming connection...
DEBUG: Connecting to 169.254.144.1:26387...
Successfully connected to 169.254.144.1:26387.
New connection from 169.254.144.1:33045.
DEBUG: Outbound stream to 169.254.144.1:26387 finished (1 byte still in flight).
DEBUG: Inbound stream from 169.254.144.1:33045 finished cleanly.
DEBUG: Outbound stream to 169.254.144.1:26387 has been fully acknowledged.
DEBUG: Outbound stream to 169.254.144.1:33045 finished (1 byte still in flight).
DEBUG: Inbound stream from 169.254.144.1:26387 finished cleanly.
DEBUG: Waiting for lingering segments (e.g. retransmissions of FIN) from peer...
DEBUG: Waiting for clean shutdown... DEBUG: Outbound stream to 169.254.144.1:33045 has been fully acknowledged.
DEBUG: TCP connection finished cleanly.
DEBUG: Waiting for clean shutdown... done.
DEBUG: TCP connection finished cleanly.
done.
<end of output>
Test time =   0.26 sec
----------------------------------------------------------
Test Passed.
"t_udp_client_dupl" end time: Jan 31 10:22 UTC
"t_udp_client_dupl" time elapsed: 00:00:00
----------------------------------------------------------

56/164 Testing: t_udp_server_dupl
56/164 Test: t_udp_server_dupl
Command: "/home/ubuntu/sponge/txrx.sh" "-usD"
Directory: /home/ubuntu/sponge/build
"t_udp_server_dupl" start time: Jan 31 10:22 UTC
Output:
----------------------------------------------------------
DEBUG: Listening for incoming connection...
DEBUG: Connecting to 169.254.144.1:5062...
Successfully connected to 169.254.144.1:5062.
New connection from 169.254.144.1:40604.
DEBUG: Outbound stream to 169.254.144.1:40604 finished (33 bytes still in flight).
DEBUG: Inbound stream from 169.254.144.1:5062 finished cleanly.
DEBUG: Outbound stream to 169.254.144.1:40604 has been fully acknowledged.
DEBUG: Waiting for clean shutdown... DEBUG: Outbound stream to 169.254.144.1:5062 finished (33 bytes still in flight).
DEBUG: Inbound stream from 169.254.144.1:40604 finished cleanly.
DEBUG: Waiting for lingering segments (e.g. retransmissions of FIN) from peer...
DEBUG: Outbound stream to 169.254.144.1:5062 has been fully acknowledged.
DEBUG: TCP connection finished cleanly.
done.
DEBUG: Waiting for clean shutdown... DEBUG: TCP connection finished cleanly.
done.
<end of output>
Test time =   0.25 sec
----------------------------------------------------------
Test Passed.
"t_udp_server_dupl" end time: Jan 31 10:22 UTC
"t_udp_server_dupl" time elapsed: 00:00:00
----------------------------------------------------------

57/164 Testing: t_ucS_1M_32k
57/164 Test: t_ucS_1M_32k
Command: "/home/ubuntu/sponge/txrx.sh" "-ucSd" "1M" "-w" "32K"
Directory: /home/ubuntu/sponge/build
"t_ucS_1M_32k" start time: Jan 31 10:22 UTC
Output:
----------------------------------------------------------
DEBUG: Listening for incoming connection...
DEBUG: Connecting to 169.254.144.1:31234...
Successfully connected to 169.254.144.1:31234.
New connection from 169.254.144.1:55228.
DEBUG: Outbound stream to 169.254.144.1:55228 finished (1 byte still in flight).
DEBUG: Inbound stream from 169.254.144.1:31234 finished cleanly.
DEBUG: Outbound stream to 169.254.144.1:55228 has been fully acknowledged.
DEBUG: Waiting for clean shutdown... DEBUG: Outbound stream to 169.254.144.1:31234 finished (31768 bytes still in flight).
DEBUG: Inbound stream from 169.254.144.1:55228 finished cleanly.
DEBUG: Waiting for lingering segments (e.g. retransmissions of FIN) from peer...
DEBUG: Outbound stream to 169.254.144.1:31234 has been fully acknowledged.
DEBUG: TCP connection finished cleanly.
done.
DEBUG: Waiting for clean shutdown... DEBUG: TCP connection finished cleanly.
done.
<end of output>
Test time =   0.35 sec
----------------------------------------------------------
Test Passed.
"t_ucS_1M_32k" end time: Jan 31 10:22 UTC
"t_ucS_1M_32k" time elapsed: 00:00:00
----------------------------------------------------------

58/164 Testing: t_ucS_128K_8K
58/164 Test: t_ucS_128K_8K
Command: "/home/ubuntu/sponge/txrx.sh" "-ucSd" "128K" "-w" "8K"
Directory: /home/ubuntu/sponge/build
"t_ucS_128K_8K" start time: Jan 31 10:22 UTC
Output:
----------------------------------------------------------
DEBUG: Listening for incoming connection...
DEBUG: Connecting to 169.254.144.1:1064...
Successfully connected to 169.254.144.1:1064.
New connection from 169.254.144.1:54242.
DEBUG: Outbound stream to 169.254.144.1:54242 finished (1 byte still in flight).
DEBUG: Inbound stream from 169.254.144.1:1064 finished cleanly.
DEBUG: Outbound stream to 169.254.144.1:54242 has been fully acknowledged.
DEBUG: Waiting for clean shutdown... DEBUG: Outbound stream to 169.254.144.1:1064 finished (7192 bytes still in flight).
DEBUG: Inbound stream from 169.254.144.1:54242 finished cleanly.
DEBUG: Waiting for lingering segments (e.g. retransmissions of FIN) from peer...
DEBUG: Waiting for clean shutdown... DEBUG: Outbound stream to 169.254.144.1:1064 has been fully acknowledged.
DEBUG: TCP connection finished cleanly.
done.
DEBUG: TCP connection finished cleanly.
done.
<end of output>
Test time =   0.27 sec
----------------------------------------------------------
Test Passed.
"t_ucS_128K_8K" end time: Jan 31 10:22 UTC
"t_ucS_128K_8K" time elapsed: 00:00:00
----------------------------------------------------------

59/164 Testing: t_ucS_16_1
59/164 Test: t_ucS_16_1
Command: "/home/ubuntu/sponge/txrx.sh" "-ucSd" "16" "-w" "1"
Directory: /home/ubuntu/sponge/build
"t_ucS_16_1" start time: Jan 31 10:22 UTC
Output:
----------------------------------------------------------
DEBUG: Listening for incoming connection...
DEBUG: Connecting to 169.254.144.1:28985...
Successfully connected to 169.254.144.1:28985.
New connection from 169.254.144.1:47805.
DEBUG: Outbound stream to 169.254.144.1:47805 finished (1 byte still in flight).
DEBUG: Inbound stream from 169.254.144.1:28985 finished cleanly.
DEBUG: Outbound stream to 169.254.144.1:47805 has been fully acknowledged.
DEBUG: Waiting for clean shutdown... DEBUG: Outbound stream to 169.254.144.1:28985 finished (1 byte still in flight).
DEBUG: Inbound stream from 169.254.144.1:47805 finished cleanly.
DEBUG: Waiting for lingering segments (e.g. retransmissions of FIN) from peer...
DEBUG: Outbound stream to 169.254.144.1:28985 has been fully acknowledged.
DEBUG: TCP connection finished cleanly.
DEBUG: Waiting for clean shutdown... done.
DEBUG: TCP connection finished cleanly.
done.
<end of output>
Test time =   0.25 sec
----------------------------------------------------------
Test Passed.
"t_ucS_16_1" end time: Jan 31 10:22 UTC
"t_ucS_16_1" time elapsed: 00:00:00
----------------------------------------------------------

60/164 Testing: t_ucS_32K_d
60/164 Test: t_ucS_32K_d
Command: "/home/ubuntu/sponge/txrx.sh" "-ucSd" "32K"
Directory: /home/ubuntu/sponge/build
"t_ucS_32K_d" start time: Jan 31 10:22 UTC
Output:
----------------------------------------------------------
DEBUG: Listening for incoming connection...
DEBUG: Connecting to 169.254.144.1:21369...
Successfully connected to 169.254.144.1:21369.
New connection from 169.254.144.1:60003.
DEBUG: Outbound stream to 169.254.144.1:21369 finished (31769 bytes still in flight).
DEBUG: Outbound stream to 169.254.144.1:60003 finished (1 byte still in flight).
DEBUG: Inbound stream from 169.254.144.1:60003 finished cleanly.
DEBUG: Outbound stream to 169.254.144.1:21369 has been fully acknowledged.
DEBUG: Inbound stream from 169.254.144.1:21369 finished cleanly.
DEBUG: Waiting for lingering segments (e.g. retransmissions of FIN) from peer...
DEBUG: Waiting for clean shutdown... DEBUG: Waiting for clean shutdown... DEBUG: Outbound stream to 169.254.144.1:60003 has been fully acknowledged.
DEBUG: TCP connection finished DEBUG: TCP connection finished cleanly.
done.
cleanly.
done.
<end of output>
Test time =   0.26 sec
----------------------------------------------------------
Test Passed.
"t_ucS_32K_d" end time: Jan 31 10:22 UTC
"t_ucS_32K_d" time elapsed: 00:00:00
----------------------------------------------------------

61/164 Testing: t_ucR_1M_32k
61/164 Test: t_ucR_1M_32k
Command: "/home/ubuntu/sponge/txrx.sh" "-ucRd" "1M" "-w" "32K"
Directory: /home/ubuntu/sponge/build
"t_ucR_1M_32k" start time: Jan 31 10:22 UTC
Output:
----------------------------------------------------------
DEBUG: Listening for incoming connection...
DEBUG: Connecting to 169.254.144.1:3961...
Successfully connected to 169.254.144.1:3961.
New connection from 169.254.144.1:36393.
DEBUG: Outbound stream to 169.254.144.1:3961 finished (1 byte still in flight).
DEBUG: Inbound stream from 169.254.144.1:36393 finished cleanly.
DEBUG: Outbound stream to 169.254.144.1:3961 has been fully acknowledged.
DEBUG: Waiting for clean shutdown... DEBUG: Outbound stream to 169.254.144.1:36393 finished (31768 bytes still in flight).
DEBUG: Inbound stream from 169.254.144.1:3961 finished cleanly.
DEBUG: Waiting for lingering segments (e.g. retransmissions of FIN) from peer...
DEBUG: Waiting for clean shutdown... DEBUG: Outbound stream to 169.254.144.1:36393 has been fully acknowledged.
DEBUG: TCP connection finished cleanly.
done.
DEBUG: TCP connection finished cleanly.
done.
<end of output>
Test time =   0.39 sec
----------------------------------------------------------
Test Passed.
"t_ucR_1M_32k" end time: Jan 31 10:22 UTC
"t_ucR_1M_32k" time elapsed: 00:00:00
----------------------------------------------------------

62/164 Testing: t_ucR_128K_8K
62/164 Test: t_ucR_128K_8K
Command: "/home/ubuntu/sponge/txrx.sh" "-ucRd" "128K" "-w" "8K"
Directory: /home/ubuntu/sponge/build
"t_ucR_128K_8K" start time: Jan 31 10:22 UTC
Output:
----------------------------------------------------------
DEBUG: Listening for incoming connection...
DEBUG: Connecting to 169.254.144.1:5046...
Successfully connected to 169.254.144.1:5046.
New connection from 169.254.144.1:59937.
DEBUG: Outbound stream to 169.254.144.1:5046 finished (1 byte still in flight).
DEBUG: Inbound stream from 169.254.144.1:59937 finished cleanly.
DEBUG: Outbound stream to 169.254.144.1:5046 has been fully acknowledged.
DEBUG: Waiting for clean shutdown... DEBUG: Outbound stream to 169.254.144.1:59937 finished (7192 bytes still in flight).
DEBUG: Waiting for clean shutdown... DEBUG: Inbound stream from 169.254.144.1:5046 finished cleanly.
DEBUG: Waiting for lingering segments (e.g. retransmissions of FIN) from peer...
DEBUG: Outbound stream to 169.254.144.1:59937 has been fully acknowledged.
DEBUG: TCP connection finished cleanly.
done.
DEBUG: TCP connection finished cleanly.
done.
<end of output>
Test time =   0.28 sec
----------------------------------------------------------
Test Passed.
"t_ucR_128K_8K" end time: Jan 31 10:22 UTC
"t_ucR_128K_8K" time elapsed: 00:00:00
----------------------------------------------------------

63/164 Testing: t_ucR_16_1
63/164 Test: t_ucR_16_1
Command: "/home/ubuntu/sponge/txrx.sh" "-ucRd" "16" "-w" "1"
Directory: /home/ubuntu/sponge/build
"t_ucR_16_1" start time: Jan 31 10:22 UTC
Output:
----------------------------------------------------------
DEBUG: Listening for incoming connection...
DEBUG: Connecting to 169.254.144.1:4273...
Successfully connected to 169.254.144.1:4273.
DEBUG: Outbound stream to 169.254.144.1:4273 finished (1 byte still in flight).
New connection from 169.254.144.1:57492.
DEBUG: Outbound stream to 169.254.144.1:57492 finished (1 byte still in flight).
DEBUG: Inbound stream from 169.254.144.1:57492 finished cleanly.
DEBUG: Outbound stream to 169.254.144.1:4273 has been fully acknowledged.
DEBUG: Waiting for clean shutdown... DEBUG: Inbound stream from 169.254.144.1:4273 finished cleanly.
DEBUG: Waiting for lingering segments (e.g. retransmissions of FIN) from peer...
DEBUG: Waiting for clean shutdown... DEBUG: Outbound stream to 169.254.144.1:57492 has been fully acknowledged.
DEBUG: TCP connection finished cleanly.
done.
DEBUG: TCP connection finished cleanly.
done.
<end of output>
Test time =   0.26 sec
----------------------------------------------------------
Test Passed.
"t_ucR_16_1" end time: Jan 31 10:22 UTC
"t_ucR_16_1" time elapsed: 00:00:00
----------------------------------------------------------

64/164 Testing: t_ucR_32K_d
64/164 Test: t_ucR_32K_d
Command: "/home/ubuntu/sponge/txrx.sh" "-ucRd" "32K"
Directory: /home/ubuntu/sponge/build
"t_ucR_32K_d" start time: Jan 31 10:22 UTC
Output:
----------------------------------------------------------
DEBUG: Listening for incoming connection...
DEBUG: Connecting to 169.254.144.1:5814...
Successfully connected to 169.254.144.1:5814.
DEBUG: Outbound stream to 169.254.144.1:5814 finished (1 byte still in flight).
New connection from 169.254.144.1:46369.
DEBUG: Inbound stream from 169.254.144.1:46369 finished cleanly.
DEBUG: Outbound stream to 169.254.144.1:5814 has been fully acknowledged.
DEBUG: Waiting for clean shutdown... DEBUG: Outbound stream to 169.254.144.1:46369 finished (31769 bytes still in flight).
DEBUG: Inbound stream from 169.254.144.1:5814 finished cleanly.
DEBUG: Waiting for lingering segments (e.g. retransmissions of FIN) from peer...
DEBUG: Waiting for clean shutdown... DEBUG: Outbound stream to 169.254.144.1:46369 has been fully acknowledged.
DEBUG: TCP connection finished cleanly.
done.
DEBUG: TCP connection finished cleanly.
done.
<end of output>
Test time =   0.26 sec
----------------------------------------------------------
Test Passed.
"t_ucR_32K_d" end time: Jan 31 10:22 UTC
"t_ucR_32K_d" time elapsed: 00:00:00
----------------------------------------------------------

65/164 Testing: t_ucD_1M_32k
65/164 Test: t_ucD_1M_32k
Command: "/home/ubuntu/sponge/txrx.sh" "-ucDd" "1M" "-w" "32K"
Directory: /home/ubuntu/sponge/build
"t_ucD_1M_32k" start time: Jan 31 10:22 UTC
Output:
----------------------------------------------------------
DEBUG: Listening for incoming connection...
DEBUG: Connecting to 169.254.144.1:23126...
Successfully connected to 169.254.144.1:23126.
New connection from 169.254.144.1:34183.
DEBUG: Outbound stream to 169.254.144.1:34183 finished (31768 bytes still in flight).
DEBUG: Outbound stream to 169.254.144.1:23126 finished (32768 bytes still in flight).
DEBUG: Inbound stream from 169.254.144.1:23126 finished cleanly.
DEBUG: Waiting for clean shutdown... DEBUG: Outbound stream to 169.254.144.1:34183 has been fully acknowledged.
DEBUG: Inbound stream from 169.254.144.1:34183 finished cleanly.
DEBUG: Waiting for lingering segments (e.g. retransmissions of FIN) from peer...
DEBUG: Waiting for clean shutdown... DEBUG: Outbound stream to 169.254.144.1:23126 has been fully acknowledged.
DEBUG: TCP connection finished cleanly.
done.
DEBUG: TCP connection finished cleanly.
done.
<end of output>
Test time =   0.44 sec
----------------------------------------------------------
Test Passed.
"t_ucD_1M_32k" end time: Jan 31 10:22 UTC
"t_ucD_1M_32k" time elapsed: 00:00:00
----------------------------------------------------------

66/164 Testing: t_ucD_128K_8K
66/164 Test: t_ucD_128K_8K
Command: "/home/ubuntu/sponge/txrx.sh" "-ucDd" "128K" "-w" "8K"
Directory: /home/ubuntu/sponge/build
"t_ucD_128K_8K" start time: Jan 31 10:22 UTC
Output:
----------------------------------------------------------
DEBUG: Listening for incoming connection...
DEBUG: Connecting to 169.254.144.1:12091...
Successfully connected to 169.254.144.1:12091.
New connection from 169.254.144.1:51727.
DEBUG: Outbound stream to 169.254.144.1:12091 finished (7192 bytes still in flight).
DEBUG: Outbound stream to 169.254.144.1:51727 finished (7192 bytes still in flight).
DEBUG: Inbound stream from 169.254.144.1:51727 finished cleanly.
DEBUG: Waiting for clean shutdown... DEBUG: Outbound stream to 169.254.144.1:12091 has been fully acknowledged.
DEBUG: Inbound stream from 169.254.144.1:12091 finished cleanly.
DEBUG: Waiting for lingering segments (e.g. retransmissions of FIN) from peer...
DEBUG: Waiting for clean shutdown... DEBUG: Outbound stream to 169.254.144.1:51727 has been fully acknowledged.
DEBUG: TCP connection finished cleanly.
done.
DEBUG: TCP connection finished cleanly.
done.
<end of output>
Test time =   0.29 sec
----------------------------------------------------------
Test Passed.
"t_ucD_128K_8K" end time: Jan 31 10:22 UTC
"t_ucD_128K_8K" time elapsed: 00:00:00
----------------------------------------------------------

67/164 Testing: t_ucD_16_1
67/164 Test: t_ucD_16_1
Command: "/home/ubuntu/sponge/txrx.sh" "-ucDd" "16" "-w" "1"
Directory: /home/ubuntu/sponge/build
"t_ucD_16_1" start time: Jan 31 10:22 UTC
Output:
----------------------------------------------------------
DEBUG: Listening for incoming connection...
DEBUG: Connecting to 169.254.144.1:16384...
Successfully connected to 169.254.144.1:16384.
New connection from 169.254.144.1:56495.
DEBUG: Outbound stream to 169.254.144.1:16384 finished (1 byte still in flight).
DEBUG: Outbound stream to 169.254.144.1:56495 finished (1 byte still in flight).
DEBUG: Inbound stream from DEBUG: Outbound stream to 169.254.144.1:56495169.254.144.1:16384 finished cleanly.
 has been fully acknowledged.
DEBUG: Waiting for clean shutdown... DEBUG: Inbound stream from 169.254.144.1:16384 finished cleanly.
DEBUG: Waiting for lingering segments (e.g. retransmissions of FIN) from peer...
DEBUG: Waiting for clean shutdown... DEBUG: Outbound stream to 169.254.144.1:56495 has been fully acknowledged.
DEBUG: TCP connection finished cleanly.
done.
DEBUG: TCP connection finished cleanly.
done.
<end of output>
Test time =   0.26 sec
----------------------------------------------------------
Test Passed.
"t_ucD_16_1" end time: Jan 31 10:22 UTC
"t_ucD_16_1" time elapsed: 00:00:00
----------------------------------------------------------

68/164 Testing: t_ucD_32K_d
68/164 Test: t_ucD_32K_d
Command: "/home/ubuntu/sponge/txrx.sh" "-ucDd" "32K"
Directory: /home/ubuntu/sponge/build
"t_ucD_32K_d" start time: Jan 31 10:22 UTC
Output:
----------------------------------------------------------
DEBUG: Listening for incoming connection...
DEBUG: Connecting to 169.254.144.1:32572...
Successfully connected to 169.254.144.1:32572.
New connection from 169.254.144.1:41409.
DEBUG: Outbound stream to 169.254.144.1:41409 finished (32769 bytes still in flight).
DEBUG: Outbound stream to 169.254.144.1:32572 finished (32769 bytes still in flight).
DEBUG: Inbound stream from 169.254.144.1:41409 finished cleanly.
DEBUG: Outbound stream to 169.254.144.1:41409 has been fully acknowledged.
DEBUG: Waiting for clean shutdown... DEBUG: Inbound stream from 169.254.144.1:32572 finished cleanly.
DEBUG: Outbound stream to 169.254.144.1:32572 has been fully acknowledged.
DEBUG: Waiting for clean shutdown... DEBUG: TCP connection finished DEBUG: TCP connection finished cleanly.
done.
cleanly.
done.
<end of output>
Test time =   0.26 sec
----------------------------------------------------------
Test Passed.
"t_ucD_32K_d" end time: Jan 31 10:22 UTC
"t_ucD_32K_d" time elapsed: 00:00:00
----------------------------------------------------------

69/164 Testing: t_usS_1M_32k
69/164 Test: t_usS_1M_32k
Command: "/home/ubuntu/sponge/txrx.sh" "-usSd" "1M" "-w" "32K"
Directory: /home/ubuntu/sponge/build
"t_usS_1M_32k" start time: Jan 31 10:22 UTC
Output:
----------------------------------------------------------
DEBUG: Listening for incoming connection...
DEBUG: Connecting to 169.254.144.1:27420...
Successfully connected to 169.254.144.1:27420.
New connection from 169.254.144.1:47952.
DEBUG: Outbound stream to 169.254.144.1:27420 finished (1 byte still in flight).
DEBUG: Inbound stream from 169.254.144.1:47952 finished cleanly.
DEBUG: Outbound stream to 169.254.144.1:27420 has been fully acknowledged.
DEBUG: Waiting for clean shutdown... DEBUG: Outbound stream to 169.254.144.1:47952 finished (31768 bytes still in flight).
DEBUG: Waiting for clean shutdown... DEBUG: Inbound stream from 169.254.144.1:27420 finished cleanly.
DEBUG: Waiting for lingering segments (e.g. retransmissions of FIN) from peer...
DEBUG: Outbound stream to 169.254.144.1:47952 has been fully acknowledged.
DEBUG: TCP connection finished cleanly.
done.
DEBUG: TCP connection finished cleanly.
done.
<end of output>
Test time =   0.35 sec
----------------------------------------------------------
Test Passed.
"t_usS_1M_32k" end time: Jan 31 10:22 UTC
"t_usS_1M_32k" time elapsed: 00:00:00
----------------------------------------------------------

70/164 Testing: t_usS_128K_8K
70/164 Test: t_usS_128K_8K
Command: "/home/ubuntu/sponge/txrx.sh" "-usSd" "128K" "-w" "8K"
Directory: /home/ubuntu/sponge/build
"t_usS_128K_8K" start time: Jan 31 10:22 UTC
Output:
----------------------------------------------------------
DEBUG: Listening for incoming connection...
DEBUG: Connecting to 169.254.144.1:15163...
Successfully connected to 169.254.144.1:15163.
New connection from 169.254.144.1:39482.
DEBUG: Outbound stream to 169.254.144.1:15163 finished (1 byte still in flight).
DEBUG: Inbound stream from 169.254.144.1:39482 finished cleanly.
DEBUG: Outbound stream to 169.254.144.1:15163 has been fully acknowledged.
DEBUG: Waiting for clean shutdown... DEBUG: Outbound stream to 169.254.144.1:39482 finished (7192 bytes still in flight).
DEBUG: Waiting for clean shutdown... DEBUG: Inbound stream from 169.254.144.1:15163 finished cleanly.
DEBUG: Waiting for lingering segments (e.g. retransmissions of FIN) from peer...
DEBUG: Outbound stream to 169.254.144.1:39482 has been fully acknowledged.
DEBUG: TCP connection finished cleanly.
done.
DEBUG: TCP connection finished cleanly.
done.
<end of output>
Test time =   0.28 sec
----------------------------------------------------------
Test Passed.
"t_usS_128K_8K" end time: Jan 31 10:22 UTC
"t_usS_128K_8K" time elapsed: 00:00:00
----------------------------------------------------------

71/164 Testing: t_usS_16_1
71/164 Test: t_usS_16_1
Command: "/home/ubuntu/sponge/txrx.sh" "-usSd" "16" "-w" "1"
Directory: /home/ubuntu/sponge/build
"t_usS_16_1" start time: Jan 31 10:22 UTC
Output:
----------------------------------------------------------
DEBUG: Listening for incoming connection...
DEBUG: Connecting to 169.254.144.1:24549...
Successfully connected to 169.254.144.1:24549.
New connection from 169.254.144.1:36876.
DEBUG: Outbound stream to 169.254.144.1:24549 finished (1 byte still in flight).
DEBUG: Inbound stream from 169.254.144.1:36876 finished cleanly.
DEBUG: Outbound stream to 169.254.144.1:24549 has been fully acknowledged.
DEBUG: Waiting for clean shutdown... DEBUG: Outbound stream to 169.254.144.1:36876 finished (1 byte still in flight).
DEBUG: Inbound stream from 169.254.144.1:24549 finished cleanly.
DEBUG: Waiting for lingering segments (e.g. retransmissions of FIN) from peer...
DEBUG: Waiting for clean shutdown... DEBUG: Outbound stream to 169.254.144.1:36876 has been fully acknowledged.
DEBUG: TCP connection finished cleanly.
done.
DEBUG: TCP connection finished cleanly.
done.
<end of output>
Test time =   0.25 sec
----------------------------------------------------------
Test Passed.
"t_usS_16_1" end time: Jan 31 10:22 UTC
"t_usS_16_1" time elapsed: 00:00:00
----------------------------------------------------------

72/164 Testing: t_usS_32K_d
72/164 Test: t_usS_32K_d
Command: "/home/ubuntu/sponge/txrx.sh" "-usSd" "32K"
Directory: /home/ubuntu/sponge/build
"t_usS_32K_d" start time: Jan 31 10:22 UTC
Output:
----------------------------------------------------------
DEBUG: Listening for incoming connection...
DEBUG: Connecting to 169.254.144.1:16557...
Successfully connected to 169.254.144.1:16557.
New connection from 169.254.144.1:38348.
DEBUG: Outbound stream to 169.254.144.1:16557 finished (1 byte still in flight).
DEBUG: Inbound stream from 169.254.144.1:38348 finished cleanly.
DEBUG: Outbound stream to 169.254.144.1:16557 has been fully acknowledged.
DEBUG: Waiting for clean shutdown... DEBUG: Outbound stream to 169.254.144.1:38348 finished (28769 bytes still in flight).
DEBUG: Inbound stream from 169.254.144.1:16557 finished cleanly.
DEBUG: Waiting for lingering segments (e.g. retransmissions of FIN) from peer...
DEBUG: Waiting for clean shutdown... DEBUG: Outbound stream to 169.254.144.1:38348 has been fully acknowledged.
DEBUG: TCP connection finished cleanly.
done.
DEBUG: TCP connection finished cleanly.
done.
<end of output>
Test time =   0.26 sec
----------------------------------------------------------
Test Passed.
"t_usS_32K_d" end time: Jan 31 10:22 UTC
"t_usS_32K_d" time elapsed: 00:00:00
----------------------------------------------------------

73/164 Testing: t_usR_1M_32k
73/164 Test: t_usR_1M_32k
Command: "/home/ubuntu/sponge/txrx.sh" "-usRd" "1M" "-w" "32K"
Directory: /home/ubuntu/sponge/build
"t_usR_1M_32k" start time: Jan 31 10:22 UTC
Output:
----------------------------------------------------------
DEBUG: Listening for incoming connection...
DEBUG: Connecting to 169.254.144.1:12814...
Successfully connected to 169.254.144.1:12814.
New connection from 169.254.144.1:45098.
DEBUG: Outbound stream to 169.254.144.1:45098 finished (1 byte still in flight).
DEBUG: Inbound stream from 169.254.144.1:12814 finished cleanly.
DEBUG: Outbound stream to 169.254.144.1:45098 has been fully acknowledged.
DEBUG: Waiting for clean shutdown... DEBUG: Outbound stream to 169.254.144.1:12814 finished (29768 bytes still in flight).
DEBUG: Inbound stream from 169.254.144.1:45098 finished cleanly.
DEBUG: Waiting for lingering segments (e.g. retransmissions of FIN) from peer...
DEBUG: Waiting for clean shutdown... DEBUG: Outbound stream to 169.254.144.1:12814 has been fully acknowledged.
DEBUG: TCP connection finished cleanly.
done.
DEBUG: TCP connection finished cleanly.
done.
<end of output>
Test time =   0.35 sec
----------------------------------------------------------
Test Passed.
"t_usR_1M_32k" end time: Jan 31 10:22 UTC
"t_usR_1M_32k" time elapsed: 00:00:00
----------------------------------------------------------

74/164 Testing: t_usR_128K_8K
74/164 Test: t_usR_128K_8K
Command: "/home/ubuntu/sponge/txrx.sh" "-usRd" "128K" "-w" "8K"
Directory: /home/ubuntu/sponge/build
"t_usR_128K_8K" start time: Jan 31 10:22 UTC
Output:
----------------------------------------------------------
DEBUG: Listening for incoming connection...
DEBUG: Connecting to 169.254.144.1:28454...
Successfully connected to 169.254.144.1:28454.
New connection from 169.254.144.1:52173.
DEBUG: Outbound stream to 169.254.144.1:52173 finished (1 byte still in flight).
DEBUG: Inbound stream from 169.254.144.1:28454 finished cleanly.
DEBUG: Outbound stream to 169.254.144.1:52173 has been fully acknowledged.
DEBUG: Waiting for clean shutdown... DEBUG: Outbound stream to 169.254.144.1:28454 finished (7192 bytes still in flight).
DEBUG: Waiting for clean shutdown... DEBUG: Inbound stream from 169.254.144.1:52173 finished cleanly.
DEBUG: Waiting for lingering segments (e.g. retransmissions of FIN) from peer...
DEBUG: Outbound stream to 169.254.144.1:28454 has been fully acknowledged.
DEBUG: TCP connection finished cleanly.
done.
DEBUG: TCP connection finished cleanly.
done.
<end of output>
Test time =   0.28 sec
----------------------------------------------------------
Test Passed.
"t_usR_128K_8K" end time: Jan 31 10:22 UTC
"t_usR_128K_8K" time elapsed: 00:00:00
----------------------------------------------------------

75/164 Testing: t_usR_16_1
75/164 Test: t_usR_16_1
Command: "/home/ubuntu/sponge/txrx.sh" "-usRd" "16" "-w" "1"
Directory: /home/ubuntu/sponge/build
"t_usR_16_1" start time: Jan 31 10:22 UTC
Output:
----------------------------------------------------------
DEBUG: Listening for incoming connection...
DEBUG: Connecting to 169.254.144.1:6082...
Successfully connected to 169.254.144.1:6082.
New connection from 169.254.144.1:38779.
DEBUG: Outbound stream to 169.254.144.1:38779 finished (1 byte still in flight).
DEBUG: Inbound stream from 169.254.144.1:6082 finished cleanly.
DEBUG: Outbound stream to 169.254.144.1:38779 has been fully acknowledged.
DEBUG: Waiting for clean shutdown... DEBUG: Outbound stream to 169.254.144.1:6082 finished (1 byte still in flight).
DEBUG: Waiting for clean shutdown... DEBUG: Inbound stream from 169.254.144.1:38779 finished cleanly.
DEBUG: Waiting for lingering segments (e.g. retransmissions of FIN) from peer...
DEBUG: Outbound stream to 169.254.144.1:6082 has been fully acknowledged.
DEBUG: TCP connection finished cleanly.
done.
DEBUG: TCP connection finished cleanly.
done.
<end of output>
Test time =   0.25 sec
----------------------------------------------------------
Test Passed.
"t_usR_16_1" end time: Jan 31 10:22 UTC
"t_usR_16_1" time elapsed: 00:00:00
----------------------------------------------------------

76/164 Testing: t_usR_32K_d
76/164 Test: t_usR_32K_d
Command: "/home/ubuntu/sponge/txrx.sh" "-usRd" "32K"
Directory: /home/ubuntu/sponge/build
"t_usR_32K_d" start time: Jan 31 10:22 UTC
Output:
----------------------------------------------------------
DEBUG: Listening for incoming connection...
DEBUG: Connecting to 169.254.144.1:13792...
Successfully connected to 169.254.144.1:13792.
New connection from 169.254.144.1:35334.
DEBUG: Outbound stream to 169.254.144.1:35334 finished (1 byte still in flight).
DEBUG: Inbound stream from 169.254.144.1:13792 finished cleanly.
DEBUG: Outbound stream to 169.254.144.1:35334 has been fully acknowledged.
DEBUG: Waiting for clean shutdown... DEBUG: Outbound stream to 169.254.144.1:13792 finished (31769 bytes still in flight).
DEBUG: Outbound stream to 169.254.144.1:13792 has been fully acknowledged.
DEBUG: TCP connection finished cleanly.
DEBUG: Inbound stream from 169.254.144.1:35334 finished cleanly.
DEBUG: Waiting for lingering segments (e.g. retransmissions of FIN) from peer...
DEBUG: Waiting for clean shutdown... done.
DEBUG: TCP connection finished cleanly.
done.
<end of output>
Test time =   0.25 sec
----------------------------------------------------------
Test Passed.
"t_usR_32K_d" end time: Jan 31 10:22 UTC
"t_usR_32K_d" time elapsed: 00:00:00
----------------------------------------------------------

77/164 Testing: t_usD_1M_32k
77/164 Test: t_usD_1M_32k
Command: "/home/ubuntu/sponge/txrx.sh" "-usDd" "1M" "-w" "32K"
Directory: /home/ubuntu/sponge/build
"t_usD_1M_32k" start time: Jan 31 10:22 UTC
Output:
----------------------------------------------------------
DEBUG: Listening for incoming connection...
DEBUG: Connecting to 169.254.144.1:11930...
Successfully connected to 169.254.144.1:11930.
New connection from 169.254.144.1:36986.
DEBUG: Outbound stream to 169.254.144.1:36986 finished (31768 bytes still in flight).
DEBUG: Outbound stream to 169.254.144.1:11930 finished (31768 bytes still in flight).
DEBUG: Waiting for clean shutdown... DEBUG: Inbound stream from 169.254.144.1:36986 finished cleanly.
DEBUG: Inbound stream from 169.254.144.1:11930 finished cleanly.
DEBUG: Outbound stream to 169.254.144.1:11930 has been fully acknowledged.
DEBUG: Waiting for clean shutdown... DEBUG: Outbound stream to 169.254.144.1:36986 has been fully acknowledged.
DEBUG: TCP connection finished cleanly.
done.
DEBUG: TCP connection finished cleanly.
done.
<end of output>
Test time =   0.45 sec
----------------------------------------------------------
Test Passed.
"t_usD_1M_32k" end time: Jan 31 10:22 UTC
"t_usD_1M_32k" time elapsed: 00:00:00
----------------------------------------------------------

78/164 Testing: t_usD_128K_8K
78/164 Test: t_usD_128K_8K
Command: "/home/ubuntu/sponge/txrx.sh" "-usDd" "128K" "-w" "8K"
Directory: /home/ubuntu/sponge/build
"t_usD_128K_8K" start time: Jan 31 10:22 UTC
Output:
----------------------------------------------------------
DEBUG: Listening for incoming connection...
DEBUG: Connecting to 169.254.144.1:28958...
Successfully connected to 169.254.144.1:28958.
New connection from 169.254.144.1:43894.
DEBUG: Outbound stream to 169.254.144.1:43894 finished (7192 bytes still in flight).
DEBUG: Outbound stream to 169.254.144.1:28958 finished (6192 bytes still in flight).
DEBUG: Inbound stream from 169.254.144.1:28958 finished cleanly.
DEBUG: Outbound stream to 169.254.144.1:43894 has been fully acknowledged.
DEBUG: Waiting for clean shutdown... DEBUG: Inbound stream from 169.254.144.1:43894 finished cleanly.
DEBUG: Waiting for lingering segments (e.g. retransmissions of FIN) from peer...
DEBUG: Waiting for clean shutdown... DEBUG: Outbound stream to 169.254.144.1:28958 has been fully acknowledged.
DEBUG: TCP connection finished cleanly.
done.
DEBUG: TCP connection finished cleanly.
done.
<end of output>
Test time =   0.30 sec
----------------------------------------------------------
Test Passed.
"t_usD_128K_8K" end time: Jan 31 10:22 UTC
"t_usD_128K_8K" time elapsed: 00:00:00
----------------------------------------------------------

79/164 Testing: t_usD_16_1
79/164 Test: t_usD_16_1
Command: "/home/ubuntu/sponge/txrx.sh" "-usDd" "16" "-w" "1"
Directory: /home/ubuntu/sponge/build
"t_usD_16_1" start time: Jan 31 10:22 UTC
Output:
----------------------------------------------------------
DEBUG: Listening for incoming connection...
DEBUG: Connecting to 169.254.144.1:29475...
Successfully connected to 169.254.144.1:29475.
New connection from 169.254.144.1:45680.
DEBUG: Outbound stream to 169.254.144.1:29475 finished (1 byte still in flight).
DEBUG: Inbound stream from 169.254.144.1:45680 finished cleanly.
DEBUG: Outbound stream to 169.254.144.1:29475 has been fully acknowledged.
DEBUG: Outbound stream to 169.254.144.1:45680 finished (1 byte still in flight).
DEBUG: Waiting for clean shutdown... DEBUG: Waiting for clean shutdown... DEBUG: Inbound stream from 169.254.144.1:29475 finished cleanly.
DEBUG: Waiting for lingering segments (e.g. retransmissions of FIN) from peer...
DEBUG: Outbound stream to 169.254.144.1:45680 has been fully acknowledged.
DEBUG: TCP connection finished cleanly.
done.
DEBUG: TCP connection finished cleanly.
done.
<end of output>
Test time =   0.26 sec
----------------------------------------------------------
Test Passed.
"t_usD_16_1" end time: Jan 31 10:22 UTC
"t_usD_16_1" time elapsed: 00:00:00
----------------------------------------------------------

80/164 Testing: t_usD_32K_d
80/164 Test: t_usD_32K_d
Command: "/home/ubuntu/sponge/txrx.sh" "-usDd" "32K"
Directory: /home/ubuntu/sponge/build
"t_usD_32K_d" start time: Jan 31 10:22 UTC
Output:
----------------------------------------------------------
DEBUG: Listening for incoming connection...
DEBUG: Connecting to 169.254.144.1:3454...
Successfully connected to 169.254.144.1:3454.
New connection from 169.254.144.1:46560.
DEBUG: Outbound stream to 169.254.144.1:3454 finished (32769 bytes still in flight).
DEBUG: Outbound stream to 169.254.144.1:46560 finished (32769 bytes still in flight).
DEBUG: Inbound stream from 169.254.144.1:3454 finished cleanly.
DEBUG: Waiting for clean shutdown... DEBUG: Inbound stream from 169.254.144.1:46560 finished cleanly.
DEBUG: Outbound stream to 169.254.144.1:46560 has been fully acknowledged.
DEBUG: Waiting for clean shutdown... DEBUG: Outbound stream to 169.254.144.1:3454 has been fully acknowledged.
DEBUG: TCP connection finished cleanly.
done.
DEBUG: TCP connection finished cleanly.
done.
<end of output>
Test time =   0.26 sec
----------------------------------------------------------
Test Passed.
"t_usD_32K_d" end time: Jan 31 10:22 UTC
"t_usD_32K_d" time elapsed: 00:00:00
----------------------------------------------------------

81/164 Testing: t_ucS_128K_8K_l
81/164 Test: t_ucS_128K_8K_l
Command: "/home/ubuntu/sponge/txrx.sh" "-ucSd" "128K" "-w" "8K" "-l" "0.1"
Directory: /home/ubuntu/sponge/build
"t_ucS_128K_8K_l" start time: Jan 31 10:22 UTC
Output:
----------------------------------------------------------
DEBUG: Listening for incoming connection...
DEBUG: Connecting to 169.254.144.1:30272...
Successfully connected to 169.254.144.1:30272.
New connection from 169.254.144.1:37268.
DEBUG: Outbound stream to 169.254.144.1:37268 finished (1 byte still in flight).
DEBUG: Inbound stream from 169.254.144.1:30272 finished cleanly.
DEBUG: Outbound stream to 169.254.144.1:37268 has been fully acknowledged.
DEBUG: Waiting for clean shutdown... DEBUG: Outbound stream to 169.254.144.1:30272 finished (7192 bytes still in flight).
DEBUG: Inbound stream from 169.254.144.1:37268 finished cleanly.
DEBUG: Waiting for lingering segments (e.g. retransmissions of FIN) from peer...
DEBUG: Waiting for clean shutdown... DEBUG: Outbound stream to 169.254.144.1:30272 has been fully acknowledged.
DEBUG: TCP connection finished cleanly.
done.
DEBUG: TCP connection finished cleanly.
done.
<end of output>
Test time =   0.29 sec
----------------------------------------------------------
Test Passed.
"t_ucS_128K_8K_l" end time: Jan 31 10:22 UTC
"t_ucS_128K_8K_l" time elapsed: 00:00:00
----------------------------------------------------------

82/164 Testing: t_ucS_128K_8K_L
82/164 Test: t_ucS_128K_8K_L
Command: "/home/ubuntu/sponge/txrx.sh" "-ucSd" "128K" "-w" "8K" "-L" "0.1"
Directory: /home/ubuntu/sponge/build
"t_ucS_128K_8K_L" start time: Jan 31 10:22 UTC
Output:
----------------------------------------------------------
DEBUG: Listening for incoming connection...
DEBUG: Connecting to 169.254.144.1:19791...
Successfully connected to 169.254.144.1:19791.
New connection from 169.254.144.1:60898.
DEBUG: Outbound stream to 169.254.144.1:60898 finished (1 byte still in flight).
DEBUG: Inbound stream from 169.254.144.1:19791 finished cleanly.
DEBUG: Outbound stream to 169.254.144.1:60898 has been fully acknowledged.
DEBUG: Waiting for clean shutdown... DEBUG: Outbound stream to 169.254.144.1:19791 finished (6192 bytes still in flight).
DEBUG: Waiting for clean shutdown... DEBUG: Inbound stream from 169.254.144.1:60898 finished cleanly.
DEBUG: Waiting for lingering segments (e.g. retransmissions of FIN) from peer...
[...]
DEBUG: Inbound stream from 169.254.144.9:11206 finished cleanly.
DEBUG: Waiting for lingering segments (e.g. retransmissions of FIN) from peer...
DEBUG: Waiting for clean shutdown... DEBUG: Outbound stream to 169.254.144.1:37055 has been fully acknowledged.
DEBUG: TCP connection finished cleanly.
done.
DEBUG: TCP connection finished cleanly.
done.
<end of output>
Test time =   0.40 sec
----------------------------------------------------------
Test Passed.
"t_isD_128K_8K_L" end time: Jan 31 10:22 UTC
"t_isD_128K_8K_L" time elapsed: 00:00:00
----------------------------------------------------------

146/164 Testing: t_isD_128K_8K_lL
146/164 Test: t_isD_128K_8K_lL
Command: "/home/ubuntu/sponge/txrx.sh" "-isDd" "128K" "-w" "8K" "-l" "0.1" "-L" "0.1"
Directory: /home/ubuntu/sponge/build
"t_isD_128K_8K_lL" start time: Jan 31 10:22 UTC
Output:
----------------------------------------------------------
DEBUG: Listening for incoming connection...
DEBUG: Connecting to 169.254.144.9:3522...
Successfully connected to 169.254.144.9:3522.
New connection from 169.254.144.1:8526.
DEBUG: Outbound stream to 169.254.144.1:8526 finished (7192 bytes still in flight).
DEBUG: Outbound stream to 169.254.144.9:3522 finished (8192 bytes still in flight).
DEBUG: Inbound stream from 169.254.144.9:3522 finished cleanly.
DEBUG: Outbound stream to 169.254.144.1:8526 has been fully acknowledged.
DEBUG: Waiting for clean shutdown... DEBUG: Inbound stream from 169.254.144.1:8526 finished cleanly.
DEBUG: Waiting for lingering segments (e.g. retransmissions of FIN) from peer...
DEBUG: Waiting for clean shutdown... DEBUG: Outbound stream to 169.254.144.9:3522 has been fully acknowledged.
DEBUG: TCP connection finished cleanly.
done.
DEBUG: TCP connection finished cleanly.
done.
<end of output>
Test time =   0.57 sec
----------------------------------------------------------
Test Passed.
"t_isD_128K_8K_lL" end time: Jan 31 10:22 UTC
"t_isD_128K_8K_lL" time elapsed: 00:00:00
----------------------------------------------------------

147/164 Testing: t_icnS_128K_8K_l
147/164 Test: t_icnS_128K_8K_l
Command: "/home/ubuntu/sponge/txrx.sh" "-icSnd" "128K" "-w" "8K" "-l" "0.1"
Directory: /home/ubuntu/sponge/build
"t_icnS_128K_8K_l" start time: Jan 31 10:22 UTC
Output:
----------------------------------------------------------
DEBUG: Connecting to 169.254.144.1:28127...
Successfully connected to 169.254.144.1:28127.
DEBUG: Outbound stream to 169.254.144.1:28127 finished (61000 bytes still in flight).
DEBUG: Waiting for clean shutdown... DEBUG: Inbound stream from 169.254.144.1:28127 finished cleanly.
DEBUG: Outbound stream to 169.254.144.1:28127 has been fully acknowledged.
DEBUG: TCP connection finished cleanly.
done.
<end of output>
Test time =   0.16 sec
----------------------------------------------------------
Test Passed.
"t_icnS_128K_8K_l" end time: Jan 31 10:22 UTC
"t_icnS_128K_8K_l" time elapsed: 00:00:00
----------------------------------------------------------

148/164 Testing: t_icnS_128K_8K_L
148/164 Test: t_icnS_128K_8K_L
Command: "/home/ubuntu/sponge/txrx.sh" "-icSnd" "128K" "-w" "8K" "-L" "0.1"
Directory: /home/ubuntu/sponge/build
"t_icnS_128K_8K_L" start time: Jan 31 10:22 UTC
Output:
----------------------------------------------------------
DEBUG: Connecting to 169.254.144.1:24923...
Successfully connected to 169.254.144.1:24923.
DEBUG: Inbound stream from 169.254.144.1:24923 finished cleanly.
DEBUG: Waiting for clean shutdown... DEBUG: Outbound stream to 169.254.144.1:24923 finished (64833 bytes still in flight).
DEBUG: Outbound stream to 169.254.144.1:24923 has been fully acknowledged.
DEBUG: TCP connection finished cleanly.
done.
<end of output>
Test time =   0.26 sec
----------------------------------------------------------
Test Passed.
"t_icnS_128K_8K_L" end time: Jan 31 10:22 UTC
"t_icnS_128K_8K_L" time elapsed: 00:00:00
----------------------------------------------------------

149/164 Testing: t_icnS_128K_8K_lL
149/164 Test: t_icnS_128K_8K_lL
Command: "/home/ubuntu/sponge/txrx.sh" "-icSnd" "128K" "-w" "8K" "-l" "0.1" "-L" "0.1"
Directory: /home/ubuntu/sponge/build
"t_icnS_128K_8K_lL" start time: Jan 31 10:22 UTC
Output:
----------------------------------------------------------
DEBUG: Connecting to 169.254.144.1:23156...
Successfully connected to 169.254.144.1:23156.
DEBUG: Inbound stream from 169.254.144.1:23156 finished cleanly.
DEBUG: Waiting for clean shutdown... DEBUG: Outbound stream to 169.254.144.1:23156 finished (36000 bytes still in flight).
DEBUG: Outbound stream to 169.254.144.1:23156 has been fully acknowledged.
DEBUG: TCP connection finished cleanly.
done.
<end of output>
Test time =   0.51 sec
----------------------------------------------------------
Test Passed.
"t_icnS_128K_8K_lL" end time: Jan 31 10:22 UTC
"t_icnS_128K_8K_lL" time elapsed: 00:00:00
----------------------------------------------------------

150/164 Testing: t_icnR_128K_8K_l
150/164 Test: t_icnR_128K_8K_l
Command: "/home/ubuntu/sponge/txrx.sh" "-icRnd" "128K" "-w" "8K" "-l" "0.1"
Directory: /home/ubuntu/sponge/build
"t_icnR_128K_8K_l" start time: Jan 31 10:22 UTC
Output:
----------------------------------------------------------
DEBUG: Connecting to 169.254.144.1:7003...
Successfully connected to 169.254.144.1:7003.
DEBUG: Outbound stream to 169.254.144.1:7003 finished (1 byte still in flight).
DEBUG: Outbound stream to 169.254.144.1:7003 has been fully acknowledged.
DEBUG: Waiting for clean shutdown... DEBUG: Inbound stream from 169.254.144.1:7003 finished cleanly.
DEBUG: Waiting for lingering segments (e.g. retransmissions of FIN) from peer...
DEBUG: TCP connection finished cleanly.
done.
<end of output>
Test time =   0.44 sec
----------------------------------------------------------
Test Passed.
"t_icnR_128K_8K_l" end time: Jan 31 10:22 UTC
"t_icnR_128K_8K_l" time elapsed: 00:00:00
----------------------------------------------------------

151/164 Testing: t_icnR_128K_8K_L
151/164 Test: t_icnR_128K_8K_L
Command: "/home/ubuntu/sponge/txrx.sh" "-icRnd" "128K" "-w" "8K" "-L" "0.1"
Directory: /home/ubuntu/sponge/build
"t_icnR_128K_8K_L" start time: Jan 31 10:22 UTC
Output:
----------------------------------------------------------
DEBUG: Connecting to 169.254.144.1:31040...
Successfully connected to 169.254.144.1:31040.
DEBUG: Outbound stream to 169.254.144.1:31040 finished (1 byte still in flight).
DEBUG: Outbound stream to 169.254.144.1:31040 has been fully acknowledged.
DEBUG: Waiting for clean shutdown... DEBUG: Inbound stream from 169.254.144.1:31040 finished cleanly.
DEBUG: Waiting for lingering segments (e.g. retransmissions of FIN) from peer...
DEBUG: TCP connection finished cleanly.
done.
<end of output>
Test time =   0.31 sec
----------------------------------------------------------
Test Passed.
"t_icnR_128K_8K_L" end time: Jan 31 10:22 UTC
"t_icnR_128K_8K_L" time elapsed: 00:00:00
----------------------------------------------------------

152/164 Testing: t_icnR_128K_8K_lL
152/164 Test: t_icnR_128K_8K_lL
Command: "/home/ubuntu/sponge/txrx.sh" "-icRnd" "128K" "-w" "8K" "-l" "0.1" "-L" "0.1"
Directory: /home/ubuntu/sponge/build
"t_icnR_128K_8K_lL" start time: Jan 31 10:22 UTC
Output:
----------------------------------------------------------
DEBUG: Connecting to 169.254.144.1:25721...
Successfully connected to 169.254.144.1:25721.
DEBUG: Outbound stream to 169.254.144.1:25721 finished (1 byte still in flight).
DEBUG: Outbound stream to 169.254.144.1:25721 has been fully acknowledged.
DEBUG: Inbound stream from 169.254.144.1:25721 finished cleanly.
DEBUG: Waiting for lingering segments (e.g. retransmissions of FIN) from peer...
DEBUG: Waiting for clean shutdown... DEBUG: TCP connection finished cleanly.
done.
<end of output>
Test time =   0.73 sec
----------------------------------------------------------
Test Passed.
"t_icnR_128K_8K_lL" end time: Jan 31 10:22 UTC
"t_icnR_128K_8K_lL" time elapsed: 00:00:00
----------------------------------------------------------

153/164 Testing: t_icnD_128K_8K_l
153/164 Test: t_icnD_128K_8K_l
Command: "/home/ubuntu/sponge/txrx.sh" "-icDnd" "128K" "-w" "8K" "-l" "0.1"
Directory: /home/ubuntu/sponge/build
"t_icnD_128K_8K_l" start time: Jan 31 10:22 UTC
Output:
----------------------------------------------------------
DEBUG: Connecting to 169.254.144.1:21771...
Successfully connected to 169.254.144.1:21771.
DEBUG: Outbound stream to 169.254.144.1:21771 finished (57000 bytes still in flight).
DEBUG: Outbound stream to 169.254.144.1:21771 has been fully acknowledged.
DEBUG: Waiting for clean shutdown... DEBUG: Inbound stream from 169.254.144.1:21771 finished cleanly.
DEBUG: Waiting for lingering segments (e.g. retransmissions of FIN) from peer...
DEBUG: TCP connection finished cleanly.
done.
<end of output>
Test time =   0.45 sec
----------------------------------------------------------
Test Passed.
"t_icnD_128K_8K_l" end time: Jan 31 10:22 UTC
"t_icnD_128K_8K_l" time elapsed: 00:00:00
----------------------------------------------------------

154/164 Testing: t_icnD_128K_8K_L
154/164 Test: t_icnD_128K_8K_L
Command: "/home/ubuntu/sponge/txrx.sh" "-icDnd" "128K" "-w" "8K" "-L" "0.1"
Directory: /home/ubuntu/sponge/build
"t_icnD_128K_8K_L" start time: Jan 31 10:22 UTC
Output:
----------------------------------------------------------
DEBUG: Connecting to 169.254.144.1:13050...
Successfully connected to 169.254.144.1:13050.
DEBUG: Outbound stream to 169.254.144.1:13050 finished (29000 bytes still in flight).
DEBUG: Inbound stream from DEBUG: Waiting for clean shutdown... 169.254.144.1:13050 finished cleanly.
DEBUG: Outbound stream to 169.254.144.1:13050 has been fully acknowledged.
DEBUG: TCP connection finished cleanly.
done.
<end of output>
Test time =   0.23 sec
----------------------------------------------------------
Test Passed.
"t_icnD_128K_8K_L" end time: Jan 31 10:22 UTC
"t_icnD_128K_8K_L" time elapsed: 00:00:00
----------------------------------------------------------

155/164 Testing: t_icnD_128K_8K_lL
155/164 Test: t_icnD_128K_8K_lL
Command: "/home/ubuntu/sponge/txrx.sh" "-icDnd" "128K" "-w" "8K" "-l" "0.1" "-L" "0.1"
Directory: /home/ubuntu/sponge/build
"t_icnD_128K_8K_lL" start time: Jan 31 10:22 UTC
Output:
----------------------------------------------------------
DEBUG: Connecting to 169.254.144.1:9313...
Successfully connected to 169.254.144.1:9313.
DEBUG: Outbound stream to 169.254.144.1:9313 finished (34000 bytes still in flight).
DEBUG: Outbound stream to 169.254.144.1:9313 has been fully acknowledged.
DEBUG: Inbound stream from 169.254.144.1:9313 finished cleanly.
DEBUG: Waiting for lingering segments (e.g. retransmissions of FIN) from peer...
DEBUG: Waiting for clean shutdown... DEBUG: TCP connection finished cleanly.
done.
<end of output>
Test time =   1.07 sec
----------------------------------------------------------
Test Passed.
"t_icnD_128K_8K_lL" end time: Jan 31 10:22 UTC
"t_icnD_128K_8K_lL" time elapsed: 00:00:01
----------------------------------------------------------

156/164 Testing: t_isnS_128K_8K_l
156/164 Test: t_isnS_128K_8K_l
Command: "/home/ubuntu/sponge/txrx.sh" "-isSnd" "128K" "-w" "8K" "-l" "0.1"
Directory: /home/ubuntu/sponge/build
"t_isnS_128K_8K_l" start time: Jan 31 10:22 UTC
Output:
----------------------------------------------------------
DEBUG: Listening for incoming connection...
New connection from 169.254.144.1:36900.
DEBUG: Inbound stream from 169.254.144.1:36900 finished cleanly.
DEBUG: Waiting for clean shutdown... DEBUG: Outbound stream to 169.254.144.1:36900 finished (63000 bytes still in flight).
DEBUG: Outbound stream to 169.254.144.1:36900 has been fully acknowledged.
DEBUG: TCP connection finished cleanly.
done.
<end of output>
Test time =   0.20 sec
----------------------------------------------------------
Test Passed.
"t_isnS_128K_8K_l" end time: Jan 31 10:22 UTC
"t_isnS_128K_8K_l" time elapsed: 00:00:00
----------------------------------------------------------

157/164 Testing: t_isnS_128K_8K_L
157/164 Test: t_isnS_128K_8K_L
Command: "/home/ubuntu/sponge/txrx.sh" "-isSnd" "128K" "-w" "8K" "-L" "0.1"
Directory: /home/ubuntu/sponge/build
"t_isnS_128K_8K_L" start time: Jan 31 10:22 UTC
Output:
----------------------------------------------------------
DEBUG: Listening for incoming connection...
New connection from 169.254.144.1:49564.
DEBUG: Inbound stream from 169.254.144.1:49564 finished cleanly.
DEBUG: Waiting for clean shutdown... DEBUG: Outbound stream to 169.254.144.1:49564 finished (44000 bytes still in flight).
DEBUG: Outbound stream to 169.254.144.1:49564 has been fully acknowledged.
DEBUG: TCP connection finished cleanly.
done.
<end of output>
Test time =   0.51 sec
----------------------------------------------------------
Test Passed.
"t_isnS_128K_8K_L" end time: Jan 31 10:22 UTC
"t_isnS_128K_8K_L" time elapsed: 00:00:00
----------------------------------------------------------

158/164 Testing: t_isnS_128K_8K_lL
158/164 Test: t_isnS_128K_8K_lL
Command: "/home/ubuntu/sponge/txrx.sh" "-isSnd" "128K" "-w" "8K" "-l" "0.1" "-L" "0.1"
Directory: /home/ubuntu/sponge/build
"t_isnS_128K_8K_lL" start time: Jan 31 10:22 UTC
Output:
----------------------------------------------------------
DEBUG: Listening for incoming connection...
New connection from 169.254.144.1:57592.
DEBUG: Inbound stream from 169.254.144.1:57592 finished cleanly.
DEBUG: Waiting for clean shutdown... DEBUG: Outbound stream to 169.254.144.1:57592 finished (48000 bytes still in flight).
DEBUG: Outbound stream to 169.254.144.1:57592 has been fully acknowledged.
DEBUG: TCP connection finished cleanly.
done.
<end of output>
Test time =   0.34 sec
----------------------------------------------------------
Test Passed.
"t_isnS_128K_8K_lL" end time: Jan 31 10:22 UTC
"t_isnS_128K_8K_lL" time elapsed: 00:00:00
----------------------------------------------------------

159/164 Testing: t_isnR_128K_8K_l
159/164 Test: t_isnR_128K_8K_l
Command: "/home/ubuntu/sponge/txrx.sh" "-isRnd" "128K" "-w" "8K" "-l" "0.1"
Directory: /home/ubuntu/sponge/build
"t_isnR_128K_8K_l" start time: Jan 31 10:22 UTC
Output:
----------------------------------------------------------
DEBUG: Listening for incoming connection...
New connection from 169.254.144.1:44806.
DEBUG: Outbound stream to 169.254.144.1:44806 finished (1 byte still in flight).
DEBUG: Outbound stream to 169.254.144.1:44806 has been fully acknowledged.
DEBUG: Waiting for clean shutdown... DEBUG: Inbound stream from 169.254.144.1:44806 finished cleanly.
DEBUG: Waiting for lingering segments (e.g. retransmissions of FIN) from peer...
DEBUG: TCP connection finished cleanly.
done.
<end of output>
Test time =   0.64 sec
----------------------------------------------------------
Test Passed.
"t_isnR_128K_8K_l" end time: Jan 31 10:22 UTC
"t_isnR_128K_8K_l" time elapsed: 00:00:00
----------------------------------------------------------

160/164 Testing: t_isnR_128K_8K_L
160/164 Test: t_isnR_128K_8K_L
Command: "/home/ubuntu/sponge/txrx.sh" "-isRnd" "128K" "-w" "8K" "-L" "0.1"
Directory: /home/ubuntu/sponge/build
"t_isnR_128K_8K_L" start time: Jan 31 10:22 UTC
Output:
----------------------------------------------------------
DEBUG: Listening for incoming connection...
New connection from 169.254.144.1:43112.
DEBUG: Outbound stream to 169.254.144.1:43112 finished (1 byte still in flight).
DEBUG: Outbound stream to 169.254.144.1:43112 has been fully acknowledged.
DEBUG: Waiting for clean shutdown... DEBUG: Inbound stream from 169.254.144.1:43112 finished cleanly.
DEBUG: Waiting for lingering segments (e.g. retransmissions of FIN) from peer...
DEBUG: TCP connection finished cleanly.
done.
<end of output>
Test time =   0.28 sec
----------------------------------------------------------
Test Passed.
"t_isnR_128K_8K_L" end time: Jan 31 10:22 UTC
"t_isnR_128K_8K_L" time elapsed: 00:00:00
----------------------------------------------------------

161/164 Testing: t_isnR_128K_8K_lL
161/164 Test: t_isnR_128K_8K_lL
Command: "/home/ubuntu/sponge/txrx.sh" "-isRnd" "128K" "-w" "8K" "-l" "0.1" "-L" "0.1"
Directory: /home/ubuntu/sponge/build
"t_isnR_128K_8K_lL" start time: Jan 31 10:22 UTC
Output:
----------------------------------------------------------
DEBUG: Listening for incoming connection...
New connection from 169.254.144.1:39014.
DEBUG: Outbound stream to 169.254.144.1:39014 finished (1 byte still in flight).
DEBUG: Outbound stream to 169.254.144.1:39014 has been fully acknowledged.
DEBUG: Waiting for clean shutdown... DEBUG: Inbound stream from 169.254.144.1:39014 finished cleanly.
DEBUG: Waiting for lingering segments (e.g. retransmissions of FIN) from peer...
DEBUG: TCP connection finished cleanly.
done.
<end of output>
Test time =   0.63 sec
----------------------------------------------------------
Test Passed.
"t_isnR_128K_8K_lL" end time: Jan 31 10:22 UTC
"t_isnR_128K_8K_lL" time elapsed: 00:00:00
----------------------------------------------------------

162/164 Testing: t_isnD_128K_8K_l
162/164 Test: t_isnD_128K_8K_l
Command: "/home/ubuntu/sponge/txrx.sh" "-isDnd" "128K" "-w" "8K" "-l" "0.1"
Directory: /home/ubuntu/sponge/build
"t_isnD_128K_8K_l" start time: Jan 31 10:22 UTC
Output:
----------------------------------------------------------
DEBUG: Listening for incoming connection...
New connection from 169.254.144.1:40832.
DEBUG: Outbound stream to 169.254.144.1:40832 finished (61000 bytes still in flight).
DEBUG: Outbound stream to 169.254.144.1:40832 has been fully acknowledged.
DEBUG: Inbound stream from 169.254.144.1:40832 finished cleanly.
DEBUG: Waiting for lingering segments (e.g. retransmissions of FIN) from peer...
DEBUG: Waiting for clean shutdown... DEBUG: TCP connection finished cleanly.
done.
<end of output>
Test time =   1.06 sec
----------------------------------------------------------
Test Passed.
"t_isnD_128K_8K_l" end time: Jan 31 10:22 UTC
"t_isnD_128K_8K_l" time elapsed: 00:00:01
----------------------------------------------------------

163/164 Testing: t_isnD_128K_8K_L
163/164 Test: t_isnD_128K_8K_L
Command: "/home/ubuntu/sponge/txrx.sh" "-isDnd" "128K" "-w" "8K" "-L" "0.1"
Directory: /home/ubuntu/sponge/build
"t_isnD_128K_8K_L" start time: Jan 31 10:22 UTC
Output:
----------------------------------------------------------
DEBUG: Listening for incoming connection...
New connection from 169.254.144.1:44860.
DEBUG: Waiting for clean shutdown... DEBUG: Inbound stream from 169.254.144.1:44860 finished cleanly.
DEBUG: Outbound stream to 169.254.144.1:44860 finished (24000 bytes still in flight).
DEBUG: Outbound stream to 169.254.144.1:44860 has been fully acknowledged.
DEBUG: TCP connection finished cleanly.
done.
<end of output>
Test time =   0.28 sec
----------------------------------------------------------
Test Passed.
"t_isnD_128K_8K_L" end time: Jan 31 10:22 UTC
"t_isnD_128K_8K_L" time elapsed: 00:00:00
----------------------------------------------------------

164/164 Testing: t_isnD_128K_8K_lL
164/164 Test: t_isnD_128K_8K_lL
Command: "/home/ubuntu/sponge/txrx.sh" "-isDnd" "128K" "-w" "8K" "-l" "0.1" "-L" "0.1"
Directory: /home/ubuntu/sponge/build
"t_isnD_128K_8K_lL" start time: Jan 31 10:22 UTC
Output:
----------------------------------------------------------
DEBUG: Listening for incoming connection...
New connection from 169.254.144.1:60356.
DEBUG: Outbound stream to 169.254.144.1:60356 finished (39000 bytes still in flight).
DEBUG: Waiting for clean shutdown... DEBUG: Inbound stream from 169.254.144.1:60356 finished cleanly.
DEBUG: Outbound stream to 169.254.144.1:60356 has been fully acknowledged.
DEBUG: TCP connection finished cleanly.
done.
<end of output>
Test time =   0.45 sec
----------------------------------------------------------
Test Passed.
"t_isnD_128K_8K_lL" end time: Jan 31 10:22 UTC
"t_isnD_128K_8K_lL" time elapsed: 00:00:00
----------------------------------------------------------

End testing: Jan 31 10:22 UTC
